mode: set
github.com/pingcap/tidb/owner/manager.go:90.107,101.2 2 1
github.com/pingcap/tidb/owner/manager.go:104.36,106.2 1 0
github.com/pingcap/tidb/owner/manager.go:109.39,111.2 1 1
github.com/pingcap/tidb/owner/manager.go:114.33,116.2 1 1
github.com/pingcap/tidb/owner/manager.go:122.35,124.22 2 1
github.com/pingcap/tidb/owner/manager.go:127.2,128.16 2 0
github.com/pingcap/tidb/owner/manager.go:131.2,132.12 2 0
github.com/pingcap/tidb/owner/manager.go:124.22,126.3 1 1
github.com/pingcap/tidb/owner/manager.go:128.16,130.3 1 0
github.com/pingcap/tidb/owner/manager.go:136.131,141.32 4 1
github.com/pingcap/tidb/owner/manager.go:176.2,176.39 1 1
github.com/pingcap/tidb/owner/manager.go:141.32,142.46 1 1
github.com/pingcap/tidb/owner/manager.go:146.3,146.61 1 1
github.com/pingcap/tidb/owner/manager.go:154.3,154.59 1 1
github.com/pingcap/tidb/owner/manager.go:162.3,166.17 4 1
github.com/pingcap/tidb/owner/manager.go:169.3,169.36 1 0
github.com/pingcap/tidb/owner/manager.go:173.3,174.14 2 0
github.com/pingcap/tidb/owner/manager.go:142.46,144.4 1 1
github.com/pingcap/tidb/owner/manager.go:146.61,147.18 1 0
github.com/pingcap/tidb/owner/manager.go:147.18,148.43 1 0
github.com/pingcap/tidb/owner/manager.go:148.43,150.6 1 0
github.com/pingcap/tidb/owner/manager.go:154.59,155.18 1 0
github.com/pingcap/tidb/owner/manager.go:155.18,156.62 1 0
github.com/pingcap/tidb/owner/manager.go:156.62,158.6 1 0
github.com/pingcap/tidb/owner/manager.go:166.17,167.9 1 1
github.com/pingcap/tidb/owner/manager.go:169.36,171.4 1 0
github.com/pingcap/tidb/owner/manager.go:180.65,183.16 3 1
github.com/pingcap/tidb/owner/manager.go:186.2,187.12 2 1
github.com/pingcap/tidb/owner/manager.go:183.16,185.3 1 1
github.com/pingcap/tidb/owner/manager.go:191.63,193.17 2 0
github.com/pingcap/tidb/owner/manager.go:197.2,200.16 4 0
github.com/pingcap/tidb/owner/manager.go:204.2,205.12 2 0
github.com/pingcap/tidb/owner/manager.go:193.17,195.3 1 0
github.com/pingcap/tidb/owner/manager.go:200.16,202.3 1 0
github.com/pingcap/tidb/owner/manager.go:208.62,210.2 1 1
github.com/pingcap/tidb/owner/manager.go:213.38,215.2 1 1
github.com/pingcap/tidb/owner/manager.go:217.92,220.15 3 1
github.com/pingcap/tidb/owner/manager.go:229.2,232.6 4 1
github.com/pingcap/tidb/owner/manager.go:220.15,222.31 2 1
github.com/pingcap/tidb/owner/manager.go:222.31,226.4 3 0
github.com/pingcap/tidb/owner/manager.go:232.6,233.17 1 1
github.com/pingcap/tidb/owner/manager.go:237.3,237.10 1 1
github.com/pingcap/tidb/owner/manager.go:256.3,256.56 1 1
github.com/pingcap/tidb/owner/manager.go:264.3,266.17 3 1
github.com/pingcap/tidb/owner/manager.go:271.3,272.17 2 1
github.com/pingcap/tidb/owner/manager.go:276.3,281.50 5 1
github.com/pingcap/tidb/owner/manager.go:233.17,235.4 1 1
github.com/pingcap/tidb/owner/manager.go:238.29,242.18 4 1
github.com/pingcap/tidb/owner/manager.go:247.21,250.10 3 1
github.com/pingcap/tidb/owner/manager.go:251.11,251.11 0 1
github.com/pingcap/tidb/owner/manager.go:242.18,246.5 3 1
github.com/pingcap/tidb/owner/manager.go:256.56,257.26 1 0
github.com/pingcap/tidb/owner/manager.go:261.4,261.12 1 0
github.com/pingcap/tidb/owner/manager.go:257.26,260.5 2 0
github.com/pingcap/tidb/owner/manager.go:266.17,268.12 2 1
github.com/pingcap/tidb/owner/manager.go:272.17,273.12 1 0
github.com/pingcap/tidb/owner/manager.go:285.82,293.2 4 1
github.com/pingcap/tidb/owner/manager.go:296.72,298.16 2 1
github.com/pingcap/tidb/owner/manager.go:301.2,301.24 1 1
github.com/pingcap/tidb/owner/manager.go:304.2,304.39 1 0
github.com/pingcap/tidb/owner/manager.go:298.16,300.3 1 0
github.com/pingcap/tidb/owner/manager.go:301.24,303.3 1 1
github.com/pingcap/tidb/owner/manager.go:308.103,310.16 2 1
github.com/pingcap/tidb/owner/manager.go:315.2,317.19 3 1
github.com/pingcap/tidb/owner/manager.go:322.2,322.37 1 1
github.com/pingcap/tidb/owner/manager.go:310.16,314.3 2 1
github.com/pingcap/tidb/owner/manager.go:317.19,320.3 2 0
github.com/pingcap/tidb/owner/manager.go:325.102,330.6 5 1
github.com/pingcap/tidb/owner/manager.go:330.6,331.10 1 1
github.com/pingcap/tidb/owner/manager.go:332.30,333.11 1 1
github.com/pingcap/tidb/owner/manager.go:338.4,338.21 1 1
github.com/pingcap/tidb/owner/manager.go:344.4,344.35 1 1
github.com/pingcap/tidb/owner/manager.go:351.29,353.10 2 1
github.com/pingcap/tidb/owner/manager.go:354.21,356.10 2 1
github.com/pingcap/tidb/owner/manager.go:333.11,337.5 3 0
github.com/pingcap/tidb/owner/manager.go:338.21,342.5 3 0
github.com/pingcap/tidb/owner/manager.go:344.35,345.33 1 1
github.com/pingcap/tidb/owner/manager.go:345.33,349.6 3 1
github.com/pingcap/tidb/owner/manager.go:361.13,363.16 2 1
github.com/pingcap/tidb/owner/manager.go:363.16,365.3 1 0
github.com/pingcap/tidb/owner/manager.go:368.56,369.9 1 1
github.com/pingcap/tidb/owner/manager.go:377.2,379.53 1 1
github.com/pingcap/tidb/owner/manager.go:383.2,383.12 1 1
github.com/pingcap/tidb/owner/manager.go:370.20,371.33 1 1
github.com/pingcap/tidb/owner/manager.go:372.10,372.10 0 1
github.com/pingcap/tidb/owner/manager.go:379.53,381.3 1 0
github.com/pingcap/tidb/owner/mock.go:35.67,40.2 1 0
github.com/pingcap/tidb/owner/mock.go:43.35,45.2 1 0
github.com/pingcap/tidb/owner/mock.go:48.38,50.2 1 0
github.com/pingcap/tidb/owner/mock.go:52.35,54.2 1 0
github.com/pingcap/tidb/owner/mock.go:57.37,59.2 1 0
github.com/pingcap/tidb/owner/mock.go:62.32,64.2 1 0
github.com/pingcap/tidb/owner/mock.go:67.71,68.17 1 0
github.com/pingcap/tidb/owner/mock.go:71.2,71.35 1 0
github.com/pingcap/tidb/owner/mock.go:68.17,70.3 1 0
github.com/pingcap/tidb/owner/mock.go:75.62,78.2 2 0
github.com/pingcap/tidb/owner/mock.go:81.62,82.17 1 0
github.com/pingcap/tidb/owner/mock.go:85.2,85.12 1 0
github.com/pingcap/tidb/owner/mock.go:82.17,84.3 1 0
