mode: set
github.com/pingcap/tidb/distsql/distsql.go:35.161,37.62 1 1
github.com/pingcap/tidb/distsql/distsql.go:41.2,41.44 1 1
github.com/pingcap/tidb/distsql/distsql.go:44.2,45.17 2 1
github.com/pingcap/tidb/distsql/distsql.go:54.2,54.21 1 1
github.com/pingcap/tidb/distsql/distsql.go:64.2,65.43 2 1
github.com/pingcap/tidb/distsql/distsql.go:68.2,79.8 1 1
github.com/pingcap/tidb/distsql/distsql.go:37.62,39.3 1 0
github.com/pingcap/tidb/distsql/distsql.go:41.44,43.3 1 1
github.com/pingcap/tidb/distsql/distsql.go:45.17,48.3 2 0
github.com/pingcap/tidb/distsql/distsql.go:54.21,62.3 1 1
github.com/pingcap/tidb/distsql/distsql.go:65.43,67.3 1 0
github.com/pingcap/tidb/distsql/distsql.go:86.112,88.16 2 1
github.com/pingcap/tidb/distsql/distsql.go:91.2,91.48 1 1
github.com/pingcap/tidb/distsql/distsql.go:94.2,94.16 1 1
github.com/pingcap/tidb/distsql/distsql.go:88.16,90.3 1 0
github.com/pingcap/tidb/distsql/distsql.go:91.48,93.3 1 1
github.com/pingcap/tidb/distsql/distsql.go:99.41,101.17 2 1
github.com/pingcap/tidb/distsql/distsql.go:104.2,105.16 2 1
github.com/pingcap/tidb/distsql/distsql.go:108.2,116.20 2 1
github.com/pingcap/tidb/distsql/distsql.go:101.17,103.3 1 0
github.com/pingcap/tidb/distsql/distsql.go:105.16,107.3 1 1
github.com/pingcap/tidb/distsql/distsql.go:120.115,122.17 2 0
github.com/pingcap/tidb/distsql/distsql.go:125.2,133.20 2 0
github.com/pingcap/tidb/distsql/distsql.go:122.17,124.3 1 0
github.com/pingcap/tidb/distsql/request_builder.go:42.61,44.2 1 1
github.com/pingcap/tidb/distsql/request_builder.go:47.107,52.2 4 0
github.com/pingcap/tidb/distsql/request_builder.go:56.133,57.24 1 1
github.com/pingcap/tidb/distsql/request_builder.go:60.2,61.16 2 1
github.com/pingcap/tidb/distsql/request_builder.go:57.24,59.3 1 0
github.com/pingcap/tidb/distsql/request_builder.go:66.135,67.24 1 1
github.com/pingcap/tidb/distsql/request_builder.go:70.2,71.16 2 1
github.com/pingcap/tidb/distsql/request_builder.go:67.24,69.3 1 0
github.com/pingcap/tidb/distsql/request_builder.go:76.92,79.2 2 1
github.com/pingcap/tidb/distsql/request_builder.go:82.84,83.24 1 1
github.com/pingcap/tidb/distsql/request_builder.go:87.2,90.16 4 1
github.com/pingcap/tidb/distsql/request_builder.go:83.24,85.3 1 0
github.com/pingcap/tidb/distsql/request_builder.go:94.88,95.24 1 1
github.com/pingcap/tidb/distsql/request_builder.go:99.2,105.16 7 1
github.com/pingcap/tidb/distsql/request_builder.go:95.24,97.3 1 0
github.com/pingcap/tidb/distsql/request_builder.go:109.99,110.24 1 1
github.com/pingcap/tidb/distsql/request_builder.go:114.2,118.16 5 1
github.com/pingcap/tidb/distsql/request_builder.go:110.24,112.3 1 0
github.com/pingcap/tidb/distsql/request_builder.go:122.86,125.2 2 1
github.com/pingcap/tidb/distsql/request_builder.go:128.67,131.2 2 1
github.com/pingcap/tidb/distsql/request_builder.go:134.73,137.2 2 1
github.com/pingcap/tidb/distsql/request_builder.go:139.64,140.20 1 1
github.com/pingcap/tidb/distsql/request_builder.go:144.2,144.14 1 1
github.com/pingcap/tidb/distsql/request_builder.go:141.25,142.15 1 0
github.com/pingcap/tidb/distsql/request_builder.go:147.76,148.29 1 1
github.com/pingcap/tidb/distsql/request_builder.go:156.2,156.26 1 0
github.com/pingcap/tidb/distsql/request_builder.go:149.47,150.27 1 1
github.com/pingcap/tidb/distsql/request_builder.go:151.25,152.24 1 0
github.com/pingcap/tidb/distsql/request_builder.go:153.26,154.25 1 0
github.com/pingcap/tidb/distsql/request_builder.go:161.93,167.2 5 1
github.com/pingcap/tidb/distsql/request_builder.go:170.77,173.2 2 1
github.com/pingcap/tidb/distsql/request_builder.go:176.80,179.2 2 1
github.com/pingcap/tidb/distsql/request_builder.go:182.107,183.33 1 1
github.com/pingcap/tidb/distsql/request_builder.go:186.2,188.29 3 0
github.com/pingcap/tidb/distsql/request_builder.go:208.2,209.12 2 0
github.com/pingcap/tidb/distsql/request_builder.go:183.33,185.3 1 1
github.com/pingcap/tidb/distsql/request_builder.go:188.29,191.21 3 0
github.com/pingcap/tidb/distsql/request_builder.go:197.3,201.23 3 0
github.com/pingcap/tidb/distsql/request_builder.go:204.3,206.69 3 0
github.com/pingcap/tidb/distsql/request_builder.go:191.21,193.4 1 0
github.com/pingcap/tidb/distsql/request_builder.go:201.23,203.4 1 0
github.com/pingcap/tidb/distsql/request_builder.go:212.89,214.29 2 1
github.com/pingcap/tidb/distsql/request_builder.go:220.2,220.12 1 1
github.com/pingcap/tidb/distsql/request_builder.go:214.29,219.3 4 1
github.com/pingcap/tidb/distsql/request_builder.go:223.58,226.20 3 1
github.com/pingcap/tidb/distsql/request_builder.go:229.2,229.22 1 1
github.com/pingcap/tidb/distsql/request_builder.go:232.2,232.18 1 1
github.com/pingcap/tidb/distsql/request_builder.go:226.20,228.3 1 1
github.com/pingcap/tidb/distsql/request_builder.go:229.22,231.3 1 1
github.com/pingcap/tidb/distsql/request_builder.go:237.71,240.23 3 1
github.com/pingcap/tidb/distsql/request_builder.go:255.2,255.12 1 1
github.com/pingcap/tidb/distsql/request_builder.go:240.23,242.64 2 1
github.com/pingcap/tidb/distsql/request_builder.go:247.3,253.8 7 1
github.com/pingcap/tidb/distsql/request_builder.go:242.64,243.36 1 1
github.com/pingcap/tidb/distsql/request_builder.go:243.36,244.10 1 1
github.com/pingcap/tidb/distsql/request_builder.go:259.153,260.33 1 1
github.com/pingcap/tidb/distsql/request_builder.go:263.2,264.29 2 0
github.com/pingcap/tidb/distsql/request_builder.go:272.2,273.9 2 0
github.com/pingcap/tidb/distsql/request_builder.go:276.2,277.37 2 0
github.com/pingcap/tidb/distsql/request_builder.go:294.2,295.17 2 0
github.com/pingcap/tidb/distsql/request_builder.go:260.33,262.3 1 1
github.com/pingcap/tidb/distsql/request_builder.go:264.29,266.17 2 0
github.com/pingcap/tidb/distsql/request_builder.go:269.3,270.93 1 0
github.com/pingcap/tidb/distsql/request_builder.go:266.17,268.4 1 0
github.com/pingcap/tidb/distsql/request_builder.go:273.9,275.3 1 0
github.com/pingcap/tidb/distsql/request_builder.go:277.37,279.21 2 0
github.com/pingcap/tidb/distsql/request_builder.go:282.3,287.23 3 0
github.com/pingcap/tidb/distsql/request_builder.go:290.3,292.69 3 0
github.com/pingcap/tidb/distsql/request_builder.go:279.21,281.4 1 0
github.com/pingcap/tidb/distsql/request_builder.go:287.23,289.4 1 0
github.com/pingcap/tidb/distsql/request_builder.go:298.129,300.29 2 1
github.com/pingcap/tidb/distsql/request_builder.go:309.2,309.17 1 1
github.com/pingcap/tidb/distsql/request_builder.go:300.29,302.17 2 1
github.com/pingcap/tidb/distsql/request_builder.go:305.3,307.69 3 1
github.com/pingcap/tidb/distsql/request_builder.go:302.17,304.4 1 0
github.com/pingcap/tidb/distsql/request_builder.go:312.94,314.16 2 1
github.com/pingcap/tidb/distsql/request_builder.go:317.2,317.20 1 1
github.com/pingcap/tidb/distsql/request_builder.go:320.2,321.16 2 1
github.com/pingcap/tidb/distsql/request_builder.go:325.2,325.22 1 1
github.com/pingcap/tidb/distsql/request_builder.go:329.2,330.38 2 1
github.com/pingcap/tidb/distsql/request_builder.go:337.2,337.13 1 1
github.com/pingcap/tidb/distsql/request_builder.go:341.2,341.23 1 1
github.com/pingcap/tidb/distsql/request_builder.go:314.16,316.3 1 0
github.com/pingcap/tidb/distsql/request_builder.go:317.20,319.3 1 1
github.com/pingcap/tidb/distsql/request_builder.go:321.16,323.3 1 0
github.com/pingcap/tidb/distsql/request_builder.go:325.22,327.3 1 1
github.com/pingcap/tidb/distsql/request_builder.go:330.38,331.23 1 1
github.com/pingcap/tidb/distsql/request_builder.go:331.23,333.9 2 0
github.com/pingcap/tidb/distsql/request_builder.go:337.13,340.3 1 0
github.com/pingcap/tidb/distsql/select_result.go:83.51,85.2 1 1
github.com/pingcap/tidb/distsql/select_result.go:87.51,89.15 2 1
github.com/pingcap/tidb/distsql/select_result.go:100.2,100.6 1 1
github.com/pingcap/tidb/distsql/select_result.go:89.15,90.31 1 1
github.com/pingcap/tidb/distsql/select_result.go:96.3,98.95 3 1
github.com/pingcap/tidb/distsql/select_result.go:90.31,94.4 3 0
github.com/pingcap/tidb/distsql/select_result.go:100.6,103.17 3 1
github.com/pingcap/tidb/distsql/select_result.go:114.3,114.10 1 1
github.com/pingcap/tidb/distsql/select_result.go:103.17,105.4 1 0
github.com/pingcap/tidb/distsql/select_result.go:105.9,105.33 1 1
github.com/pingcap/tidb/distsql/select_result.go:105.33,107.4 1 1
github.com/pingcap/tidb/distsql/select_result.go:107.9,109.27 2 1
github.com/pingcap/tidb/distsql/select_result.go:109.27,111.5 1 0
github.com/pingcap/tidb/distsql/select_result.go:115.28,115.28 0 1
github.com/pingcap/tidb/distsql/select_result.go:116.19,118.10 1 1
github.com/pingcap/tidb/distsql/select_result.go:119.21,120.10 1 0
github.com/pingcap/tidb/distsql/select_result.go:126.69,130.39 4 1
github.com/pingcap/tidb/distsql/select_result.go:133.2,133.33 1 1
github.com/pingcap/tidb/distsql/select_result.go:130.39,132.3 1 0
github.com/pingcap/tidb/distsql/select_result.go:137.74,139.20 2 1
github.com/pingcap/tidb/distsql/select_result.go:154.2,154.12 1 1
github.com/pingcap/tidb/distsql/select_result.go:139.20,140.70 1 1
github.com/pingcap/tidb/distsql/select_result.go:146.3,147.17 2 1
github.com/pingcap/tidb/distsql/select_result.go:150.3,150.59 1 1
github.com/pingcap/tidb/distsql/select_result.go:140.70,142.41 2 1
github.com/pingcap/tidb/distsql/select_result.go:142.41,144.5 1 1
github.com/pingcap/tidb/distsql/select_result.go:147.17,149.4 1 0
github.com/pingcap/tidb/distsql/select_result.go:150.59,152.4 1 1
github.com/pingcap/tidb/distsql/select_result.go:157.46,159.6 2 1
github.com/pingcap/tidb/distsql/select_result.go:159.6,161.20 2 1
github.com/pingcap/tidb/distsql/select_result.go:164.3,164.49 1 1
github.com/pingcap/tidb/distsql/select_result.go:167.3,167.23 1 1
github.com/pingcap/tidb/distsql/select_result.go:171.3,171.26 1 1
github.com/pingcap/tidb/distsql/select_result.go:174.3,176.17 3 1
github.com/pingcap/tidb/distsql/select_result.go:179.3,179.49 1 1
github.com/pingcap/tidb/distsql/select_result.go:182.3,182.44 1 1
github.com/pingcap/tidb/distsql/select_result.go:185.3,186.49 2 1
github.com/pingcap/tidb/distsql/select_result.go:189.3,193.36 5 1
github.com/pingcap/tidb/distsql/select_result.go:196.3,196.13 1 1
github.com/pingcap/tidb/distsql/select_result.go:161.20,163.4 1 0
github.com/pingcap/tidb/distsql/select_result.go:164.49,166.4 1 0
github.com/pingcap/tidb/distsql/select_result.go:167.23,170.4 2 1
github.com/pingcap/tidb/distsql/select_result.go:171.26,173.4 1 0
github.com/pingcap/tidb/distsql/select_result.go:176.17,178.4 1 0
github.com/pingcap/tidb/distsql/select_result.go:179.49,181.4 1 0
github.com/pingcap/tidb/distsql/select_result.go:182.44,184.4 1 0
github.com/pingcap/tidb/distsql/select_result.go:186.49,188.4 1 0
github.com/pingcap/tidb/distsql/select_result.go:193.36,194.12 1 0
github.com/pingcap/tidb/distsql/select_result.go:200.61,201.76 1 1
github.com/pingcap/tidb/distsql/select_result.go:204.2,204.68 1 0
github.com/pingcap/tidb/distsql/select_result.go:212.2,212.62 1 0
github.com/pingcap/tidb/distsql/select_result.go:201.76,203.3 1 1
github.com/pingcap/tidb/distsql/select_result.go:204.68,210.3 2 0
github.com/pingcap/tidb/distsql/select_result.go:212.62,214.65 1 0
github.com/pingcap/tidb/distsql/select_result.go:214.65,218.4 2 0
github.com/pingcap/tidb/distsql/select_result.go:222.67,225.41 3 1
github.com/pingcap/tidb/distsql/select_result.go:233.2,234.12 2 1
github.com/pingcap/tidb/distsql/select_result.go:225.41,226.33 1 1
github.com/pingcap/tidb/distsql/select_result.go:226.33,228.18 2 1
github.com/pingcap/tidb/distsql/select_result.go:228.18,230.5 1 0
github.com/pingcap/tidb/distsql/select_result.go:238.38,240.30 1 1
github.com/pingcap/tidb/distsql/select_result.go:243.2,245.23 3 1
github.com/pingcap/tidb/distsql/select_result.go:240.30,242.3 1 1
github.com/pingcap/tidb/distsql/stream.go:44.48,44.49 0 1
github.com/pingcap/tidb/distsql/stream.go:46.74,48.20 2 1
github.com/pingcap/tidb/distsql/stream.go:62.2,62.12 1 1
github.com/pingcap/tidb/distsql/stream.go:48.20,50.17 2 1
github.com/pingcap/tidb/distsql/stream.go:53.3,53.20 1 1
github.com/pingcap/tidb/distsql/stream.go:57.3,58.17 2 1
github.com/pingcap/tidb/distsql/stream.go:50.17,52.4 1 0
github.com/pingcap/tidb/distsql/stream.go:53.20,55.4 1 1
github.com/pingcap/tidb/distsql/stream.go:58.17,60.4 1 0
github.com/pingcap/tidb/distsql/stream.go:66.118,68.16 2 1
github.com/pingcap/tidb/distsql/stream.go:71.2,71.25 1 1
github.com/pingcap/tidb/distsql/stream.go:75.2,77.16 3 1
github.com/pingcap/tidb/distsql/stream.go:80.2,80.25 1 1
github.com/pingcap/tidb/distsql/stream.go:83.2,83.42 1 1
github.com/pingcap/tidb/distsql/stream.go:87.2,88.16 2 1
github.com/pingcap/tidb/distsql/stream.go:91.2,93.19 3 1
github.com/pingcap/tidb/distsql/stream.go:68.16,70.3 1 0
github.com/pingcap/tidb/distsql/stream.go:71.25,73.3 1 1
github.com/pingcap/tidb/distsql/stream.go:77.16,79.3 1 0
github.com/pingcap/tidb/distsql/stream.go:80.25,82.3 1 0
github.com/pingcap/tidb/distsql/stream.go:83.42,85.3 1 0
github.com/pingcap/tidb/distsql/stream.go:88.16,90.3 1 0
github.com/pingcap/tidb/distsql/stream.go:97.71,98.47 1 1
github.com/pingcap/tidb/distsql/stream.go:102.2,104.16 3 1
github.com/pingcap/tidb/distsql/stream.go:107.2,107.12 1 1
github.com/pingcap/tidb/distsql/stream.go:111.2,112.12 2 1
github.com/pingcap/tidb/distsql/stream.go:98.47,100.3 1 0
github.com/pingcap/tidb/distsql/stream.go:104.16,106.3 1 0
github.com/pingcap/tidb/distsql/stream.go:107.12,110.3 2 1
github.com/pingcap/tidb/distsql/stream.go:115.67,118.47 3 1
github.com/pingcap/tidb/distsql/stream.go:126.2,126.30 1 1
github.com/pingcap/tidb/distsql/stream.go:131.2,131.12 1 1
github.com/pingcap/tidb/distsql/stream.go:118.47,119.33 1 1
github.com/pingcap/tidb/distsql/stream.go:119.33,121.18 2 1
github.com/pingcap/tidb/distsql/stream.go:121.18,123.5 1 0
github.com/pingcap/tidb/distsql/stream.go:126.30,128.3 1 1
github.com/pingcap/tidb/distsql/stream.go:128.8,130.3 1 0
github.com/pingcap/tidb/distsql/stream.go:134.69,138.39 4 0
github.com/pingcap/tidb/distsql/stream.go:141.2,141.36 1 0
github.com/pingcap/tidb/distsql/stream.go:138.39,140.3 1 0
github.com/pingcap/tidb/distsql/stream.go:144.38,145.29 1 1
github.com/pingcap/tidb/distsql/stream.go:148.2,149.12 2 1
github.com/pingcap/tidb/distsql/stream.go:145.29,147.3 1 1
