mode: atomic
github.com/pingcap/tidb/store/tikv/client.go:75.91,80.47 2 2
github.com/pingcap/tidb/store/tikv/client.go:83.2,83.15 1 2
github.com/pingcap/tidb/store/tikv/client.go:80.47,82.3 1 0
github.com/pingcap/tidb/store/tikv/client.go:86.71,88.37 2 2
github.com/pingcap/tidb/store/tikv/client.go:96.2,96.21 1 2
github.com/pingcap/tidb/store/tikv/client.go:126.2,126.12 1 2
github.com/pingcap/tidb/store/tikv/client.go:88.37,90.17 2 0
github.com/pingcap/tidb/store/tikv/client.go:93.3,93.69 1 0
github.com/pingcap/tidb/store/tikv/client.go:90.17,92.4 1 0
github.com/pingcap/tidb/store/tikv/client.go:96.21,119.17 6 32
github.com/pingcap/tidb/store/tikv/client.go:124.3,124.16 1 32
github.com/pingcap/tidb/store/tikv/client.go:119.17,123.4 2 0
github.com/pingcap/tidb/store/tikv/client.go:129.44,132.2 2 3
github.com/pingcap/tidb/store/tikv/client.go:134.29,135.24 1 1
github.com/pingcap/tidb/store/tikv/client.go:135.24,136.15 1 16
github.com/pingcap/tidb/store/tikv/client.go:136.15,140.4 3 16
github.com/pingcap/tidb/store/tikv/client.go:157.56,162.2 1 3
github.com/pingcap/tidb/store/tikv/client.go:164.68,166.16 2 4
github.com/pingcap/tidb/store/tikv/client.go:170.2,172.9 3 3
github.com/pingcap/tidb/store/tikv/client.go:179.2,179.25 1 3
github.com/pingcap/tidb/store/tikv/client.go:166.16,169.3 2 1
github.com/pingcap/tidb/store/tikv/client.go:172.9,175.17 3 2
github.com/pingcap/tidb/store/tikv/client.go:175.17,177.4 1 0
github.com/pingcap/tidb/store/tikv/client.go:182.70,186.9 4 2
github.com/pingcap/tidb/store/tikv/client.go:194.2,194.19 1 2
github.com/pingcap/tidb/store/tikv/client.go:186.9,189.17 3 2
github.com/pingcap/tidb/store/tikv/client.go:192.3,192.24 1 2
github.com/pingcap/tidb/store/tikv/client.go:189.17,191.4 1 0
github.com/pingcap/tidb/store/tikv/client.go:197.34,199.17 2 1
github.com/pingcap/tidb/store/tikv/client.go:206.2,206.12 1 1
github.com/pingcap/tidb/store/tikv/client.go:199.17,202.33 2 1
github.com/pingcap/tidb/store/tikv/client.go:202.33,204.4 1 1
github.com/pingcap/tidb/store/tikv/client.go:210.112,214.15 4 1
github.com/pingcap/tidb/store/tikv/client.go:218.2,219.16 2 1
github.com/pingcap/tidb/store/tikv/client.go:222.2,224.16 3 1
github.com/pingcap/tidb/store/tikv/client.go:227.2,227.18 1 0
github.com/pingcap/tidb/store/tikv/client.go:214.15,216.3 1 1
github.com/pingcap/tidb/store/tikv/client.go:219.16,221.3 1 0
github.com/pingcap/tidb/store/tikv/client.go:224.16,226.3 1 1
github.com/pingcap/tidb/store/tikv/client.go:230.125,234.18 4 1
github.com/pingcap/tidb/store/tikv/client.go:278.2,278.16 1 1
github.com/pingcap/tidb/store/tikv/client.go:281.2,281.18 1 0
github.com/pingcap/tidb/store/tikv/client.go:235.22,236.45 1 0
github.com/pingcap/tidb/store/tikv/client.go:237.23,238.48 1 0
github.com/pingcap/tidb/store/tikv/client.go:239.27,240.60 1 0
github.com/pingcap/tidb/store/tikv/client.go:241.25,242.54 1 0
github.com/pingcap/tidb/store/tikv/client.go:243.26,244.57 1 0
github.com/pingcap/tidb/store/tikv/client.go:245.27,246.60 1 0
github.com/pingcap/tidb/store/tikv/client.go:247.32,248.75 1 0
github.com/pingcap/tidb/store/tikv/client.go:249.27,250.60 1 0
github.com/pingcap/tidb/store/tikv/client.go:251.30,252.69 1 0
github.com/pingcap/tidb/store/tikv/client.go:253.21,254.42 1 0
github.com/pingcap/tidb/store/tikv/client.go:255.30,256.69 1 0
github.com/pingcap/tidb/store/tikv/client.go:257.25,258.52 1 0
github.com/pingcap/tidb/store/tikv/client.go:259.25,260.52 1 1
github.com/pingcap/tidb/store/tikv/client.go:261.28,262.61 1 0
github.com/pingcap/tidb/store/tikv/client.go:263.26,264.55 1 0
github.com/pingcap/tidb/store/tikv/client.go:265.22,266.51 1 0
github.com/pingcap/tidb/store/tikv/client.go:267.28,268.63 1 0
github.com/pingcap/tidb/store/tikv/client.go:269.31,270.70 1 0
github.com/pingcap/tidb/store/tikv/client.go:271.35,272.82 1 0
github.com/pingcap/tidb/store/tikv/client.go:273.30,274.67 1 0
github.com/pingcap/tidb/store/tikv/client.go:275.10,276.66 1 0
github.com/pingcap/tidb/store/tikv/client.go:278.16,280.3 1 1
github.com/pingcap/tidb/store/tikv/client.go:284.35,287.2 2 1
github.com/pingcap/tidb/store/tikv/test_util.go:27.154,28.25 1 20
github.com/pingcap/tidb/store/tikv/test_util.go:32.2,33.27 2 20
github.com/pingcap/tidb/store/tikv/test_util.go:38.2,44.37 6 20
github.com/pingcap/tidb/store/tikv/test_util.go:28.25,30.3 1 0
github.com/pingcap/tidb/store/tikv/test_util.go:33.27,35.3 1 0
github.com/pingcap/tidb/store/tikv/lock_resolver.go:45.51,52.2 4 39
github.com/pingcap/tidb/store/tikv/lock_resolver.go:57.91,63.16 2 0
github.com/pingcap/tidb/store/tikv/lock_resolver.go:66.2,69.16 3 0
github.com/pingcap/tidb/store/tikv/lock_resolver.go:73.2,74.16 2 0
github.com/pingcap/tidb/store/tikv/lock_resolver.go:78.2,79.16 2 0
github.com/pingcap/tidb/store/tikv/lock_resolver.go:82.2,82.28 1 0
github.com/pingcap/tidb/store/tikv/lock_resolver.go:63.16,65.3 1 0
github.com/pingcap/tidb/store/tikv/lock_resolver.go:69.16,71.3 1 0
github.com/pingcap/tidb/store/tikv/lock_resolver.go:74.16,76.3 1 0
github.com/pingcap/tidb/store/tikv/lock_resolver.go:79.16,81.3 1 0
github.com/pingcap/tidb/store/tikv/lock_resolver.go:89.39,89.55 1 43
github.com/pingcap/tidb/store/tikv/lock_resolver.go:92.38,92.58 1 8
github.com/pingcap/tidb/store/tikv/lock_resolver.go:114.41,116.14 2 121
github.com/pingcap/tidb/store/tikv/lock_resolver.go:119.2,124.3 1 121
github.com/pingcap/tidb/store/tikv/lock_resolver.go:116.14,118.3 1 0
github.com/pingcap/tidb/store/tikv/lock_resolver.go:127.70,131.40 3 42
github.com/pingcap/tidb/store/tikv/lock_resolver.go:134.2,136.45 3 42
github.com/pingcap/tidb/store/tikv/lock_resolver.go:131.40,133.3 1 0
github.com/pingcap/tidb/store/tikv/lock_resolver.go:136.45,140.3 3 0
github.com/pingcap/tidb/store/tikv/lock_resolver.go:143.69,149.2 4 43
github.com/pingcap/tidb/store/tikv/lock_resolver.go:160.89,161.21 1 60
github.com/pingcap/tidb/store/tikv/lock_resolver.go:165.2,168.26 3 60
github.com/pingcap/tidb/store/tikv/lock_resolver.go:176.2,176.28 1 60
github.com/pingcap/tidb/store/tikv/lock_resolver.go:182.2,183.33 2 14
github.com/pingcap/tidb/store/tikv/lock_resolver.go:200.2,200.45 1 14
github.com/pingcap/tidb/store/tikv/lock_resolver.go:161.21,163.3 1 0
github.com/pingcap/tidb/store/tikv/lock_resolver.go:168.26,169.53 1 112
github.com/pingcap/tidb/store/tikv/lock_resolver.go:169.53,172.4 2 40
github.com/pingcap/tidb/store/tikv/lock_resolver.go:172.4,174.4 1 72
github.com/pingcap/tidb/store/tikv/lock_resolver.go:176.28,178.3 1 46
github.com/pingcap/tidb/store/tikv/lock_resolver.go:183.33,185.17 2 40
github.com/pingcap/tidb/store/tikv/lock_resolver.go:189.3,190.26 2 40
github.com/pingcap/tidb/store/tikv/lock_resolver.go:195.3,196.17 2 40
github.com/pingcap/tidb/store/tikv/lock_resolver.go:185.17,187.4 1 0
github.com/pingcap/tidb/store/tikv/lock_resolver.go:190.26,193.4 2 40
github.com/pingcap/tidb/store/tikv/lock_resolver.go:196.17,198.4 1 0
github.com/pingcap/tidb/store/tikv/lock_resolver.go:207.87,211.2 3 3
github.com/pingcap/tidb/store/tikv/lock_resolver.go:213.102,214.40 1 43
github.com/pingcap/tidb/store/tikv/lock_resolver.go:218.2,228.6 4 42
github.com/pingcap/tidb/store/tikv/lock_resolver.go:214.40,216.3 1 1
github.com/pingcap/tidb/store/tikv/lock_resolver.go:228.6,230.17 2 42
github.com/pingcap/tidb/store/tikv/lock_resolver.go:233.3,234.17 2 42
github.com/pingcap/tidb/store/tikv/lock_resolver.go:237.3,238.17 2 42
github.com/pingcap/tidb/store/tikv/lock_resolver.go:241.3,241.23 1 42
github.com/pingcap/tidb/store/tikv/lock_resolver.go:248.3,249.21 2 42
github.com/pingcap/tidb/store/tikv/lock_resolver.go:252.3,252.50 1 42
github.com/pingcap/tidb/store/tikv/lock_resolver.go:257.3,257.33 1 42
github.com/pingcap/tidb/store/tikv/lock_resolver.go:263.3,264.21 2 42
github.com/pingcap/tidb/store/tikv/lock_resolver.go:230.17,232.4 1 0
github.com/pingcap/tidb/store/tikv/lock_resolver.go:234.17,236.4 1 0
github.com/pingcap/tidb/store/tikv/lock_resolver.go:238.17,240.4 1 0
github.com/pingcap/tidb/store/tikv/lock_resolver.go:241.23,243.18 2 0
github.com/pingcap/tidb/store/tikv/lock_resolver.go:246.4,246.12 1 0
github.com/pingcap/tidb/store/tikv/lock_resolver.go:243.18,245.5 1 0
github.com/pingcap/tidb/store/tikv/lock_resolver.go:249.21,251.4 1 0
github.com/pingcap/tidb/store/tikv/lock_resolver.go:252.50,256.4 3 0
github.com/pingcap/tidb/store/tikv/lock_resolver.go:257.33,260.4 2 8
github.com/pingcap/tidb/store/tikv/lock_resolver.go:260.4,262.4 1 34
github.com/pingcap/tidb/store/tikv/lock_resolver.go:268.124,270.6 2 40
github.com/pingcap/tidb/store/tikv/lock_resolver.go:270.6,272.17 2 40
github.com/pingcap/tidb/store/tikv/lock_resolver.go:275.3,275.44 1 40
github.com/pingcap/tidb/store/tikv/lock_resolver.go:278.3,284.27 2 40
github.com/pingcap/tidb/store/tikv/lock_resolver.go:287.3,288.17 2 40
github.com/pingcap/tidb/store/tikv/lock_resolver.go:291.3,292.17 2 40
github.com/pingcap/tidb/store/tikv/lock_resolver.go:295.3,295.23 1 40
github.com/pingcap/tidb/store/tikv/lock_resolver.go:302.3,303.21 2 40
github.com/pingcap/tidb/store/tikv/lock_resolver.go:306.3,306.50 1 40
github.com/pingcap/tidb/store/tikv/lock_resolver.go:311.3,312.13 2 40
github.com/pingcap/tidb/store/tikv/lock_resolver.go:272.17,274.4 1 0
github.com/pingcap/tidb/store/tikv/lock_resolver.go:275.44,277.4 1 0
github.com/pingcap/tidb/store/tikv/lock_resolver.go:284.27,286.4 1 6
github.com/pingcap/tidb/store/tikv/lock_resolver.go:288.17,290.4 1 0
github.com/pingcap/tidb/store/tikv/lock_resolver.go:292.17,294.4 1 0
github.com/pingcap/tidb/store/tikv/lock_resolver.go:295.23,297.18 2 0
github.com/pingcap/tidb/store/tikv/lock_resolver.go:300.4,300.12 1 0
github.com/pingcap/tidb/store/tikv/lock_resolver.go:297.18,299.5 1 0
github.com/pingcap/tidb/store/tikv/lock_resolver.go:303.21,305.4 1 0
github.com/pingcap/tidb/store/tikv/lock_resolver.go:306.50,310.4 3 0
github.com/pingcap/tidb/store/tikv/pd_codec.go:30.106,34.2 3 98
github.com/pingcap/tidb/store/tikv/pd_codec.go:38.115,41.2 2 5
github.com/pingcap/tidb/store/tikv/pd_codec.go:43.117,44.16 1 103
github.com/pingcap/tidb/store/tikv/pd_codec.go:47.2,47.19 1 103
github.com/pingcap/tidb/store/tikv/pd_codec.go:50.2,51.16 2 103
github.com/pingcap/tidb/store/tikv/pd_codec.go:54.2,54.26 1 103
github.com/pingcap/tidb/store/tikv/pd_codec.go:44.16,46.3 1 0
github.com/pingcap/tidb/store/tikv/pd_codec.go:47.19,49.3 1 0
github.com/pingcap/tidb/store/tikv/pd_codec.go:51.16,53.3 1 0
github.com/pingcap/tidb/store/tikv/pd_codec.go:57.50,58.26 1 125
github.com/pingcap/tidb/store/tikv/pd_codec.go:65.2,65.24 1 125
github.com/pingcap/tidb/store/tikv/pd_codec.go:72.2,72.12 1 125
github.com/pingcap/tidb/store/tikv/pd_codec.go:58.26,60.17 2 82
github.com/pingcap/tidb/store/tikv/pd_codec.go:63.3,63.23 1 82
github.com/pingcap/tidb/store/tikv/pd_codec.go:60.17,62.4 1 0
github.com/pingcap/tidb/store/tikv/pd_codec.go:65.24,67.17 2 62
github.com/pingcap/tidb/store/tikv/pd_codec.go:70.3,70.21 1 62
github.com/pingcap/tidb/store/tikv/pd_codec.go:67.17,69.4 1 0
github.com/pingcap/tidb/store/tikv/rawkv.go:45.87,51.16 2 0
github.com/pingcap/tidb/store/tikv/rawkv.go:54.2,59.8 1 0
github.com/pingcap/tidb/store/tikv/rawkv.go:51.16,53.3 1 0
github.com/pingcap/tidb/store/tikv/rawkv.go:63.37,66.2 2 3
github.com/pingcap/tidb/store/tikv/rawkv.go:69.42,71.2 1 0
github.com/pingcap/tidb/store/tikv/rawkv.go:74.55,76.15 2 6
github.com/pingcap/tidb/store/tikv/rawkv.go:78.2,85.16 3 6
github.com/pingcap/tidb/store/tikv/rawkv.go:88.2,89.20 2 6
github.com/pingcap/tidb/store/tikv/rawkv.go:92.2,92.30 1 6
github.com/pingcap/tidb/store/tikv/rawkv.go:95.2,95.29 1 6
github.com/pingcap/tidb/store/tikv/rawkv.go:98.2,98.27 1 4
github.com/pingcap/tidb/store/tikv/rawkv.go:76.15,76.108 1 6
github.com/pingcap/tidb/store/tikv/rawkv.go:85.16,87.3 1 0
github.com/pingcap/tidb/store/tikv/rawkv.go:89.20,91.3 1 0
github.com/pingcap/tidb/store/tikv/rawkv.go:92.30,94.3 1 0
github.com/pingcap/tidb/store/tikv/rawkv.go:95.29,97.3 1 2
github.com/pingcap/tidb/store/tikv/rawkv.go:102.52,104.15 2 9
github.com/pingcap/tidb/store/tikv/rawkv.go:105.2,108.21 3 9
github.com/pingcap/tidb/store/tikv/rawkv.go:112.2,120.16 3 8
github.com/pingcap/tidb/store/tikv/rawkv.go:123.2,124.20 2 8
github.com/pingcap/tidb/store/tikv/rawkv.go:127.2,127.30 1 8
github.com/pingcap/tidb/store/tikv/rawkv.go:130.2,130.12 1 8
github.com/pingcap/tidb/store/tikv/rawkv.go:104.15,104.108 1 9
github.com/pingcap/tidb/store/tikv/rawkv.go:108.21,110.3 1 1
github.com/pingcap/tidb/store/tikv/rawkv.go:120.16,122.3 1 0
github.com/pingcap/tidb/store/tikv/rawkv.go:124.20,126.3 1 0
github.com/pingcap/tidb/store/tikv/rawkv.go:127.30,129.3 1 0
github.com/pingcap/tidb/store/tikv/rawkv.go:134.48,136.15 2 1
github.com/pingcap/tidb/store/tikv/rawkv.go:138.2,145.16 3 1
github.com/pingcap/tidb/store/tikv/rawkv.go:148.2,149.20 2 1
github.com/pingcap/tidb/store/tikv/rawkv.go:152.2,152.30 1 1
github.com/pingcap/tidb/store/tikv/rawkv.go:155.2,155.12 1 1
github.com/pingcap/tidb/store/tikv/rawkv.go:136.15,136.111 1 1
github.com/pingcap/tidb/store/tikv/rawkv.go:145.16,147.3 1 0
github.com/pingcap/tidb/store/tikv/rawkv.go:149.20,151.3 1 0
github.com/pingcap/tidb/store/tikv/rawkv.go:152.30,154.3 1 0
github.com/pingcap/tidb/store/tikv/rawkv.go:160.100,162.15 2 15
github.com/pingcap/tidb/store/tikv/rawkv.go:164.2,164.31 1 15
github.com/pingcap/tidb/store/tikv/rawkv.go:168.2,168.24 1 15
github.com/pingcap/tidb/store/tikv/rawkv.go:193.2,193.8 1 15
github.com/pingcap/tidb/store/tikv/rawkv.go:162.15,162.113 1 15
github.com/pingcap/tidb/store/tikv/rawkv.go:164.31,166.3 1 0
github.com/pingcap/tidb/store/tikv/rawkv.go:168.24,177.17 3 22
github.com/pingcap/tidb/store/tikv/rawkv.go:180.3,181.21 2 22
github.com/pingcap/tidb/store/tikv/rawkv.go:184.3,184.36 1 22
github.com/pingcap/tidb/store/tikv/rawkv.go:188.3,189.25 2 22
github.com/pingcap/tidb/store/tikv/rawkv.go:177.17,179.4 1 0
github.com/pingcap/tidb/store/tikv/rawkv.go:181.21,183.4 1 0
github.com/pingcap/tidb/store/tikv/rawkv.go:184.36,187.4 2 36
github.com/pingcap/tidb/store/tikv/rawkv.go:189.25,190.9 1 12
github.com/pingcap/tidb/store/tikv/rawkv.go:196.106,199.6 3 37
github.com/pingcap/tidb/store/tikv/rawkv.go:199.6,201.17 2 40
github.com/pingcap/tidb/store/tikv/rawkv.go:204.3,205.17 2 40
github.com/pingcap/tidb/store/tikv/rawkv.go:208.3,209.17 2 40
github.com/pingcap/tidb/store/tikv/rawkv.go:212.3,212.23 1 40
github.com/pingcap/tidb/store/tikv/rawkv.go:219.3,219.24 1 37
github.com/pingcap/tidb/store/tikv/rawkv.go:201.17,203.4 1 0
github.com/pingcap/tidb/store/tikv/rawkv.go:205.17,207.4 1 0
github.com/pingcap/tidb/store/tikv/rawkv.go:209.17,211.4 1 0
github.com/pingcap/tidb/store/tikv/rawkv.go:212.23,214.18 2 3
github.com/pingcap/tidb/store/tikv/rawkv.go:217.4,217.12 1 3
github.com/pingcap/tidb/store/tikv/rawkv.go:214.18,216.5 1 0
github.com/pingcap/tidb/store/tikv/region_request.go:54.91,59.2 1 3956
github.com/pingcap/tidb/store/tikv/region_request.go:62.148,64.95 1 4005
github.com/pingcap/tidb/store/tikv/region_request.go:91.2,91.6 1 4001
github.com/pingcap/tidb/store/tikv/region_request.go:64.95,64.229 3 4
github.com/pingcap/tidb/store/tikv/region_request.go:65.4,65.34 1 4
github.com/pingcap/tidb/store/tikv/region_request.go:89.40,89.110 1 0
github.com/pingcap/tidb/store/tikv/region_request.go:64.229,64.267 1 0
github.com/pingcap/tidb/store/tikv/region_request.go:66.19,67.39 1 4
github.com/pingcap/tidb/store/tikv/region_request.go:68.29,69.41 1 0
github.com/pingcap/tidb/store/tikv/region_request.go:75.23,76.35 1 0
github.com/pingcap/tidb/store/tikv/region_request.go:82.26,83.34 1 0
github.com/pingcap/tidb/store/tikv/region_request.go:69.41,74.6 1 0
github.com/pingcap/tidb/store/tikv/region_request.go:76.35,81.6 1 0
github.com/pingcap/tidb/store/tikv/region_request.go:83.34,88.6 1 0
github.com/pingcap/tidb/store/tikv/region_request.go:91.6,93.17 2 4018
github.com/pingcap/tidb/store/tikv/region_request.go:96.3,96.17 1 4014
github.com/pingcap/tidb/store/tikv/region_request.go:106.3,108.17 3 4000
github.com/pingcap/tidb/store/tikv/region_request.go:111.3,111.12 1 3995
github.com/pingcap/tidb/store/tikv/region_request.go:115.3,116.17 2 3987
github.com/pingcap/tidb/store/tikv/region_request.go:119.3,119.23 1 3987
github.com/pingcap/tidb/store/tikv/region_request.go:128.3,128.19 1 3977
github.com/pingcap/tidb/store/tikv/region_request.go:93.17,95.4 1 4
github.com/pingcap/tidb/store/tikv/region_request.go:96.17,104.4 1 14
github.com/pingcap/tidb/store/tikv/region_request.go:108.17,110.4 1 5
github.com/pingcap/tidb/store/tikv/region_request.go:111.12,112.12 1 8
github.com/pingcap/tidb/store/tikv/region_request.go:116.17,118.4 1 0
github.com/pingcap/tidb/store/tikv/region_request.go:119.23,121.18 2 25
github.com/pingcap/tidb/store/tikv/region_request.go:124.4,124.13 1 24
github.com/pingcap/tidb/store/tikv/region_request.go:121.18,123.5 1 1
github.com/pingcap/tidb/store/tikv/region_request.go:124.13,125.13 1 9
github.com/pingcap/tidb/store/tikv/region_request.go:132.172,133.64 1 4000
github.com/pingcap/tidb/store/tikv/region_request.go:136.2,136.17 1 4000
github.com/pingcap/tidb/store/tikv/region_request.go:143.2,143.16 1 4000
github.com/pingcap/tidb/store/tikv/region_request.go:150.2,150.8 1 3987
github.com/pingcap/tidb/store/tikv/region_request.go:133.64,135.3 1 0
github.com/pingcap/tidb/store/tikv/region_request.go:136.17,140.3 3 4000
github.com/pingcap/tidb/store/tikv/region_request.go:140.3,142.3 1 0
github.com/pingcap/tidb/store/tikv/region_request.go:143.16,145.48 2 13
github.com/pingcap/tidb/store/tikv/region_request.go:148.3,148.24 1 8
github.com/pingcap/tidb/store/tikv/region_request.go:145.48,147.4 1 5
github.com/pingcap/tidb/store/tikv/region_request.go:153.91,155.43 1 13
github.com/pingcap/tidb/store/tikv/region_request.go:158.2,158.52 1 11
github.com/pingcap/tidb/store/tikv/region_request.go:170.2,177.26 3 11
github.com/pingcap/tidb/store/tikv/region_request.go:155.43,157.3 1 2
github.com/pingcap/tidb/store/tikv/region_request.go:158.52,159.10 1 1
github.com/pingcap/tidb/store/tikv/region_request.go:160.20,161.28 1 0
github.com/pingcap/tidb/store/tikv/region_request.go:162.11,166.81 1 1
github.com/pingcap/tidb/store/tikv/region_request.go:180.50,181.29 1 25
github.com/pingcap/tidb/store/tikv/region_request.go:196.2,196.18 1 0
github.com/pingcap/tidb/store/tikv/region_request.go:181.29,183.3 1 6
github.com/pingcap/tidb/store/tikv/region_request.go:183.3,183.41 1 19
github.com/pingcap/tidb/store/tikv/region_request.go:183.41,185.3 1 0
github.com/pingcap/tidb/store/tikv/region_request.go:185.3,185.41 1 19
github.com/pingcap/tidb/store/tikv/region_request.go:185.41,187.3 1 0
github.com/pingcap/tidb/store/tikv/region_request.go:187.3,187.37 1 19
github.com/pingcap/tidb/store/tikv/region_request.go:187.37,189.3 1 15
github.com/pingcap/tidb/store/tikv/region_request.go:189.3,189.39 1 4
github.com/pingcap/tidb/store/tikv/region_request.go:189.39,191.3 1 3
github.com/pingcap/tidb/store/tikv/region_request.go:191.3,191.39 1 1
github.com/pingcap/tidb/store/tikv/region_request.go:191.39,193.3 1 0
github.com/pingcap/tidb/store/tikv/region_request.go:193.3,193.40 1 1
github.com/pingcap/tidb/store/tikv/region_request.go:193.40,195.3 1 1
github.com/pingcap/tidb/store/tikv/region_request.go:199.127,201.61 2 25
github.com/pingcap/tidb/store/tikv/region_request.go:214.2,214.73 1 19
github.com/pingcap/tidb/store/tikv/region_request.go:221.2,221.64 1 18
github.com/pingcap/tidb/store/tikv/region_request.go:226.2,226.40 1 3
github.com/pingcap/tidb/store/tikv/region_request.go:234.2,234.40 1 0
github.com/pingcap/tidb/store/tikv/region_request.go:238.2,238.45 1 0
github.com/pingcap/tidb/store/tikv/region_request.go:244.2,246.19 3 0
github.com/pingcap/tidb/store/tikv/region_request.go:201.61,205.35 3 6
github.com/pingcap/tidb/store/tikv/region_request.go:211.3,211.19 1 5
github.com/pingcap/tidb/store/tikv/region_request.go:205.35,207.18 2 6
github.com/pingcap/tidb/store/tikv/region_request.go:207.18,209.5 1 1
github.com/pingcap/tidb/store/tikv/region_request.go:214.73,219.3 3 1
github.com/pingcap/tidb/store/tikv/region_request.go:221.64,225.3 3 15
github.com/pingcap/tidb/store/tikv/region_request.go:226.40,229.17 3 3
github.com/pingcap/tidb/store/tikv/region_request.go:232.3,232.19 1 3
github.com/pingcap/tidb/store/tikv/region_request.go:229.17,231.4 1 0
github.com/pingcap/tidb/store/tikv/region_request.go:234.40,237.3 2 0
github.com/pingcap/tidb/store/tikv/region_request.go:238.45,241.3 2 0
github.com/pingcap/tidb/store/tikv/region_request.go:249.65,250.15 1 962
github.com/pingcap/tidb/store/tikv/region_request.go:251.13,252.35 1 1
github.com/pingcap/tidb/store/tikv/region_request.go:253.13,254.35 1 961
github.com/pingcap/tidb/store/tikv/region_request.go:255.10,256.35 1 0
github.com/pingcap/tidb/store/tikv/txn.go:46.53,49.16 3 1557
github.com/pingcap/tidb/store/tikv/txn.go:52.2,52.46 1 1557
github.com/pingcap/tidb/store/tikv/txn.go:49.16,51.3 1 0
github.com/pingcap/tidb/store/tikv/txn.go:56.80,67.2 3 1583
github.com/pingcap/tidb/store/tikv/txn.go:70.37,72.2 1 39
github.com/pingcap/tidb/store/tikv/txn.go:75.29,77.2 1 0
github.com/pingcap/tidb/store/tikv/txn.go:80.51,83.15 3 1294
github.com/pingcap/tidb/store/tikv/txn.go:85.2,86.16 2 1294
github.com/pingcap/tidb/store/tikv/txn.go:90.2,91.16 2 705
github.com/pingcap/tidb/store/tikv/txn.go:95.2,95.17 1 704
github.com/pingcap/tidb/store/tikv/txn.go:83.15,83.106 1 1294
github.com/pingcap/tidb/store/tikv/txn.go:86.16,88.3 1 589
github.com/pingcap/tidb/store/tikv/txn.go:91.16,93.3 1 1
github.com/pingcap/tidb/store/tikv/txn.go:98.51,103.2 3 5869
github.com/pingcap/tidb/store/tikv/txn.go:105.37,107.2 1 0
github.com/pingcap/tidb/store/tikv/txn.go:109.57,112.15 3 28
github.com/pingcap/tidb/store/tikv/txn.go:114.2,114.23 1 28
github.com/pingcap/tidb/store/tikv/txn.go:112.15,112.107 1 28
github.com/pingcap/tidb/store/tikv/txn.go:118.64,121.15 3 0
github.com/pingcap/tidb/store/tikv/txn.go:125.2,125.30 1 0
github.com/pingcap/tidb/store/tikv/txn.go:121.15,123.3 1 0
github.com/pingcap/tidb/store/tikv/txn.go:128.44,133.2 3 974
github.com/pingcap/tidb/store/tikv/txn.go:135.63,137.13 2 1250
github.com/pingcap/tidb/store/tikv/txn.go:138.25,139.50 1 1
github.com/pingcap/tidb/store/tikv/txn.go:140.19,141.60 1 108
github.com/pingcap/tidb/store/tikv/txn.go:142.23,143.41 1 0
github.com/pingcap/tidb/store/tikv/txn.go:144.18,145.36 1 104
github.com/pingcap/tidb/store/tikv/txn.go:149.46,151.30 2 1500
github.com/pingcap/tidb/store/tikv/txn.go:151.30,153.3 1 0
github.com/pingcap/tidb/store/tikv/txn.go:156.55,157.16 1 1327
github.com/pingcap/tidb/store/tikv/txn.go:160.2,165.15 5 1327
github.com/pingcap/tidb/store/tikv/txn.go:167.2,167.57 1 1327
github.com/pingcap/tidb/store/tikv/txn.go:171.2,172.16 2 1327
github.com/pingcap/tidb/store/tikv/txn.go:175.2,175.22 1 1327
github.com/pingcap/tidb/store/tikv/txn.go:178.2,179.16 2 1233
github.com/pingcap/tidb/store/tikv/txn.go:183.2,185.12 3 1196
github.com/pingcap/tidb/store/tikv/txn.go:157.16,159.3 1 0
github.com/pingcap/tidb/store/tikv/txn.go:165.15,165.109 1 1327
github.com/pingcap/tidb/store/tikv/txn.go:167.57,169.3 1 0
github.com/pingcap/tidb/store/tikv/txn.go:172.16,174.3 1 0
github.com/pingcap/tidb/store/tikv/txn.go:175.22,177.3 1 94
github.com/pingcap/tidb/store/tikv/txn.go:179.16,182.3 2 37
github.com/pingcap/tidb/store/tikv/txn.go:188.29,190.2 1 1328
github.com/pingcap/tidb/store/tikv/txn.go:192.38,193.16 1 1
github.com/pingcap/tidb/store/tikv/txn.go:196.2,198.20 3 1
github.com/pingcap/tidb/store/tikv/txn.go:203.2,205.12 2 1
github.com/pingcap/tidb/store/tikv/txn.go:193.16,195.3 1 0
github.com/pingcap/tidb/store/tikv/txn.go:198.20,200.3 1 1
github.com/pingcap/tidb/store/tikv/txn.go:200.3,202.3 1 0
github.com/pingcap/tidb/store/tikv/txn.go:208.52,210.27 2 2
github.com/pingcap/tidb/store/tikv/txn.go:213.2,213.12 1 2
github.com/pingcap/tidb/store/tikv/txn.go:210.27,212.3 1 2
github.com/pingcap/tidb/store/tikv/txn.go:216.39,218.2 1 0
github.com/pingcap/tidb/store/tikv/txn.go:220.38,222.2 1 2858
github.com/pingcap/tidb/store/tikv/txn.go:224.34,226.2 1 1196
github.com/pingcap/tidb/store/tikv/txn.go:228.31,230.2 1 0
github.com/pingcap/tidb/store/tikv/txn.go:232.32,234.2 1 38
github.com/pingcap/tidb/store/tikv/txn.go:236.49,238.2 1 0
github.com/pingcap/tidb/store/tikv/txn.go:240.47,242.2 1 0
github.com/pingcap/tidb/store/tikv/safepoint.go:54.44,58.2 1 39
github.com/pingcap/tidb/store/tikv/safepoint.go:61.57,66.2 4 3
github.com/pingcap/tidb/store/tikv/safepoint.go:69.57,74.2 4 15
github.com/pingcap/tidb/store/tikv/safepoint.go:82.90,84.16 2 0
github.com/pingcap/tidb/store/tikv/safepoint.go:87.2,87.44 1 0
github.com/pingcap/tidb/store/tikv/safepoint.go:84.16,86.3 1 0
github.com/pingcap/tidb/store/tikv/safepoint.go:91.57,95.16 4 0
github.com/pingcap/tidb/store/tikv/safepoint.go:98.2,98.12 1 0
github.com/pingcap/tidb/store/tikv/safepoint.go:95.16,97.3 1 0
github.com/pingcap/tidb/store/tikv/safepoint.go:102.57,106.16 4 0
github.com/pingcap/tidb/store/tikv/safepoint.go:109.2,109.23 1 0
github.com/pingcap/tidb/store/tikv/safepoint.go:112.2,112.16 1 0
github.com/pingcap/tidb/store/tikv/safepoint.go:106.16,108.3 1 0
github.com/pingcap/tidb/store/tikv/safepoint.go:109.23,111.3 1 0
github.com/pingcap/tidb/store/tikv/safepoint.go:115.64,118.16 3 3
github.com/pingcap/tidb/store/tikv/safepoint.go:122.2,122.12 1 3
github.com/pingcap/tidb/store/tikv/safepoint.go:118.16,121.3 2 0
github.com/pingcap/tidb/store/tikv/safepoint.go:125.64,128.16 2 15
github.com/pingcap/tidb/store/tikv/safepoint.go:132.2,132.15 1 15
github.com/pingcap/tidb/store/tikv/safepoint.go:136.2,137.16 2 3
github.com/pingcap/tidb/store/tikv/safepoint.go:140.2,140.15 1 3
github.com/pingcap/tidb/store/tikv/safepoint.go:128.16,130.3 1 0
github.com/pingcap/tidb/store/tikv/safepoint.go:132.15,134.3 1 12
github.com/pingcap/tidb/store/tikv/safepoint.go:137.16,139.3 1 0
github.com/pingcap/tidb/store/tikv/scan.go:36.91,38.20 1 35
github.com/pingcap/tidb/store/tikv/scan.go:41.2,48.27 3 35
github.com/pingcap/tidb/store/tikv/scan.go:51.2,51.35 1 35
github.com/pingcap/tidb/store/tikv/scan.go:38.20,40.3 1 0
github.com/pingcap/tidb/store/tikv/scan.go:48.27,50.3 1 0
github.com/pingcap/tidb/store/tikv/scan.go:55.32,57.2 1 1489
github.com/pingcap/tidb/store/tikv/scan.go:60.32,61.13 1 1571
github.com/pingcap/tidb/store/tikv/scan.go:64.2,64.12 1 0
github.com/pingcap/tidb/store/tikv/scan.go:61.13,63.3 1 1571
github.com/pingcap/tidb/store/tikv/scan.go:68.34,69.13 1 2699
github.com/pingcap/tidb/store/tikv/scan.go:72.2,72.12 1 0
github.com/pingcap/tidb/store/tikv/scan.go:69.13,71.3 1 2699
github.com/pingcap/tidb/store/tikv/scan.go:76.32,78.14 2 1516
github.com/pingcap/tidb/store/tikv/scan.go:81.2,81.6 1 1516
github.com/pingcap/tidb/store/tikv/scan.go:78.14,80.3 1 0
github.com/pingcap/tidb/store/tikv/scan.go:81.6,83.28 2 1522
github.com/pingcap/tidb/store/tikv/scan.go:97.3,97.50 1 1502
github.com/pingcap/tidb/store/tikv/scan.go:101.3,101.26 1 1502
github.com/pingcap/tidb/store/tikv/scan.go:105.3,105.13 1 1500
github.com/pingcap/tidb/store/tikv/scan.go:83.28,84.13 1 55
github.com/pingcap/tidb/store/tikv/scan.go:88.4,89.18 2 40
github.com/pingcap/tidb/store/tikv/scan.go:93.4,93.29 1 39
github.com/pingcap/tidb/store/tikv/scan.go:84.13,87.5 2 15
github.com/pingcap/tidb/store/tikv/scan.go:89.18,92.5 2 1
github.com/pingcap/tidb/store/tikv/scan.go:93.29,94.13 1 4
github.com/pingcap/tidb/store/tikv/scan.go:97.50,100.4 2 0
github.com/pingcap/tidb/store/tikv/scan.go:101.26,103.12 1 2
github.com/pingcap/tidb/store/tikv/scan.go:110.27,112.2 1 17
github.com/pingcap/tidb/store/tikv/scan.go:114.36,116.2 1 120
github.com/pingcap/tidb/store/tikv/scan.go:118.59,120.31 2 1502
github.com/pingcap/tidb/store/tikv/scan.go:123.2,124.16 2 4
github.com/pingcap/tidb/store/tikv/scan.go:127.2,129.12 3 4
github.com/pingcap/tidb/store/tikv/scan.go:120.31,122.3 1 1498
github.com/pingcap/tidb/store/tikv/scan.go:124.16,126.3 1 0
github.com/pingcap/tidb/store/tikv/scan.go:132.48,136.6 3 40
github.com/pingcap/tidb/store/tikv/scan.go:136.6,138.17 2 40
github.com/pingcap/tidb/store/tikv/scan.go:141.3,155.17 3 40
github.com/pingcap/tidb/store/tikv/scan.go:158.3,159.17 2 40
github.com/pingcap/tidb/store/tikv/scan.go:162.3,162.23 1 40
github.com/pingcap/tidb/store/tikv/scan.go:170.3,171.25 2 40
github.com/pingcap/tidb/store/tikv/scan.go:175.3,176.17 2 40
github.com/pingcap/tidb/store/tikv/scan.go:180.3,182.32 2 39
github.com/pingcap/tidb/store/tikv/scan.go:192.3,193.33 2 39
github.com/pingcap/tidb/store/tikv/scan.go:207.3,209.13 3 8
github.com/pingcap/tidb/store/tikv/scan.go:138.17,140.4 1 0
github.com/pingcap/tidb/store/tikv/scan.go:155.17,157.4 1 0
github.com/pingcap/tidb/store/tikv/scan.go:159.17,161.4 1 0
github.com/pingcap/tidb/store/tikv/scan.go:162.23,165.18 3 0
github.com/pingcap/tidb/store/tikv/scan.go:168.4,168.12 1 0
github.com/pingcap/tidb/store/tikv/scan.go:165.18,167.5 1 0
github.com/pingcap/tidb/store/tikv/scan.go:171.25,173.4 1 0
github.com/pingcap/tidb/store/tikv/scan.go:176.17,178.4 1 1
github.com/pingcap/tidb/store/tikv/scan.go:182.32,183.48 1 2503
github.com/pingcap/tidb/store/tikv/scan.go:183.48,185.19 2 6
github.com/pingcap/tidb/store/tikv/scan.go:188.5,188.24 1 6
github.com/pingcap/tidb/store/tikv/scan.go:185.19,187.6 1 0
github.com/pingcap/tidb/store/tikv/scan.go:193.33,197.28 2 31
github.com/pingcap/tidb/store/tikv/scan.go:201.4,201.14 1 31
github.com/pingcap/tidb/store/tikv/scan.go:197.28,200.5 1 21
github.com/pingcap/tidb/store/tikv/snapshot.go:53.70,60.2 1 1645
github.com/pingcap/tidb/store/tikv/snapshot.go:64.75,67.15 3 9
github.com/pingcap/tidb/store/tikv/snapshot.go:70.2,76.66 5 9
github.com/pingcap/tidb/store/tikv/snapshot.go:84.2,84.16 1 9
github.com/pingcap/tidb/store/tikv/snapshot.go:88.2,89.16 2 9
github.com/pingcap/tidb/store/tikv/snapshot.go:93.2,93.15 1 8
github.com/pingcap/tidb/store/tikv/snapshot.go:67.15,67.112 1 9
github.com/pingcap/tidb/store/tikv/snapshot.go:76.66,77.18 1 620
github.com/pingcap/tidb/store/tikv/snapshot.go:80.3,82.14 3 620
github.com/pingcap/tidb/store/tikv/snapshot.go:77.18,79.4 1 0
github.com/pingcap/tidb/store/tikv/snapshot.go:84.16,86.3 1 0
github.com/pingcap/tidb/store/tikv/snapshot.go:89.16,91.3 1 1
github.com/pingcap/tidb/store/tikv/snapshot.go:96.110,98.16 2 10
github.com/pingcap/tidb/store/tikv/snapshot.go:102.2,105.28 3 10
github.com/pingcap/tidb/store/tikv/snapshot.go:109.2,109.23 1 10
github.com/pingcap/tidb/store/tikv/snapshot.go:112.2,112.23 1 10
github.com/pingcap/tidb/store/tikv/snapshot.go:115.2,116.33 2 2
github.com/pingcap/tidb/store/tikv/snapshot.go:124.2,124.36 1 2
github.com/pingcap/tidb/store/tikv/snapshot.go:130.2,130.26 1 2
github.com/pingcap/tidb/store/tikv/snapshot.go:98.16,100.3 1 0
github.com/pingcap/tidb/store/tikv/snapshot.go:105.28,106.64 1 13
github.com/pingcap/tidb/store/tikv/snapshot.go:106.64,106.76 1 1125
github.com/pingcap/tidb/store/tikv/snapshot.go:109.23,111.3 1 0
github.com/pingcap/tidb/store/tikv/snapshot.go:112.23,114.3 1 8
github.com/pingcap/tidb/store/tikv/snapshot.go:116.33,118.24 2 5
github.com/pingcap/tidb/store/tikv/snapshot.go:118.24,122.4 3 5
github.com/pingcap/tidb/store/tikv/snapshot.go:124.36,125.26 1 5
github.com/pingcap/tidb/store/tikv/snapshot.go:125.26,128.4 2 0
github.com/pingcap/tidb/store/tikv/snapshot.go:133.111,137.6 3 14
github.com/pingcap/tidb/store/tikv/snapshot.go:137.6,151.17 3 16
github.com/pingcap/tidb/store/tikv/snapshot.go:154.3,155.17 2 16
github.com/pingcap/tidb/store/tikv/snapshot.go:158.3,158.23 1 16
github.com/pingcap/tidb/store/tikv/snapshot.go:166.3,167.26 2 15
github.com/pingcap/tidb/store/tikv/snapshot.go:170.3,174.43 2 15
github.com/pingcap/tidb/store/tikv/snapshot.go:187.3,187.26 1 15
github.com/pingcap/tidb/store/tikv/snapshot.go:201.3,201.13 1 13
github.com/pingcap/tidb/store/tikv/snapshot.go:151.17,153.4 1 0
github.com/pingcap/tidb/store/tikv/snapshot.go:155.17,157.4 1 0
github.com/pingcap/tidb/store/tikv/snapshot.go:158.23,160.18 2 1
github.com/pingcap/tidb/store/tikv/snapshot.go:163.4,164.28 2 1
github.com/pingcap/tidb/store/tikv/snapshot.go:160.18,162.5 1 0
github.com/pingcap/tidb/store/tikv/snapshot.go:167.26,169.4 1 0
github.com/pingcap/tidb/store/tikv/snapshot.go:174.43,176.21 2 624
github.com/pingcap/tidb/store/tikv/snapshot.go:180.4,181.18 2 4
github.com/pingcap/tidb/store/tikv/snapshot.go:184.4,185.31 2 4
github.com/pingcap/tidb/store/tikv/snapshot.go:176.21,178.13 2 620
github.com/pingcap/tidb/store/tikv/snapshot.go:181.18,183.5 1 0
github.com/pingcap/tidb/store/tikv/snapshot.go:187.26,189.18 2 2
github.com/pingcap/tidb/store/tikv/snapshot.go:192.4,192.11 1 2
github.com/pingcap/tidb/store/tikv/snapshot.go:198.4,199.12 2 2
github.com/pingcap/tidb/store/tikv/snapshot.go:189.18,191.5 1 0
github.com/pingcap/tidb/store/tikv/snapshot.go:192.11,194.19 2 1
github.com/pingcap/tidb/store/tikv/snapshot.go:194.19,196.6 1 0
github.com/pingcap/tidb/store/tikv/snapshot.go:206.54,208.16 2 885
github.com/pingcap/tidb/store/tikv/snapshot.go:211.2,211.19 1 883
github.com/pingcap/tidb/store/tikv/snapshot.go:214.2,214.17 1 794
github.com/pingcap/tidb/store/tikv/snapshot.go:208.16,210.3 1 2
github.com/pingcap/tidb/store/tikv/snapshot.go:211.19,213.3 1 89
github.com/pingcap/tidb/store/tikv/snapshot.go:217.69,232.6 3 889
github.com/pingcap/tidb/store/tikv/snapshot.go:232.6,234.17 2 921
github.com/pingcap/tidb/store/tikv/snapshot.go:237.3,238.17 2 921
github.com/pingcap/tidb/store/tikv/snapshot.go:241.3,242.17 2 920
github.com/pingcap/tidb/store/tikv/snapshot.go:245.3,245.23 1 920
github.com/pingcap/tidb/store/tikv/snapshot.go:252.3,253.24 2 918
github.com/pingcap/tidb/store/tikv/snapshot.go:256.3,257.53 2 918
github.com/pingcap/tidb/store/tikv/snapshot.go:274.3,274.18 1 887
github.com/pingcap/tidb/store/tikv/snapshot.go:234.17,236.4 1 0
github.com/pingcap/tidb/store/tikv/snapshot.go:238.17,240.4 1 1
github.com/pingcap/tidb/store/tikv/snapshot.go:242.17,244.4 1 0
github.com/pingcap/tidb/store/tikv/snapshot.go:245.23,247.18 2 2
github.com/pingcap/tidb/store/tikv/snapshot.go:250.4,250.12 1 2
github.com/pingcap/tidb/store/tikv/snapshot.go:247.18,249.5 1 0
github.com/pingcap/tidb/store/tikv/snapshot.go:253.24,255.4 1 0
github.com/pingcap/tidb/store/tikv/snapshot.go:257.53,259.18 2 31
github.com/pingcap/tidb/store/tikv/snapshot.go:262.4,263.18 2 30
github.com/pingcap/tidb/store/tikv/snapshot.go:266.4,266.11 1 30
github.com/pingcap/tidb/store/tikv/snapshot.go:272.4,272.12 1 30
github.com/pingcap/tidb/store/tikv/snapshot.go:259.18,261.5 1 1
github.com/pingcap/tidb/store/tikv/snapshot.go:263.18,265.5 1 0
github.com/pingcap/tidb/store/tikv/snapshot.go:266.11,268.19 2 21
github.com/pingcap/tidb/store/tikv/snapshot.go:268.19,270.6 1 0
github.com/pingcap/tidb/store/tikv/snapshot.go:279.60,282.2 2 34
github.com/pingcap/tidb/store/tikv/snapshot.go:285.67,287.2 1 0
github.com/pingcap/tidb/store/tikv/snapshot.go:289.64,290.49 1 152
github.com/pingcap/tidb/store/tikv/snapshot.go:293.2,293.28 1 31
github.com/pingcap/tidb/store/tikv/snapshot.go:298.2,298.24 1 1
github.com/pingcap/tidb/store/tikv/snapshot.go:303.2,303.71 1 0
github.com/pingcap/tidb/store/tikv/snapshot.go:290.49,292.3 1 121
github.com/pingcap/tidb/store/tikv/snapshot.go:293.28,297.3 3 30
github.com/pingcap/tidb/store/tikv/snapshot.go:298.24,302.3 3 1
github.com/pingcap/tidb/store/tikv/2pc.go:48.48,49.12 1 2515
github.com/pingcap/tidb/store/tikv/2pc.go:57.2,57.18 1 0
github.com/pingcap/tidb/store/tikv/2pc.go:50.22,51.20 1 1283
github.com/pingcap/tidb/store/tikv/2pc.go:52.20,53.18 1 1221
github.com/pingcap/tidb/store/tikv/2pc.go:54.21,55.19 1 11
github.com/pingcap/tidb/store/tikv/2pc.go:61.52,63.2 1 2515
github.com/pingcap/tidb/store/tikv/2pc.go:85.69,94.58 3 1377
github.com/pingcap/tidb/store/tikv/2pc.go:117.2,117.16 1 1377
github.com/pingcap/tidb/store/tikv/2pc.go:120.2,120.39 1 1377
github.com/pingcap/tidb/store/tikv/2pc.go:131.2,131.20 1 1377
github.com/pingcap/tidb/store/tikv/2pc.go:134.2,135.64 2 1283
github.com/pingcap/tidb/store/tikv/2pc.go:138.2,140.49 3 1283
github.com/pingcap/tidb/store/tikv/2pc.go:146.2,157.8 3 1283
github.com/pingcap/tidb/store/tikv/2pc.go:94.58,95.17 1 6816
github.com/pingcap/tidb/store/tikv/2pc.go:109.3,111.39 3 6816
github.com/pingcap/tidb/store/tikv/2pc.go:114.3,115.13 2 6816
github.com/pingcap/tidb/store/tikv/2pc.go:95.17,102.4 2 5842
github.com/pingcap/tidb/store/tikv/2pc.go:102.4,108.4 2 974
github.com/pingcap/tidb/store/tikv/2pc.go:111.39,113.4 1 0
github.com/pingcap/tidb/store/tikv/2pc.go:117.16,119.3 1 0
github.com/pingcap/tidb/store/tikv/2pc.go:120.39,121.47 1 2
github.com/pingcap/tidb/store/tikv/2pc.go:121.47,129.4 4 1
github.com/pingcap/tidb/store/tikv/2pc.go:131.20,133.3 1 94
github.com/pingcap/tidb/store/tikv/2pc.go:135.64,137.3 1 0
github.com/pingcap/tidb/store/tikv/2pc.go:140.49,144.3 2 1
github.com/pingcap/tidb/store/tikv/2pc.go:160.46,162.2 1 6871
github.com/pingcap/tidb/store/tikv/2pc.go:166.58,172.35 2 1283
github.com/pingcap/tidb/store/tikv/2pc.go:186.2,187.34 2 1283
github.com/pingcap/tidb/store/tikv/2pc.go:172.35,175.31 3 5
github.com/pingcap/tidb/store/tikv/2pc.go:178.3,178.27 1 5
github.com/pingcap/tidb/store/tikv/2pc.go:175.31,177.4 1 4
github.com/pingcap/tidb/store/tikv/2pc.go:178.27,180.4 1 0
github.com/pingcap/tidb/store/tikv/2pc.go:193.109,194.20 1 2540
github.com/pingcap/tidb/store/tikv/2pc.go:197.2,198.16 2 2515
github.com/pingcap/tidb/store/tikv/2pc.go:202.2,206.30 4 2515
github.com/pingcap/tidb/store/tikv/2pc.go:210.2,212.28 3 2515
github.com/pingcap/tidb/store/tikv/2pc.go:216.2,217.75 2 2515
github.com/pingcap/tidb/store/tikv/2pc.go:225.2,225.28 1 2498
github.com/pingcap/tidb/store/tikv/2pc.go:237.2,237.26 1 2498
github.com/pingcap/tidb/store/tikv/2pc.go:194.20,196.3 1 25
github.com/pingcap/tidb/store/tikv/2pc.go:198.16,200.3 1 0
github.com/pingcap/tidb/store/tikv/2pc.go:206.30,208.3 1 1283
github.com/pingcap/tidb/store/tikv/2pc.go:212.28,214.3 1 49
github.com/pingcap/tidb/store/tikv/2pc.go:217.75,220.17 2 1231
github.com/pingcap/tidb/store/tikv/2pc.go:223.3,223.24 1 1214
github.com/pingcap/tidb/store/tikv/2pc.go:220.17,222.4 1 17
github.com/pingcap/tidb/store/tikv/2pc.go:225.28,227.30 1 1204
github.com/pingcap/tidb/store/tikv/2pc.go:227.30,229.16 2 1204
github.com/pingcap/tidb/store/tikv/2pc.go:229.16,232.5 2 0
github.com/pingcap/tidb/store/tikv/2pc.go:234.3,236.3 1 1294
github.com/pingcap/tidb/store/tikv/2pc.go:241.118,242.23 1 3729
github.com/pingcap/tidb/store/tikv/2pc.go:245.2,246.16 2 2528
github.com/pingcap/tidb/store/tikv/2pc.go:254.2,254.23 1 2528
github.com/pingcap/tidb/store/tikv/2pc.go:263.2,265.30 3 28
github.com/pingcap/tidb/store/tikv/2pc.go:270.2,271.33 2 28
github.com/pingcap/tidb/store/tikv/2pc.go:292.2,293.36 2 28
github.com/pingcap/tidb/store/tikv/2pc.go:306.2,306.26 1 28
github.com/pingcap/tidb/store/tikv/2pc.go:242.23,244.3 1 1201
github.com/pingcap/tidb/store/tikv/2pc.go:247.22,248.48 1 1283
github.com/pingcap/tidb/store/tikv/2pc.go:249.20,250.46 1 1230
github.com/pingcap/tidb/store/tikv/2pc.go:251.21,252.47 1 15
github.com/pingcap/tidb/store/tikv/2pc.go:254.23,256.15 2 2500
github.com/pingcap/tidb/store/tikv/2pc.go:259.3,259.25 1 2500
github.com/pingcap/tidb/store/tikv/2pc.go:256.15,258.4 1 43
github.com/pingcap/tidb/store/tikv/2pc.go:265.30,267.3 1 24
github.com/pingcap/tidb/store/tikv/2pc.go:271.33,274.30 2 329
github.com/pingcap/tidb/store/tikv/2pc.go:274.30,275.30 1 329
github.com/pingcap/tidb/store/tikv/2pc.go:275.30,285.5 2 10
github.com/pingcap/tidb/store/tikv/2pc.go:285.5,289.5 3 319
github.com/pingcap/tidb/store/tikv/2pc.go:293.36,294.26 1 329
github.com/pingcap/tidb/store/tikv/2pc.go:294.26,297.21 2 10
github.com/pingcap/tidb/store/tikv/2pc.go:301.4,301.18 1 10
github.com/pingcap/tidb/store/tikv/2pc.go:297.21,300.5 2 10
github.com/pingcap/tidb/store/tikv/2pc.go:301.18,303.5 1 7
github.com/pingcap/tidb/store/tikv/2pc.go:309.58,311.59 2 6845
github.com/pingcap/tidb/store/tikv/2pc.go:314.2,314.13 1 6845
github.com/pingcap/tidb/store/tikv/2pc.go:311.59,313.3 1 6845
github.com/pingcap/tidb/store/tikv/2pc.go:317.53,319.2 1 4697
github.com/pingcap/tidb/store/tikv/2pc.go:321.87,323.31 2 1578
github.com/pingcap/tidb/store/tikv/2pc.go:327.2,340.6 2 1578
github.com/pingcap/tidb/store/tikv/2pc.go:323.31,325.3 1 6845
github.com/pingcap/tidb/store/tikv/2pc.go:340.6,342.17 2 1605
github.com/pingcap/tidb/store/tikv/2pc.go:345.3,346.17 2 1600
github.com/pingcap/tidb/store/tikv/2pc.go:349.3,349.23 1 1600
github.com/pingcap/tidb/store/tikv/2pc.go:357.3,358.26 2 1600
github.com/pingcap/tidb/store/tikv/2pc.go:361.3,362.24 2 1600
github.com/pingcap/tidb/store/tikv/2pc.go:377.3,378.34 2 58
github.com/pingcap/tidb/store/tikv/2pc.go:386.3,387.17 2 28
github.com/pingcap/tidb/store/tikv/2pc.go:390.3,390.10 1 28
github.com/pingcap/tidb/store/tikv/2pc.go:342.17,344.4 1 5
github.com/pingcap/tidb/store/tikv/2pc.go:346.17,348.4 1 0
github.com/pingcap/tidb/store/tikv/2pc.go:349.23,351.18 2 0
github.com/pingcap/tidb/store/tikv/2pc.go:354.4,355.28 2 0
github.com/pingcap/tidb/store/tikv/2pc.go:351.18,353.5 1 0
github.com/pingcap/tidb/store/tikv/2pc.go:358.26,360.4 1 0
github.com/pingcap/tidb/store/tikv/2pc.go:362.24,368.47 3 1542
github.com/pingcap/tidb/store/tikv/2pc.go:375.4,375.14 1 1542
github.com/pingcap/tidb/store/tikv/2pc.go:368.47,372.5 3 1254
github.com/pingcap/tidb/store/tikv/2pc.go:372.5,374.5 1 288
github.com/pingcap/tidb/store/tikv/2pc.go:378.34,380.19 2 108
github.com/pingcap/tidb/store/tikv/2pc.go:383.4,384.31 2 78
github.com/pingcap/tidb/store/tikv/2pc.go:380.19,382.5 1 30
github.com/pingcap/tidb/store/tikv/2pc.go:387.17,389.4 1 0
github.com/pingcap/tidb/store/tikv/2pc.go:390.10,392.18 2 24
github.com/pingcap/tidb/store/tikv/2pc.go:392.18,394.5 1 1
github.com/pingcap/tidb/store/tikv/2pc.go:399.49,400.54 1 1283
github.com/pingcap/tidb/store/tikv/2pc.go:403.2,403.29 1 1226
github.com/pingcap/tidb/store/tikv/2pc.go:400.54,402.3 1 57
github.com/pingcap/tidb/store/tikv/2pc.go:406.39,407.67 1 1283
github.com/pingcap/tidb/store/tikv/2pc.go:410.2,410.14 1 1227
github.com/pingcap/tidb/store/tikv/2pc.go:407.67,409.3 1 56
github.com/pingcap/tidb/store/tikv/2pc.go:413.52,414.13 1 182
github.com/pingcap/tidb/store/tikv/2pc.go:420.2,420.29 1 10
github.com/pingcap/tidb/store/tikv/2pc.go:415.22,416.27 1 1
github.com/pingcap/tidb/store/tikv/2pc.go:417.23,418.28 1 171
github.com/pingcap/tidb/store/tikv/2pc.go:423.59,427.2 3 1214
github.com/pingcap/tidb/store/tikv/2pc.go:429.56,433.2 3 6
github.com/pingcap/tidb/store/tikv/2pc.go:435.85,459.41 6 1236
github.com/pingcap/tidb/store/tikv/2pc.go:463.2,463.16 1 1236
github.com/pingcap/tidb/store/tikv/2pc.go:466.2,467.16 2 1233
github.com/pingcap/tidb/store/tikv/2pc.go:470.2,470.22 1 1233
github.com/pingcap/tidb/store/tikv/2pc.go:479.2,480.23 2 1220
github.com/pingcap/tidb/store/tikv/2pc.go:485.2,485.15 1 1220
github.com/pingcap/tidb/store/tikv/2pc.go:488.2,488.52 1 1220
github.com/pingcap/tidb/store/tikv/2pc.go:503.2,508.12 4 1219
github.com/pingcap/tidb/store/tikv/2pc.go:459.41,461.3 1 9
github.com/pingcap/tidb/store/tikv/2pc.go:463.16,465.3 1 3
github.com/pingcap/tidb/store/tikv/2pc.go:467.16,469.3 1 0
github.com/pingcap/tidb/store/tikv/2pc.go:470.22,472.17 2 13
github.com/pingcap/tidb/store/tikv/2pc.go:476.3,477.27 2 11
github.com/pingcap/tidb/store/tikv/2pc.go:472.17,474.4 1 2
github.com/pingcap/tidb/store/tikv/2pc.go:480.23,482.3 1 0
github.com/pingcap/tidb/store/tikv/2pc.go:485.15,487.3 1 1205
github.com/pingcap/tidb/store/tikv/2pc.go:488.52,492.21 4 1
github.com/pingcap/tidb/store/tikv/2pc.go:499.3,500.48 2 1
github.com/pingcap/tidb/store/tikv/2pc.go:492.21,497.4 2 0
github.com/pingcap/tidb/store/tikv/2pc.go:511.86,524.16 3 15
github.com/pingcap/tidb/store/tikv/2pc.go:527.2,528.16 2 15
github.com/pingcap/tidb/store/tikv/2pc.go:531.2,531.22 1 15
github.com/pingcap/tidb/store/tikv/2pc.go:539.2,539.60 1 15
github.com/pingcap/tidb/store/tikv/2pc.go:544.2,544.12 1 15
github.com/pingcap/tidb/store/tikv/2pc.go:524.16,526.3 1 0
github.com/pingcap/tidb/store/tikv/2pc.go:528.16,530.3 1 0
github.com/pingcap/tidb/store/tikv/2pc.go:531.22,533.17 2 0
github.com/pingcap/tidb/store/tikv/2pc.go:536.3,537.27 2 0
github.com/pingcap/tidb/store/tikv/2pc.go:533.17,535.4 1 0
github.com/pingcap/tidb/store/tikv/2pc.go:539.60,543.3 3 0
github.com/pingcap/tidb/store/tikv/2pc.go:547.78,549.2 1 1283
github.com/pingcap/tidb/store/tikv/2pc.go:551.76,553.2 1 1221
github.com/pingcap/tidb/store/tikv/2pc.go:555.77,557.2 1 36
github.com/pingcap/tidb/store/tikv/2pc.go:565.64,566.15 1 1233
github.com/pingcap/tidb/store/tikv/2pc.go:586.2,587.17 2 1233
github.com/pingcap/tidb/store/tikv/2pc.go:593.2,602.23 5 1233
github.com/pingcap/tidb/store/tikv/2pc.go:608.2,608.16 1 1233
github.com/pingcap/tidb/store/tikv/2pc.go:613.2,614.16 2 1203
github.com/pingcap/tidb/store/tikv/2pc.go:620.2,620.27 1 1203
github.com/pingcap/tidb/store/tikv/2pc.go:627.2,628.44 2 1202
github.com/pingcap/tidb/store/tikv/2pc.go:632.2,632.56 1 1202
github.com/pingcap/tidb/store/tikv/2pc.go:637.2,638.16 2 1202
github.com/pingcap/tidb/store/tikv/2pc.go:649.2,649.12 1 1196
github.com/pingcap/tidb/store/tikv/2pc.go:566.15,573.34 6 1233
github.com/pingcap/tidb/store/tikv/2pc.go:573.34,574.31 1 34
github.com/pingcap/tidb/store/tikv/2pc.go:574.31,576.19 2 34
github.com/pingcap/tidb/store/tikv/2pc.go:576.19,579.6 2 0
github.com/pingcap/tidb/store/tikv/2pc.go:579.6,581.6 1 34
github.com/pingcap/tidb/store/tikv/2pc.go:587.17,589.3 1 1
github.com/pingcap/tidb/store/tikv/2pc.go:589.3,592.3 1 1232
github.com/pingcap/tidb/store/tikv/2pc.go:602.23,604.23 2 0
github.com/pingcap/tidb/store/tikv/2pc.go:604.23,606.4 1 0
github.com/pingcap/tidb/store/tikv/2pc.go:608.16,611.3 2 30
github.com/pingcap/tidb/store/tikv/2pc.go:614.16,617.3 2 0
github.com/pingcap/tidb/store/tikv/2pc.go:620.27,626.3 3 1
github.com/pingcap/tidb/store/tikv/2pc.go:628.44,630.3 1 0
github.com/pingcap/tidb/store/tikv/2pc.go:632.56,635.3 2 0
github.com/pingcap/tidb/store/tikv/2pc.go:638.16,639.72 1 6
github.com/pingcap/tidb/store/tikv/2pc.go:643.3,643.22 1 6
github.com/pingcap/tidb/store/tikv/2pc.go:647.3,647.68 1 0
github.com/pingcap/tidb/store/tikv/2pc.go:639.72,642.4 2 3
github.com/pingcap/tidb/store/tikv/2pc.go:643.22,646.4 2 6
github.com/pingcap/tidb/store/tikv/2pc.go:656.54,658.8 2 1202
github.com/pingcap/tidb/store/tikv/2pc.go:664.2,664.12 1 1202
github.com/pingcap/tidb/store/tikv/2pc.go:658.8,660.17 2 1
github.com/pingcap/tidb/store/tikv/2pc.go:660.17,662.4 1 0
github.com/pingcap/tidb/store/tikv/2pc.go:667.57,668.28 1 1233
github.com/pingcap/tidb/store/tikv/2pc.go:671.2,672.12 2 0
github.com/pingcap/tidb/store/tikv/2pc.go:682.2,682.11 1 0
github.com/pingcap/tidb/store/tikv/2pc.go:668.28,670.3 1 1233
github.com/pingcap/tidb/store/tikv/2pc.go:672.12,676.43 4 0
github.com/pingcap/tidb/store/tikv/2pc.go:679.3,680.26 2 0
github.com/pingcap/tidb/store/tikv/2pc.go:676.43,678.4 1 0
github.com/pingcap/tidb/store/tikv/2pc.go:685.85,686.28 1 1233
github.com/pingcap/tidb/store/tikv/2pc.go:689.2,692.12 4 0
github.com/pingcap/tidb/store/tikv/2pc.go:686.28,688.3 1 1233
github.com/pingcap/tidb/store/tikv/2pc.go:692.12,694.17 2 0
github.com/pingcap/tidb/store/tikv/2pc.go:694.17,696.4 1 0
github.com/pingcap/tidb/store/tikv/2pc.go:700.54,702.2 1 2466
github.com/pingcap/tidb/store/tikv/2pc.go:716.122,718.48 2 2577
github.com/pingcap/tidb/store/tikv/2pc.go:728.2,728.10 1 2577
github.com/pingcap/tidb/store/tikv/2pc.go:718.48,720.59 2 2845
github.com/pingcap/tidb/store/tikv/2pc.go:723.3,726.5 1 2845
github.com/pingcap/tidb/store/tikv/2pc.go:720.59,722.4 1 12667
github.com/pingcap/tidb/store/tikv/coprocessor.go:47.73,48.17 1 58
github.com/pingcap/tidb/store/tikv/coprocessor.go:66.2,66.14 1 0
github.com/pingcap/tidb/store/tikv/coprocessor.go:49.41,50.18 1 50
github.com/pingcap/tidb/store/tikv/coprocessor.go:56.21,59.40 1 8
github.com/pingcap/tidb/store/tikv/coprocessor.go:62.3,62.47 1 8
github.com/pingcap/tidb/store/tikv/coprocessor.go:63.25,64.14 1 0
github.com/pingcap/tidb/store/tikv/coprocessor.go:51.68,52.15 1 11
github.com/pingcap/tidb/store/tikv/coprocessor.go:53.11,54.48 1 39
github.com/pingcap/tidb/store/tikv/coprocessor.go:59.40,61.4 1 0
github.com/pingcap/tidb/store/tikv/coprocessor.go:69.62,70.18 1 47
github.com/pingcap/tidb/store/tikv/coprocessor.go:73.73,74.14 1 39
github.com/pingcap/tidb/store/tikv/coprocessor.go:76.62,77.14 1 0
github.com/pingcap/tidb/store/tikv/coprocessor.go:82.22,83.14 1 4
github.com/pingcap/tidb/store/tikv/coprocessor.go:85.85,86.14 1 0
github.com/pingcap/tidb/store/tikv/coprocessor.go:88.90,89.14 1 0
github.com/pingcap/tidb/store/tikv/coprocessor.go:92.79,93.14 1 0
github.com/pingcap/tidb/store/tikv/coprocessor.go:97.104,98.14 1 0
github.com/pingcap/tidb/store/tikv/coprocessor.go:100.32,101.14 1 0
github.com/pingcap/tidb/store/tikv/coprocessor.go:102.25,103.14 1 0
github.com/pingcap/tidb/store/tikv/coprocessor.go:104.30,105.14 1 4
github.com/pingcap/tidb/store/tikv/coprocessor.go:106.10,107.15 1 0
github.com/pingcap/tidb/store/tikv/coprocessor.go:112.76,117.16 4 16
github.com/pingcap/tidb/store/tikv/coprocessor.go:120.2,127.33 3 16
github.com/pingcap/tidb/store/tikv/coprocessor.go:130.2,130.24 1 16
github.com/pingcap/tidb/store/tikv/coprocessor.go:134.2,134.23 1 16
github.com/pingcap/tidb/store/tikv/coprocessor.go:137.2,138.11 2 16
github.com/pingcap/tidb/store/tikv/coprocessor.go:117.16,119.3 1 0
github.com/pingcap/tidb/store/tikv/coprocessor.go:127.33,129.3 1 16
github.com/pingcap/tidb/store/tikv/coprocessor.go:130.24,133.3 1 0
github.com/pingcap/tidb/store/tikv/coprocessor.go:134.23,136.3 1 13
github.com/pingcap/tidb/store/tikv/coprocessor.go:151.35,154.2 1 2
github.com/pingcap/tidb/store/tikv/coprocessor.go:164.37,166.30 2 0
github.com/pingcap/tidb/store/tikv/coprocessor.go:169.2,169.10 1 0
github.com/pingcap/tidb/store/tikv/coprocessor.go:166.30,168.3 1 0
github.com/pingcap/tidb/store/tikv/coprocessor.go:172.31,174.20 2 488
github.com/pingcap/tidb/store/tikv/coprocessor.go:177.2,178.19 2 488
github.com/pingcap/tidb/store/tikv/coprocessor.go:181.2,181.10 1 488
github.com/pingcap/tidb/store/tikv/coprocessor.go:174.20,176.3 1 135
github.com/pingcap/tidb/store/tikv/coprocessor.go:178.19,180.3 1 85
github.com/pingcap/tidb/store/tikv/coprocessor.go:184.43,185.20 1 323
github.com/pingcap/tidb/store/tikv/coprocessor.go:191.2,191.20 1 277
github.com/pingcap/tidb/store/tikv/coprocessor.go:194.2,194.16 1 28
github.com/pingcap/tidb/store/tikv/coprocessor.go:185.20,186.13 1 114
github.com/pingcap/tidb/store/tikv/coprocessor.go:189.3,189.6 1 68
github.com/pingcap/tidb/store/tikv/coprocessor.go:186.13,188.4 1 46
github.com/pingcap/tidb/store/tikv/coprocessor.go:191.20,193.3 1 249
github.com/pingcap/tidb/store/tikv/coprocessor.go:197.52,199.20 2 94
github.com/pingcap/tidb/store/tikv/coprocessor.go:210.2,210.22 1 94
github.com/pingcap/tidb/store/tikv/coprocessor.go:220.2,220.13 1 94
github.com/pingcap/tidb/store/tikv/coprocessor.go:199.20,200.26 1 50
github.com/pingcap/tidb/store/tikv/coprocessor.go:203.3,203.15 1 50
github.com/pingcap/tidb/store/tikv/coprocessor.go:206.3,206.13 1 50
github.com/pingcap/tidb/store/tikv/coprocessor.go:200.26,202.4 1 18
github.com/pingcap/tidb/store/tikv/coprocessor.go:203.15,205.4 1 26
github.com/pingcap/tidb/store/tikv/coprocessor.go:206.13,208.4 1 44
github.com/pingcap/tidb/store/tikv/coprocessor.go:210.22,212.3 1 79
github.com/pingcap/tidb/store/tikv/coprocessor.go:212.3,213.25 1 15
github.com/pingcap/tidb/store/tikv/coprocessor.go:216.3,216.16 1 15
github.com/pingcap/tidb/store/tikv/coprocessor.go:213.25,215.4 1 11
github.com/pingcap/tidb/store/tikv/coprocessor.go:216.16,218.4 1 11
github.com/pingcap/tidb/store/tikv/coprocessor.go:223.50,224.20 1 17
github.com/pingcap/tidb/store/tikv/coprocessor.go:227.2,227.28 1 17
github.com/pingcap/tidb/store/tikv/coprocessor.go:230.2,230.19 1 17
github.com/pingcap/tidb/store/tikv/coprocessor.go:224.20,226.3 1 0
github.com/pingcap/tidb/store/tikv/coprocessor.go:227.28,229.3 1 71
github.com/pingcap/tidb/store/tikv/coprocessor.go:230.19,232.3 1 0
github.com/pingcap/tidb/store/tikv/coprocessor.go:235.58,237.30 2 17
github.com/pingcap/tidb/store/tikv/coprocessor.go:243.2,243.15 1 17
github.com/pingcap/tidb/store/tikv/coprocessor.go:237.30,242.3 1 71
github.com/pingcap/tidb/store/tikv/coprocessor.go:247.64,248.45 1 18
github.com/pingcap/tidb/store/tikv/coprocessor.go:253.2,253.17 1 18
github.com/pingcap/tidb/store/tikv/coprocessor.go:263.2,263.43 1 13
github.com/pingcap/tidb/store/tikv/coprocessor.go:248.45,251.3 2 42
github.com/pingcap/tidb/store/tikv/coprocessor.go:253.17,255.41 2 16
github.com/pingcap/tidb/store/tikv/coprocessor.go:255.41,261.4 5 5
github.com/pingcap/tidb/store/tikv/coprocessor.go:266.121,272.15 5 28
github.com/pingcap/tidb/store/tikv/coprocessor.go:276.2,277.60 2 28
github.com/pingcap/tidb/store/tikv/coprocessor.go:286.2,286.23 1 28
github.com/pingcap/tidb/store/tikv/coprocessor.go:328.2,328.10 1 28
github.com/pingcap/tidb/store/tikv/coprocessor.go:331.2,331.66 1 28
github.com/pingcap/tidb/store/tikv/coprocessor.go:334.2,335.19 2 28
github.com/pingcap/tidb/store/tikv/coprocessor.go:272.15,274.3 1 0
github.com/pingcap/tidb/store/tikv/coprocessor.go:277.60,284.3 1 37
github.com/pingcap/tidb/store/tikv/coprocessor.go:286.23,288.17 2 37
github.com/pingcap/tidb/store/tikv/coprocessor.go:293.3,294.31 2 37
github.com/pingcap/tidb/store/tikv/coprocessor.go:301.3,301.24 1 37
github.com/pingcap/tidb/store/tikv/coprocessor.go:306.3,307.31 2 9
github.com/pingcap/tidb/store/tikv/coprocessor.go:288.17,290.4 1 0
github.com/pingcap/tidb/store/tikv/coprocessor.go:294.31,296.70 2 95
github.com/pingcap/tidb/store/tikv/coprocessor.go:296.70,297.10 1 9
github.com/pingcap/tidb/store/tikv/coprocessor.go:301.24,303.9 2 28
github.com/pingcap/tidb/store/tikv/coprocessor.go:307.31,321.4 5 8
github.com/pingcap/tidb/store/tikv/coprocessor.go:321.4,325.4 2 1
github.com/pingcap/tidb/store/tikv/coprocessor.go:328.10,330.3 1 1
github.com/pingcap/tidb/store/tikv/coprocessor.go:331.66,333.3 1 0
github.com/pingcap/tidb/store/tikv/coprocessor.go:338.37,339.36 1 1
github.com/pingcap/tidb/store/tikv/coprocessor.go:339.36,342.3 2 1
github.com/pingcap/tidb/store/tikv/coprocessor.go:372.74,377.27 4 16
github.com/pingcap/tidb/store/tikv/coprocessor.go:377.27,379.24 2 16
github.com/pingcap/tidb/store/tikv/coprocessor.go:385.3,389.35 5 16
github.com/pingcap/tidb/store/tikv/coprocessor.go:392.3,394.24 3 16
github.com/pingcap/tidb/store/tikv/coprocessor.go:397.3,397.23 1 16
github.com/pingcap/tidb/store/tikv/coprocessor.go:400.3,400.10 1 16
github.com/pingcap/tidb/store/tikv/coprocessor.go:379.24,381.4 1 13
github.com/pingcap/tidb/store/tikv/coprocessor.go:381.4,383.4 1 3
github.com/pingcap/tidb/store/tikv/coprocessor.go:389.35,391.4 1 2
github.com/pingcap/tidb/store/tikv/coprocessor.go:394.24,396.4 1 3
github.com/pingcap/tidb/store/tikv/coprocessor.go:397.23,399.4 1 3
github.com/pingcap/tidb/store/tikv/coprocessor.go:401.22,402.10 1 0
github.com/pingcap/tidb/store/tikv/coprocessor.go:403.11,403.11 0 16
github.com/pingcap/tidb/store/tikv/coprocessor.go:408.49,412.38 3 16
github.com/pingcap/tidb/store/tikv/coprocessor.go:418.2,418.26 1 16
github.com/pingcap/tidb/store/tikv/coprocessor.go:412.38,413.27 1 16
github.com/pingcap/tidb/store/tikv/coprocessor.go:413.27,415.4 1 16
github.com/pingcap/tidb/store/tikv/coprocessor.go:418.26,420.30 1 16
github.com/pingcap/tidb/store/tikv/coprocessor.go:426.3,430.24 3 16
github.com/pingcap/tidb/store/tikv/coprocessor.go:420.30,422.12 2 16
github.com/pingcap/tidb/store/tikv/coprocessor.go:422.12,423.10 1 0
github.com/pingcap/tidb/store/tikv/coprocessor.go:430.24,432.4 1 13
github.com/pingcap/tidb/store/tikv/coprocessor.go:436.126,437.9 1 6
github.com/pingcap/tidb/store/tikv/coprocessor.go:448.2,448.8 1 6
github.com/pingcap/tidb/store/tikv/coprocessor.go:438.27,438.27 0 6
github.com/pingcap/tidb/store/tikv/coprocessor.go:439.21,440.14 1 0
github.com/pingcap/tidb/store/tikv/coprocessor.go:441.20,443.52 1 0
github.com/pingcap/tidb/store/tikv/coprocessor.go:446.3,446.14 1 0
github.com/pingcap/tidb/store/tikv/coprocessor.go:443.52,445.4 1 0
github.com/pingcap/tidb/store/tikv/coprocessor.go:451.85,452.9 1 16
github.com/pingcap/tidb/store/tikv/coprocessor.go:457.2,457.8 1 16
github.com/pingcap/tidb/store/tikv/coprocessor.go:453.19,453.19 0 16
github.com/pingcap/tidb/store/tikv/coprocessor.go:454.21,455.14 1 0
github.com/pingcap/tidb/store/tikv/coprocessor.go:460.92,461.9 1 16
github.com/pingcap/tidb/store/tikv/coprocessor.go:466.2,466.8 1 16
github.com/pingcap/tidb/store/tikv/coprocessor.go:462.22,462.22 0 16
github.com/pingcap/tidb/store/tikv/coprocessor.go:463.21,464.14 1 0
github.com/pingcap/tidb/store/tikv/coprocessor.go:472.66,481.23 3 32
github.com/pingcap/tidb/store/tikv/coprocessor.go:509.2,509.21 1 16
github.com/pingcap/tidb/store/tikv/coprocessor.go:513.2,514.16 2 16
github.com/pingcap/tidb/store/tikv/coprocessor.go:518.2,518.22 1 16
github.com/pingcap/tidb/store/tikv/coprocessor.go:521.2,521.23 1 16
github.com/pingcap/tidb/store/tikv/coprocessor.go:481.23,484.10 2 26
github.com/pingcap/tidb/store/tikv/coprocessor.go:484.10,486.4 1 13
github.com/pingcap/tidb/store/tikv/coprocessor.go:487.3,489.7 2 6
github.com/pingcap/tidb/store/tikv/coprocessor.go:489.7,490.32 1 9
github.com/pingcap/tidb/store/tikv/coprocessor.go:494.4,496.14 3 6
github.com/pingcap/tidb/store/tikv/coprocessor.go:500.4,500.10 1 6
github.com/pingcap/tidb/store/tikv/coprocessor.go:504.4,505.13 2 3
github.com/pingcap/tidb/store/tikv/coprocessor.go:490.32,493.5 1 3
github.com/pingcap/tidb/store/tikv/coprocessor.go:496.14,499.5 1 0
github.com/pingcap/tidb/store/tikv/coprocessor.go:500.10,501.10 1 3
github.com/pingcap/tidb/store/tikv/coprocessor.go:509.21,511.3 1 0
github.com/pingcap/tidb/store/tikv/coprocessor.go:514.16,516.3 1 0
github.com/pingcap/tidb/store/tikv/coprocessor.go:518.22,520.3 1 0
github.com/pingcap/tidb/store/tikv/coprocessor.go:525.86,527.27 2 16
github.com/pingcap/tidb/store/tikv/coprocessor.go:527.27,529.17 2 17
github.com/pingcap/tidb/store/tikv/coprocessor.go:533.3,533.21 1 17
github.com/pingcap/tidb/store/tikv/coprocessor.go:529.17,532.4 2 0
github.com/pingcap/tidb/store/tikv/coprocessor.go:533.21,535.4 1 1
github.com/pingcap/tidb/store/tikv/coprocessor.go:535.4,537.4 1 16
github.com/pingcap/tidb/store/tikv/coprocessor.go:543.110,559.42 4 17
github.com/pingcap/tidb/store/tikv/coprocessor.go:570.2,571.16 2 17
github.com/pingcap/tidb/store/tikv/coprocessor.go:575.2,577.42 2 17
github.com/pingcap/tidb/store/tikv/coprocessor.go:582.2,582.53 1 17
github.com/pingcap/tidb/store/tikv/coprocessor.go:559.42,569.3 1 0
github.com/pingcap/tidb/store/tikv/coprocessor.go:571.16,573.3 1 0
github.com/pingcap/tidb/store/tikv/coprocessor.go:577.42,579.3 1 0
github.com/pingcap/tidb/store/tikv/coprocessor.go:585.161,586.6 1 0
github.com/pingcap/tidb/store/tikv/coprocessor.go:586.6,588.17 2 0
github.com/pingcap/tidb/store/tikv/coprocessor.go:595.3,596.44 2 0
github.com/pingcap/tidb/store/tikv/coprocessor.go:588.17,589.21 1 0
github.com/pingcap/tidb/store/tikv/coprocessor.go:592.4,592.33 1 0
github.com/pingcap/tidb/store/tikv/coprocessor.go:589.21,591.5 1 0
github.com/pingcap/tidb/store/tikv/coprocessor.go:596.44,598.4 1 0
github.com/pingcap/tidb/store/tikv/coprocessor.go:604.141,605.58 1 17
github.com/pingcap/tidb/store/tikv/coprocessor.go:613.2,613.49 1 16
github.com/pingcap/tidb/store/tikv/coprocessor.go:626.2,626.54 1 16
github.com/pingcap/tidb/store/tikv/coprocessor.go:631.2,632.17 2 16
github.com/pingcap/tidb/store/tikv/coprocessor.go:605.58,606.82 1 1
github.com/pingcap/tidb/store/tikv/coprocessor.go:610.3,611.93 2 1
github.com/pingcap/tidb/store/tikv/coprocessor.go:606.82,608.4 1 0
github.com/pingcap/tidb/store/tikv/coprocessor.go:613.49,616.18 3 0
github.com/pingcap/tidb/store/tikv/coprocessor.go:619.3,619.10 1 0
github.com/pingcap/tidb/store/tikv/coprocessor.go:624.3,624.102 1 0
github.com/pingcap/tidb/store/tikv/coprocessor.go:616.18,618.4 1 0
github.com/pingcap/tidb/store/tikv/coprocessor.go:619.10,620.82 1 0
github.com/pingcap/tidb/store/tikv/coprocessor.go:620.82,622.5 1 0
github.com/pingcap/tidb/store/tikv/coprocessor.go:626.54,630.3 3 0
github.com/pingcap/tidb/store/tikv/coprocessor.go:635.155,637.15 2 0
github.com/pingcap/tidb/store/tikv/coprocessor.go:640.2,640.66 1 0
github.com/pingcap/tidb/store/tikv/coprocessor.go:637.15,639.3 1 0
github.com/pingcap/tidb/store/tikv/coprocessor.go:650.92,651.10 1 0
github.com/pingcap/tidb/store/tikv/coprocessor.go:655.2,656.14 2 0
github.com/pingcap/tidb/store/tikv/coprocessor.go:651.10,654.3 2 0
github.com/pingcap/tidb/store/tikv/coprocessor.go:659.38,660.51 1 16
github.com/pingcap/tidb/store/tikv/coprocessor.go:663.2,664.12 2 16
github.com/pingcap/tidb/store/tikv/coprocessor.go:660.51,662.3 1 16
github.com/pingcap/tidb/store/tikv/coprocessor.go:670.70,672.2 1 0
github.com/pingcap/tidb/store/tikv/coprocessor.go:674.42,676.2 1 0
github.com/pingcap/tidb/store/tikv/error.go:45.13,55.2 2 1
github.com/pingcap/tidb/store/tikv/kv.go:51.84,61.16 2 0
github.com/pingcap/tidb/store/tikv/kv.go:64.2,64.17 1 0
github.com/pingcap/tidb/store/tikv/kv.go:61.16,63.3 1 0
github.com/pingcap/tidb/store/tikv/kv.go:69.55,75.16 5 0
github.com/pingcap/tidb/store/tikv/kv.go:79.2,85.16 2 0
github.com/pingcap/tidb/store/tikv/kv.go:93.2,94.37 2 0
github.com/pingcap/tidb/store/tikv/kv.go:98.2,99.16 2 0
github.com/pingcap/tidb/store/tikv/kv.go:103.2,104.16 2 0
github.com/pingcap/tidb/store/tikv/kv.go:108.2,109.16 2 0
github.com/pingcap/tidb/store/tikv/kv.go:112.2,116.15 4 0
github.com/pingcap/tidb/store/tikv/kv.go:75.16,77.3 1 0
github.com/pingcap/tidb/store/tikv/kv.go:85.16,86.51 1 0
github.com/pingcap/tidb/store/tikv/kv.go:89.3,89.32 1 0
github.com/pingcap/tidb/store/tikv/kv.go:86.51,88.4 1 0
github.com/pingcap/tidb/store/tikv/kv.go:94.37,96.3 1 0
github.com/pingcap/tidb/store/tikv/kv.go:99.16,101.3 1 0
github.com/pingcap/tidb/store/tikv/kv.go:104.16,106.3 1 0
github.com/pingcap/tidb/store/tikv/kv.go:109.16,111.3 1 0
github.com/pingcap/tidb/store/tikv/kv.go:143.74,148.2 4 15
github.com/pingcap/tidb/store/tikv/kv.go:150.61,157.66 6 770
github.com/pingcap/tidb/store/tikv/kv.go:161.2,161.33 1 770
github.com/pingcap/tidb/store/tikv/kv.go:165.2,165.12 1 767
github.com/pingcap/tidb/store/tikv/kv.go:157.66,159.3 1 0
github.com/pingcap/tidb/store/tikv/kv.go:161.33,163.3 1 3
github.com/pingcap/tidb/store/tikv/kv.go:168.120,170.16 2 39
github.com/pingcap/tidb/store/tikv/kv.go:173.2,190.19 5 39
github.com/pingcap/tidb/store/tikv/kv.go:170.16,172.3 1 0
github.com/pingcap/tidb/store/tikv/kv.go:193.42,195.2 1 2
github.com/pingcap/tidb/store/tikv/kv.go:197.45,199.2 1 0
github.com/pingcap/tidb/store/tikv/kv.go:202.43,203.44 1 1
github.com/pingcap/tidb/store/tikv/kv.go:207.2,208.16 2 0
github.com/pingcap/tidb/store/tikv/kv.go:211.2,213.12 3 0
github.com/pingcap/tidb/store/tikv/kv.go:203.44,205.3 1 1
github.com/pingcap/tidb/store/tikv/kv.go:208.16,210.3 1 0
github.com/pingcap/tidb/store/tikv/kv.go:216.43,218.6 2 39
github.com/pingcap/tidb/store/tikv/kv.go:218.6,219.10 1 51
github.com/pingcap/tidb/store/tikv/kv.go:220.40,222.18 2 12
github.com/pingcap/tidb/store/tikv/kv.go:231.21,232.10 1 13
github.com/pingcap/tidb/store/tikv/kv.go:222.18,226.5 3 12
github.com/pingcap/tidb/store/tikv/kv.go:226.5,230.5 3 0
github.com/pingcap/tidb/store/tikv/kv.go:237.53,239.16 2 1517
github.com/pingcap/tidb/store/tikv/kv.go:242.2,243.17 2 1517
github.com/pingcap/tidb/store/tikv/kv.go:239.16,241.3 1 0
github.com/pingcap/tidb/store/tikv/kv.go:247.78,249.16 2 26
github.com/pingcap/tidb/store/tikv/kv.go:252.2,253.17 2 26
github.com/pingcap/tidb/store/tikv/kv.go:249.16,251.3 1 0
github.com/pingcap/tidb/store/tikv/kv.go:256.70,260.2 3 52
github.com/pingcap/tidb/store/tikv/kv.go:262.35,269.23 6 13
github.com/pingcap/tidb/store/tikv/kv.go:273.2,275.41 2 13
github.com/pingcap/tidb/store/tikv/kv.go:278.2,278.12 1 13
github.com/pingcap/tidb/store/tikv/kv.go:269.23,271.3 1 0
github.com/pingcap/tidb/store/tikv/kv.go:275.41,277.3 1 0
github.com/pingcap/tidb/store/tikv/kv.go:281.35,283.2 1 13
github.com/pingcap/tidb/store/tikv/kv.go:285.58,288.16 3 57
github.com/pingcap/tidb/store/tikv/kv.go:291.2,291.36 1 57
github.com/pingcap/tidb/store/tikv/kv.go:288.16,290.3 1 0
github.com/pingcap/tidb/store/tikv/kv.go:294.74,295.6 1 2820
github.com/pingcap/tidb/store/tikv/kv.go:295.6,297.17 2 2821
github.com/pingcap/tidb/store/tikv/kv.go:300.3,301.17 2 1
github.com/pingcap/tidb/store/tikv/kv.go:297.17,299.4 1 2820
github.com/pingcap/tidb/store/tikv/kv.go:301.17,303.4 1 0
github.com/pingcap/tidb/store/tikv/kv.go:307.43,311.2 1 31
github.com/pingcap/tidb/store/tikv/kv.go:313.47,315.2 1 138
github.com/pingcap/tidb/store/tikv/kv.go:317.59,318.12 1 2
github.com/pingcap/tidb/store/tikv/kv.go:321.2,321.13 1 0
github.com/pingcap/tidb/store/tikv/kv.go:318.12,320.3 1 2
github.com/pingcap/tidb/store/tikv/kv.go:324.138,327.2 2 1706
github.com/pingcap/tidb/store/tikv/kv.go:329.51,331.2 1 82
github.com/pingcap/tidb/store/tikv/kv.go:333.53,335.2 1 0
github.com/pingcap/tidb/store/tikv/kv.go:337.46,339.2 1 0
github.com/pingcap/tidb/store/tikv/kv.go:341.46,343.2 1 51
github.com/pingcap/tidb/store/tikv/kv.go:345.50,347.2 1 18
github.com/pingcap/tidb/store/tikv/kv.go:349.53,351.2 1 0
github.com/pingcap/tidb/store/tikv/kv.go:353.50,355.2 1 0
github.com/pingcap/tidb/store/tikv/kv.go:357.53,359.2 1 0
github.com/pingcap/tidb/store/tikv/kv.go:361.77,364.16 3 3
github.com/pingcap/tidb/store/tikv/kv.go:368.2,368.41 1 3
github.com/pingcap/tidb/store/tikv/kv.go:373.2,373.53 1 3
github.com/pingcap/tidb/store/tikv/kv.go:381.2,382.8 2 3
github.com/pingcap/tidb/store/tikv/kv.go:364.16,367.3 2 0
github.com/pingcap/tidb/store/tikv/kv.go:368.41,372.3 3 0
github.com/pingcap/tidb/store/tikv/kv.go:374.14,375.19 1 1
github.com/pingcap/tidb/store/tikv/kv.go:376.19,376.19 0 2
github.com/pingcap/tidb/store/tikv/kv.go:377.10,379.9 2 0
github.com/pingcap/tidb/store/tikv/kv.go:385.13,388.2 2 1
github.com/pingcap/tidb/store/tikv/backoff.go:44.72,47.39 3 71
github.com/pingcap/tidb/store/tikv/backoff.go:47.39,49.17 2 95
github.com/pingcap/tidb/store/tikv/backoff.go:62.3,62.10 1 95
github.com/pingcap/tidb/store/tikv/backoff.go:67.3,69.19 3 95
github.com/pingcap/tidb/store/tikv/backoff.go:50.17,51.37 1 35
github.com/pingcap/tidb/store/tikv/backoff.go:52.19,54.24 2 0
github.com/pingcap/tidb/store/tikv/backoff.go:55.20,57.32 2 60
github.com/pingcap/tidb/store/tikv/backoff.go:58.21,59.82 1 0
github.com/pingcap/tidb/store/tikv/backoff.go:63.62,63.62 0 94
github.com/pingcap/tidb/store/tikv/backoff.go:64.21,64.21 0 1
github.com/pingcap/tidb/store/tikv/backoff.go:73.33,75.2 1 95
github.com/pingcap/tidb/store/tikv/backoff.go:89.59,90.11 1 71
github.com/pingcap/tidb/store/tikv/backoff.go:104.2,104.12 1 0
github.com/pingcap/tidb/store/tikv/backoff.go:91.17,92.46 1 5
github.com/pingcap/tidb/store/tikv/backoff.go:93.17,94.46 1 21
github.com/pingcap/tidb/store/tikv/backoff.go:95.21,96.46 1 21
github.com/pingcap/tidb/store/tikv/backoff.go:97.15,98.46 1 1
github.com/pingcap/tidb/store/tikv/backoff.go:99.20,100.42 1 20
github.com/pingcap/tidb/store/tikv/backoff.go:101.20,102.48 1 3
github.com/pingcap/tidb/store/tikv/backoff.go:107.38,108.11 1 97
github.com/pingcap/tidb/store/tikv/backoff.go:122.2,122.11 1 0
github.com/pingcap/tidb/store/tikv/backoff.go:109.17,110.19 1 11
github.com/pingcap/tidb/store/tikv/backoff.go:111.17,112.19 1 24
github.com/pingcap/tidb/store/tikv/backoff.go:113.21,114.23 1 21
github.com/pingcap/tidb/store/tikv/backoff.go:115.15,116.17 1 1
github.com/pingcap/tidb/store/tikv/backoff.go:117.20,118.22 1 35
github.com/pingcap/tidb/store/tikv/backoff.go:119.20,120.22 1 5
github.com/pingcap/tidb/store/tikv/backoff.go:125.45,126.11 1 6
github.com/pingcap/tidb/store/tikv/backoff.go:138.2,138.85 1 0
github.com/pingcap/tidb/store/tikv/backoff.go:127.17,128.30 1 3
github.com/pingcap/tidb/store/tikv/backoff.go:129.32,130.31 1 0
github.com/pingcap/tidb/store/tikv/backoff.go:131.15,132.56 1 0
github.com/pingcap/tidb/store/tikv/backoff.go:133.20,134.30 1 3
github.com/pingcap/tidb/store/tikv/backoff.go:135.20,136.27 1 0
github.com/pingcap/tidb/store/tikv/backoff.go:172.65,177.2 1 7873
github.com/pingcap/tidb/store/tikv/backoff.go:181.63,182.9 1 96
github.com/pingcap/tidb/store/tikv/backoff.go:188.2,190.17 2 95
github.com/pingcap/tidb/store/tikv/backoff.go:193.2,194.9 2 95
github.com/pingcap/tidb/store/tikv/backoff.go:199.2,204.50 5 95
github.com/pingcap/tidb/store/tikv/backoff.go:216.2,216.12 1 89
github.com/pingcap/tidb/store/tikv/backoff.go:183.26,184.27 1 1
github.com/pingcap/tidb/store/tikv/backoff.go:185.10,185.10 0 95
github.com/pingcap/tidb/store/tikv/backoff.go:190.17,192.3 1 68
github.com/pingcap/tidb/store/tikv/backoff.go:194.9,197.3 2 71
github.com/pingcap/tidb/store/tikv/backoff.go:204.50,206.32 2 6
github.com/pingcap/tidb/store/tikv/backoff.go:212.3,214.22 2 6
github.com/pingcap/tidb/store/tikv/backoff.go:206.32,208.64 1 30
github.com/pingcap/tidb/store/tikv/backoff.go:208.64,210.5 1 14
github.com/pingcap/tidb/store/tikv/backoff.go:219.37,220.23 1 2
github.com/pingcap/tidb/store/tikv/backoff.go:223.2,223.64 1 2
github.com/pingcap/tidb/store/tikv/backoff.go:220.23,222.3 1 0
github.com/pingcap/tidb/store/tikv/backoff.go:228.40,235.2 1 10
github.com/pingcap/tidb/store/tikv/backoff.go:239.61,247.2 2 351
github.com/pingcap/tidb/store/tikv/region_cache.go:43.39,47.2 3 7711
github.com/pingcap/tidb/store/tikv/region_cache.go:65.54,73.2 5 62
github.com/pingcap/tidb/store/tikv/region_cache.go:84.42,85.19 1 1
github.com/pingcap/tidb/store/tikv/region_cache.go:88.2,88.10 1 0
github.com/pingcap/tidb/store/tikv/region_cache.go:85.19,87.3 1 1
github.com/pingcap/tidb/store/tikv/region_cache.go:93.89,96.19 3 4031
github.com/pingcap/tidb/store/tikv/region_cache.go:104.2,108.16 4 4017
github.com/pingcap/tidb/store/tikv/region_cache.go:111.2,111.16 1 4013
github.com/pingcap/tidb/store/tikv/region_cache.go:116.2,121.8 1 4011
github.com/pingcap/tidb/store/tikv/region_cache.go:96.19,99.3 2 14
github.com/pingcap/tidb/store/tikv/region_cache.go:108.16,110.3 1 4
github.com/pingcap/tidb/store/tikv/region_cache.go:111.16,115.3 2 2
github.com/pingcap/tidb/store/tikv/region_cache.go:132.49,135.2 1 10253
github.com/pingcap/tidb/store/tikv/region_cache.go:138.82,141.14 3 3766
github.com/pingcap/tidb/store/tikv/region_cache.go:150.2,153.16 3 102
github.com/pingcap/tidb/store/tikv/region_cache.go:157.2,165.8 4 102
github.com/pingcap/tidb/store/tikv/region_cache.go:141.14,149.3 3 3664
github.com/pingcap/tidb/store/tikv/region_cache.go:153.16,155.3 1 0
github.com/pingcap/tidb/store/tikv/region_cache.go:169.94,172.14 3 6
github.com/pingcap/tidb/store/tikv/region_cache.go:181.2,184.16 3 5
github.com/pingcap/tidb/store/tikv/region_cache.go:188.2,195.8 4 5
github.com/pingcap/tidb/store/tikv/region_cache.go:172.14,180.3 3 1
github.com/pingcap/tidb/store/tikv/region_cache.go:184.16,186.3 1 0
github.com/pingcap/tidb/store/tikv/region_cache.go:201.118,205.25 4 2526
github.com/pingcap/tidb/store/tikv/region_cache.go:219.2,219.27 1 2526
github.com/pingcap/tidb/store/tikv/region_cache.go:205.25,206.45 1 12670
github.com/pingcap/tidb/store/tikv/region_cache.go:213.3,214.13 2 12670
github.com/pingcap/tidb/store/tikv/region_cache.go:217.3,217.37 1 12670
github.com/pingcap/tidb/store/tikv/region_cache.go:206.45,209.18 3 2579
github.com/pingcap/tidb/store/tikv/region_cache.go:209.18,211.5 1 0
github.com/pingcap/tidb/store/tikv/region_cache.go:214.13,216.4 1 2526
github.com/pingcap/tidb/store/tikv/region_cache.go:223.119,224.6 1 3
github.com/pingcap/tidb/store/tikv/region_cache.go:235.2,235.23 1 3
github.com/pingcap/tidb/store/tikv/region_cache.go:224.6,226.17 2 5
github.com/pingcap/tidb/store/tikv/region_cache.go:229.3,230.33 2 5
github.com/pingcap/tidb/store/tikv/region_cache.go:233.3,233.30 1 2
github.com/pingcap/tidb/store/tikv/region_cache.go:226.17,228.4 1 0
github.com/pingcap/tidb/store/tikv/region_cache.go:230.33,231.9 1 3
github.com/pingcap/tidb/store/tikv/region_cache.go:239.50,243.2 3 7
github.com/pingcap/tidb/store/tikv/region_cache.go:246.80,251.14 4 10
github.com/pingcap/tidb/store/tikv/region_cache.go:256.2,256.34 1 10
github.com/pingcap/tidb/store/tikv/region_cache.go:251.14,254.3 2 0
github.com/pingcap/tidb/store/tikv/region_cache.go:256.34,259.3 2 7
github.com/pingcap/tidb/store/tikv/region_cache.go:263.54,265.16 2 137
github.com/pingcap/tidb/store/tikv/region_cache.go:268.2,271.3 1 137
github.com/pingcap/tidb/store/tikv/region_cache.go:265.16,267.3 1 0
github.com/pingcap/tidb/store/tikv/region_cache.go:279.63,281.9 2 7725
github.com/pingcap/tidb/store/tikv/region_cache.go:284.2,284.28 1 7711
github.com/pingcap/tidb/store/tikv/region_cache.go:288.2,288.12 1 1
github.com/pingcap/tidb/store/tikv/region_cache.go:281.9,283.3 1 14
github.com/pingcap/tidb/store/tikv/region_cache.go:284.28,287.3 2 7710
github.com/pingcap/tidb/store/tikv/region_cache.go:294.62,296.85 2 3787
github.com/pingcap/tidb/store/tikv/region_cache.go:300.2,300.33 1 3787
github.com/pingcap/tidb/store/tikv/region_cache.go:303.2,303.12 1 103
github.com/pingcap/tidb/store/tikv/region_cache.go:296.85,299.3 2 3710
github.com/pingcap/tidb/store/tikv/region_cache.go:300.33,302.3 1 3684
github.com/pingcap/tidb/store/tikv/region_cache.go:309.71,310.33 1 8
github.com/pingcap/tidb/store/tikv/region_cache.go:315.2,315.12 1 5
github.com/pingcap/tidb/store/tikv/region_cache.go:310.33,311.23 1 3
github.com/pingcap/tidb/store/tikv/region_cache.go:311.23,313.4 1 3
github.com/pingcap/tidb/store/tikv/region_cache.go:318.62,320.9 2 44
github.com/pingcap/tidb/store/tikv/region_cache.go:323.2,325.29 3 44
github.com/pingcap/tidb/store/tikv/region_cache.go:320.9,322.3 1 0
github.com/pingcap/tidb/store/tikv/region_cache.go:329.78,331.6 2 102
github.com/pingcap/tidb/store/tikv/region_cache.go:331.6,332.24 1 102
github.com/pingcap/tidb/store/tikv/region_cache.go:338.3,340.17 3 102
github.com/pingcap/tidb/store/tikv/region_cache.go:344.3,344.18 1 102
github.com/pingcap/tidb/store/tikv/region_cache.go:348.3,348.27 1 102
github.com/pingcap/tidb/store/tikv/region_cache.go:351.3,355.20 2 102
github.com/pingcap/tidb/store/tikv/region_cache.go:358.3,358.21 1 102
github.com/pingcap/tidb/store/tikv/region_cache.go:332.24,334.18 2 0
github.com/pingcap/tidb/store/tikv/region_cache.go:334.18,336.5 1 0
github.com/pingcap/tidb/store/tikv/region_cache.go:340.17,342.12 2 0
github.com/pingcap/tidb/store/tikv/region_cache.go:344.18,346.12 2 0
github.com/pingcap/tidb/store/tikv/region_cache.go:348.27,350.4 1 0
github.com/pingcap/tidb/store/tikv/region_cache.go:355.20,357.4 1 101
github.com/pingcap/tidb/store/tikv/region_cache.go:363.87,365.6 2 5
github.com/pingcap/tidb/store/tikv/region_cache.go:365.6,366.24 1 5
github.com/pingcap/tidb/store/tikv/region_cache.go:372.3,374.17 3 5
github.com/pingcap/tidb/store/tikv/region_cache.go:378.3,378.18 1 5
github.com/pingcap/tidb/store/tikv/region_cache.go:382.3,382.27 1 5
github.com/pingcap/tidb/store/tikv/region_cache.go:385.3,389.20 2 5
github.com/pingcap/tidb/store/tikv/region_cache.go:392.3,392.21 1 5
github.com/pingcap/tidb/store/tikv/region_cache.go:366.24,368.18 2 0
github.com/pingcap/tidb/store/tikv/region_cache.go:368.18,370.5 1 0
github.com/pingcap/tidb/store/tikv/region_cache.go:374.17,376.12 2 0
github.com/pingcap/tidb/store/tikv/region_cache.go:378.18,380.12 2 0
github.com/pingcap/tidb/store/tikv/region_cache.go:382.27,384.4 1 0
github.com/pingcap/tidb/store/tikv/region_cache.go:389.20,391.4 1 5
github.com/pingcap/tidb/store/tikv/region_cache.go:398.78,400.43 2 4017
github.com/pingcap/tidb/store/tikv/region_cache.go:404.2,405.34 2 73
github.com/pingcap/tidb/store/tikv/region_cache.go:400.43,403.3 2 3944
github.com/pingcap/tidb/store/tikv/region_cache.go:409.81,411.30 2 73
github.com/pingcap/tidb/store/tikv/region_cache.go:415.2,421.18 4 67
github.com/pingcap/tidb/store/tikv/region_cache.go:411.30,413.3 1 6
github.com/pingcap/tidb/store/tikv/region_cache.go:425.49,429.2 3 1
github.com/pingcap/tidb/store/tikv/region_cache.go:431.79,432.6 1 73
github.com/pingcap/tidb/store/tikv/region_cache.go:432.6,435.17 3 73
github.com/pingcap/tidb/store/tikv/region_cache.go:445.3,445.19 1 69
github.com/pingcap/tidb/store/tikv/region_cache.go:448.3,448.33 1 67
github.com/pingcap/tidb/store/tikv/region_cache.go:435.17,436.45 1 4
github.com/pingcap/tidb/store/tikv/region_cache.go:439.4,440.50 2 0
github.com/pingcap/tidb/store/tikv/region_cache.go:443.4,443.12 1 0
github.com/pingcap/tidb/store/tikv/region_cache.go:436.45,438.5 1 4
github.com/pingcap/tidb/store/tikv/region_cache.go:440.50,442.5 1 0
github.com/pingcap/tidb/store/tikv/region_cache.go:445.19,447.4 1 2
github.com/pingcap/tidb/store/tikv/region_cache.go:453.65,457.52 3 14
github.com/pingcap/tidb/store/tikv/region_cache.go:463.2,473.34 8 14
github.com/pingcap/tidb/store/tikv/region_cache.go:478.2,478.15 1 14
github.com/pingcap/tidb/store/tikv/region_cache.go:457.52,459.51 2 14
github.com/pingcap/tidb/store/tikv/region_cache.go:459.51,461.4 1 12
github.com/pingcap/tidb/store/tikv/region_cache.go:473.34,474.44 1 5
github.com/pingcap/tidb/store/tikv/region_cache.go:474.44,476.4 1 3
github.com/pingcap/tidb/store/tikv/region_cache.go:482.89,488.34 4 15
github.com/pingcap/tidb/store/tikv/region_cache.go:501.2,501.12 1 15
github.com/pingcap/tidb/store/tikv/region_cache.go:488.34,489.47 1 30
github.com/pingcap/tidb/store/tikv/region_cache.go:494.3,499.32 3 30
github.com/pingcap/tidb/store/tikv/region_cache.go:489.47,490.52 1 22
github.com/pingcap/tidb/store/tikv/region_cache.go:490.52,492.5 1 0
github.com/pingcap/tidb/store/tikv/region_cache.go:505.44,507.2 1 0
github.com/pingcap/tidb/store/tikv/region_cache.go:515.41,520.2 1 181
github.com/pingcap/tidb/store/tikv/region_cache.go:522.48,526.2 1 3787
github.com/pingcap/tidb/store/tikv/region_cache.go:528.52,530.2 1 9513
github.com/pingcap/tidb/store/tikv/region_cache.go:540.33,542.2 1 8
github.com/pingcap/tidb/store/tikv/region_cache.go:552.38,554.2 1 0
github.com/pingcap/tidb/store/tikv/region_cache.go:557.38,563.2 1 7605
github.com/pingcap/tidb/store/tikv/region_cache.go:566.36,568.2 1 3960
github.com/pingcap/tidb/store/tikv/region_cache.go:571.34,573.2 1 3772
github.com/pingcap/tidb/store/tikv/region_cache.go:576.48,582.2 1 0
github.com/pingcap/tidb/store/tikv/region_cache.go:586.53,587.36 1 14
github.com/pingcap/tidb/store/tikv/region_cache.go:590.2,592.33 2 14
github.com/pingcap/tidb/store/tikv/region_cache.go:601.2,601.14 1 12
github.com/pingcap/tidb/store/tikv/region_cache.go:587.36,589.3 1 0
github.com/pingcap/tidb/store/tikv/region_cache.go:592.33,593.42 1 17
github.com/pingcap/tidb/store/tikv/region_cache.go:598.3,599.14 2 2
github.com/pingcap/tidb/store/tikv/region_cache.go:593.42,594.28 1 18
github.com/pingcap/tidb/store/tikv/region_cache.go:594.28,595.15 1 15
github.com/pingcap/tidb/store/tikv/region_cache.go:606.50,607.33 1 146
github.com/pingcap/tidb/store/tikv/region_cache.go:613.2,613.14 1 7
github.com/pingcap/tidb/store/tikv/region_cache.go:607.33,608.32 1 153
github.com/pingcap/tidb/store/tikv/region_cache.go:608.32,611.4 2 139
github.com/pingcap/tidb/store/tikv/region_cache.go:618.44,621.2 1 3710
github.com/pingcap/tidb/store/tikv/split_region.go:29.56,40.6 6 11
github.com/pingcap/tidb/store/tikv/split_region.go:40.6,42.17 2 20
github.com/pingcap/tidb/store/tikv/split_region.go:45.3,45.42 1 20
github.com/pingcap/tidb/store/tikv/split_region.go:49.3,50.17 2 20
github.com/pingcap/tidb/store/tikv/split_region.go:53.3,54.17 2 20
github.com/pingcap/tidb/store/tikv/split_region.go:57.3,57.23 1 20
github.com/pingcap/tidb/store/tikv/split_region.go:64.3,65.13 2 11
github.com/pingcap/tidb/store/tikv/split_region.go:42.17,44.4 1 0
github.com/pingcap/tidb/store/tikv/split_region.go:45.42,48.4 2 0
github.com/pingcap/tidb/store/tikv/split_region.go:50.17,52.4 1 0
github.com/pingcap/tidb/store/tikv/split_region.go:54.17,56.4 1 0
github.com/pingcap/tidb/store/tikv/split_region.go:57.23,59.18 2 9
github.com/pingcap/tidb/store/tikv/split_region.go:62.4,62.12 1 9
github.com/pingcap/tidb/store/tikv/split_region.go:59.18,61.5 1 0
