<?xml version="1.0" encoding="UTF-8"?>
<testsuites>
	<testsuite tests="1" failures="0" time="1.014000" name="github.com/pingcap/tidb/br/cmd/br" timestamp="2022-05-12T20:20:18+08:00">
		<properties>
			<property name="go.version" value="go1.18 darwin/arm64"></property>
		</properties>
		<testcase classname="github.com/pingcap/tidb/br/cmd/br" name="TestRunMain" time="0.000000"></testcase>
	</testsuite>
	<testsuite tests="1" failures="0" time="0.665000" name="github.com/pingcap/tidb/br/cmd/tidb-lightning" timestamp="2022-05-12T20:20:18+08:00">
		<properties>
			<property name="go.version" value="go1.18 darwin/arm64"></property>
		</properties>
		<testcase classname="github.com/pingcap/tidb/br/cmd/tidb-lightning" name="TestRunMain" time="0.000000"></testcase>
	</testsuite>
	<testsuite tests="1" failures="0" time="1.004000" name="github.com/pingcap/tidb/br/cmd/tidb-lightning-ctl" timestamp="2022-05-12T20:20:18+08:00">
		<properties>
			<property name="go.version" value="go1.18 darwin/arm64"></property>
		</properties>
		<testcase classname="github.com/pingcap/tidb/br/cmd/tidb-lightning-ctl" name="TestRunMain" time="0.000000"></testcase>
	</testsuite>
	<testsuite tests="10" failures="0" time="2.757000" name="github.com/pingcap/tidb/br/pkg/backup" timestamp="2022-05-12T20:20:18+08:00">
		<properties>
			<property name="go.version" value="go1.18 darwin/arm64"></property>
		</properties>
		<testcase classname="github.com/pingcap/tidb/br/pkg/backup" name="TestGetTS" time="0.370000"></testcase>
		<testcase classname="github.com/pingcap/tidb/br/pkg/backup" name="TestBuildTableRangeIntHandle" time="0.000000"></testcase>
		<testcase classname="github.com/pingcap/tidb/br/pkg/backup" name="TestBuildTableRangeCommonHandle" time="0.000000"></testcase>
		<testcase classname="github.com/pingcap/tidb/br/pkg/backup" name="TestOnBackupRegionErrorResponse" time="0.000000"></testcase>
		<testcase classname="github.com/pingcap/tidb/br/pkg/backup" name="TestSendCreds" time="0.310000"></testcase>
		<testcase classname="github.com/pingcap/tidb/br/pkg/backup" name="TestSkipUnsupportedDDLJob" time="0.280000"></testcase>
		<testcase classname="github.com/pingcap/tidb/br/pkg/backup" name="TestCheckBackupIsLocked" time="0.300000"></testcase>
		<testcase classname="github.com/pingcap/tidb/br/pkg/backup" name="TestBuildBackupRangeAndSchema" time="0.380000"></testcase>
		<testcase classname="github.com/pingcap/tidb/br/pkg/backup" name="TestBuildBackupRangeAndSchemaWithBrokenStats" time="0.260000"></testcase>
		<testcase classname="github.com/pingcap/tidb/br/pkg/backup" name="TestBackupSchemasForSystemTable" time="0.260000"></testcase>
	</testsuite>
	<testsuite tests="1" failures="0" time="1.034000" name="github.com/pingcap/tidb/br/pkg/checksum" timestamp="2022-05-12T20:20:18+08:00">
		<properties>
			<property name="go.version" value="go1.18 darwin/arm64"></property>
		</properties>
		<testcase classname="github.com/pingcap/tidb/br/pkg/checksum" name="TestChecksum" time="0.390000"></testcase>
	</testsuite>
	<testsuite tests="6" failures="0" time="7.729000" name="github.com/pingcap/tidb/br/pkg/conn" timestamp="2022-05-12T20:20:18+08:00">
		<properties>
			<property name="go.version" value="go1.18 darwin/arm64"></property>
		</properties>
		<testcase classname="github.com/pingcap/tidb/br/pkg/conn" name="TestGetAllTiKVStoresWithRetryCancel" time="0.000000"></testcase>
		<testcase classname="github.com/pingcap/tidb/br/pkg/conn" name="TestGetAllTiKVStoresWithUnknown" time="7.250000"></testcase>
		<testcase classname="github.com/pingcap/tidb/br/pkg/conn" name="TestCheckStoresAlive" time="0.000000"></testcase>
		<testcase classname="github.com/pingcap/tidb/br/pkg/conn" name="TestGetAllTiKVStores" time="0.000000"></testcase>
		<testcase classname="github.com/pingcap/tidb/br/pkg/conn" name="TestGetConnOnCanceledContext" time="0.000000"></testcase>
		<testcase classname="github.com/pingcap/tidb/br/pkg/conn" name="TestGetMergeRegionSizeAndCount" time="0.000000"></testcase>
	</testsuite>
	<testsuite tests="0" failures="0" time="0.000000" name="github.com/pingcap/tidb/br/pkg/errors" timestamp="2022-05-12T20:20:18+08:00">
		<properties>
			<property name="go.version" value="go1.18 darwin/arm64"></property>
		</properties>
	</testsuite>
	<testsuite tests="4" failures="0" time="0.453000" name="github.com/pingcap/tidb/br/pkg/glue" timestamp="2022-05-12T20:20:18+08:00">
		<properties>
			<property name="go.version" value="go1.18 darwin/arm64"></property>
		</properties>
		<testcase classname="github.com/pingcap/tidb/br/pkg/glue" name="TestColorfulTUIFunctions/TestPrettyString" time="0.000000"></testcase>
		<testcase classname="github.com/pingcap/tidb/br/pkg/glue" name="TestColorfulTUIFunctions/TestPrettyStringSlicing" time="0.000000"></testcase>
		<testcase classname="github.com/pingcap/tidb/br/pkg/glue" name="TestColorfulTUIFunctions/TestPrintFrame" time="0.000000"></testcase>
		<testcase classname="github.com/pingcap/tidb/br/pkg/glue" name="TestColorfulTUIFunctions" time="0.000000"></testcase>
	</testsuite>
	<testsuite tests="0" failures="0" time="0.000000" name="github.com/pingcap/tidb/br/pkg/gluetidb" timestamp="2022-05-12T20:20:18+08:00">
		<properties>
			<property name="go.version" value="go1.18 darwin/arm64"></property>
		</properties>
	</testsuite>
	<testsuite tests="1" failures="0" time="1.547000" name="github.com/pingcap/tidb/br/pkg/gluetikv" timestamp="2022-05-12T20:20:18+08:00">
		<properties>
			<property name="go.version" value="go1.18 darwin/arm64"></property>
		</properties>
		<testcase classname="github.com/pingcap/tidb/br/pkg/gluetikv" name="TestGetVersion" time="0.000000"></testcase>
	</testsuite>
	<testsuite tests="0" failures="0" time="0.000000" name="github.com/pingcap/tidb/br/pkg/httputil" timestamp="2022-05-12T20:20:18+08:00">
		<properties>
			<property name="go.version" value="go1.18 darwin/arm64"></property>
		</properties>
	</testsuite>
	<testsuite tests="7" failures="0" time="2.214000" name="github.com/pingcap/tidb/br/pkg/lightning" timestamp="2022-05-12T20:20:18+08:00">
		<properties>
			<property name="go.version" value="go1.18 darwin/arm64"></property>
		</properties>
		<testcase classname="github.com/pingcap/tidb/br/pkg/lightning" name="TestInitEnv" time="0.000000"></testcase>
		<testcase classname="github.com/pingcap/tidb/br/pkg/lightning" name="TestRun" time="0.010000"></testcase>
		<testcase classname="github.com/pingcap/tidb/br/pkg/lightning" name="TestCheckSystemRequirement" time="0.000000"></testcase>
		<testcase classname="github.com/pingcap/tidb/br/pkg/lightning" name="TestCheckSchemaConflict" time="0.000000"></testcase>
		<testcase classname="github.com/pingcap/tidb/br/pkg/lightning" name="TestRunServer" time="0.110000"></testcase>
		<testcase classname="github.com/pingcap/tidb/br/pkg/lightning" name="TestGetDeleteTask" time="0.520000"></testcase>
		<testcase classname="github.com/pingcap/tidb/br/pkg/lightning" name="TestHTTPAPIOutsideServerMode" time="0.610000"></testcase>
	</testsuite>
	<testsuite tests="15" failures="0" time="0.853000" name="github.com/pingcap/tidb/br/pkg/lightning/backend" timestamp="2022-05-12T20:20:18+08:00">
		<properties>
			<property name="go.version" value="go1.18 darwin/arm64"></property>
		</properties>
		<testcase classname="github.com/pingcap/tidb/br/pkg/lightning/backend" name="TestOpenCloseImportCleanUpEngine" time="0.000000"></testcase>
		<testcase classname="github.com/pingcap/tidb/br/pkg/lightning/backend" name="TestUnsafeCloseEngine" time="0.000000"></testcase>
		<testcase classname="github.com/pingcap/tidb/br/pkg/lightning/backend" name="TestUnsafeCloseEngineWithUUID" time="0.000000"></testcase>
		<testcase classname="github.com/pingcap/tidb/br/pkg/lightning/backend" name="TestWriteEngine" time="0.000000"></testcase>
		<testcase classname="github.com/pingcap/tidb/br/pkg/lightning/backend" name="TestWriteToEngineWithNothing" time="0.000000"></testcase>
		<testcase classname="github.com/pingcap/tidb/br/pkg/lightning/backend" name="TestOpenEngineFailed" time="0.000000"></testcase>
		<testcase classname="github.com/pingcap/tidb/br/pkg/lightning/backend" name="TestWriteEngineFailed" time="0.000000"></testcase>
		<testcase classname="github.com/pingcap/tidb/br/pkg/lightning/backend" name="TestWriteBatchSendFailedWithRetry" time="0.000000"></testcase>
		<testcase classname="github.com/pingcap/tidb/br/pkg/lightning/backend" name="TestImportFailedNoRetry" time="0.000000"></testcase>
		<testcase classname="github.com/pingcap/tidb/br/pkg/lightning/backend" name="TestImportFailedWithRetry" time="0.000000"></testcase>
		<testcase classname="github.com/pingcap/tidb/br/pkg/lightning/backend" name="TestImportFailedRecovered" time="0.000000"></testcase>
		<testcase classname="github.com/pingcap/tidb/br/pkg/lightning/backend" name="TestClose" time="0.000000"></testcase>
		<testcase classname="github.com/pingcap/tidb/br/pkg/lightning/backend" name="TestMakeEmptyRows" time="0.000000"></testcase>
		<testcase classname="github.com/pingcap/tidb/br/pkg/lightning/backend" name="TestNewEncoder" time="0.000000"></testcase>
		<testcase classname="github.com/pingcap/tidb/br/pkg/lightning/backend" name="TestCheckDiskQuota" time="0.000000"></testcase>
	</testsuite>
	<testsuite tests="13" failures="0" time="0.781000" name="github.com/pingcap/tidb/br/pkg/lightning/backend/kv" timestamp="2022-05-12T20:20:18+08:00">
		<properties>
			<property name="go.version" value="go1.18 darwin/arm64"></property>
		</properties>
		<testcase classname="github.com/pingcap/tidb/br/pkg/lightning/backend/kv" name="TestSession" time="0.000000"></testcase>
		<testcase classname="github.com/pingcap/tidb/br/pkg/lightning/backend/kv" name="TestMarshal" time="0.000000"></testcase>
		<testcase classname="github.com/pingcap/tidb/br/pkg/lightning/backend/kv" name="TestEncode" time="0.000000"></testcase>
		<testcase classname="github.com/pingcap/tidb/br/pkg/lightning/backend/kv" name="TestDecode" time="0.000000"></testcase>
		<testcase classname="github.com/pingcap/tidb/br/pkg/lightning/backend/kv" name="TestDecodeIndex" time="0.000000"></testcase>
		<testcase classname="github.com/pingcap/tidb/br/pkg/lightning/backend/kv" name="TestEncodeRowFormatV2" time="0.000000"></testcase>
		<testcase classname="github.com/pingcap/tidb/br/pkg/lightning/backend/kv" name="TestEncodeTimestamp" time="0.000000"></testcase>
		<testcase classname="github.com/pingcap/tidb/br/pkg/lightning/backend/kv" name="TestEncodeDoubleAutoIncrement" time="0.000000"></testcase>
		<testcase classname="github.com/pingcap/tidb/br/pkg/lightning/backend/kv" name="TestEncodeMissingAutoValue" time="0.000000"></testcase>
		<testcase classname="github.com/pingcap/tidb/br/pkg/lightning/backend/kv" name="TestDefaultAutoRandoms" time="0.000000"></testcase>
		<testcase classname="github.com/pingcap/tidb/br/pkg/lightning/backend/kv" name="TestShardRowId" time="0.000000"></testcase>
		<testcase classname="github.com/pingcap/tidb/br/pkg/lightning/backend/kv" name="TestSplitIntoChunks" time="0.000000"></testcase>
		<testcase classname="github.com/pingcap/tidb/br/pkg/lightning/backend/kv" name="TestClassifyAndAppend" time="0.000000"></testcase>
	</testsuite>
	<testsuite tests="37" failures="0" time="17.247000" name="github.com/pingcap/tidb/br/pkg/lightning/backend/local" timestamp="2022-05-12T20:20:18+08:00">
		<properties>
			<property name="go.version" value="go1.18 darwin/arm64"></property>
		</properties>
		<testcase classname="github.com/pingcap/tidb/br/pkg/lightning/backend/local" name="TestIngestSSTWithClosedEngine" time="0.170000"></testcase>
		<testcase classname="github.com/pingcap/tidb/br/pkg/lightning/backend/local" name="TestDupDetectIterator" time="0.280000"></testcase>
		<testcase classname="github.com/pingcap/tidb/br/pkg/lightning/backend/local" name="TestDupDetectIterSeek" time="0.320000"></testcase>
		<testcase classname="github.com/pingcap/tidb/br/pkg/lightning/backend/local" name="TestNoopKeyAdapter" time="0.000000"></testcase>
		<testcase classname="github.com/pingcap/tidb/br/pkg/lightning/backend/local" name="TestDupDetectKeyAdapter" time="0.000000"></testcase>
		<testcase classname="github.com/pingcap/tidb/br/pkg/lightning/backend/local" name="TestDupDetectKeyOrder" time="0.000000"></testcase>
		<testcase classname="github.com/pingcap/tidb/br/pkg/lightning/backend/local" name="TestDupDetectEncodeDupKey" time="0.000000"></testcase>
		<testcase classname="github.com/pingcap/tidb/br/pkg/lightning/backend/local" name="TestEncodeKeyToPreAllocatedBuf" time="0.000000"></testcase>
		<testcase classname="github.com/pingcap/tidb/br/pkg/lightning/backend/local" name="TestDecodeKeyToPreAllocatedBuf" time="0.000000"></testcase>
		<testcase classname="github.com/pingcap/tidb/br/pkg/lightning/backend/local" name="TestDecodeKeyDstIsInsufficient" time="0.000000"></testcase>
		<testcase classname="github.com/pingcap/tidb/br/pkg/lightning/backend/local" name="TestNextKey" time="0.000000"></testcase>
		<testcase classname="github.com/pingcap/tidb/br/pkg/lightning/backend/local" name="TestRangeProperties" time="0.000000"></testcase>
		<testcase classname="github.com/pingcap/tidb/br/pkg/lightning/backend/local" name="TestRangePropertiesWithPebble" time="0.170000"></testcase>
		<testcase classname="github.com/pingcap/tidb/br/pkg/lightning/backend/local" name="TestLocalWriterWithSort" time="0.350000"></testcase>
		<testcase classname="github.com/pingcap/tidb/br/pkg/lightning/backend/local" name="TestLocalWriterWithIngest" time="0.280000"></testcase>
		<testcase classname="github.com/pingcap/tidb/br/pkg/lightning/backend/local" name="TestLocalWriterWithIngestUnsort" time="0.430000"></testcase>
		<testcase classname="github.com/pingcap/tidb/br/pkg/lightning/backend/local" name="TestIsIngestRetryable" time="0.000000"></testcase>
		<testcase classname="github.com/pingcap/tidb/br/pkg/lightning/backend/local" name="TestLocalIngestLoop" time="9.810000"></testcase>
		<testcase classname="github.com/pingcap/tidb/br/pkg/lightning/backend/local" name="TestCheckRequirementsTiFlash" time="0.000000"></testcase>
		<testcase classname="github.com/pingcap/tidb/br/pkg/lightning/backend/local" name="TestDedupAndMergeRanges" time="0.000000"></testcase>
		<testcase classname="github.com/pingcap/tidb/br/pkg/lightning/backend/local" name="TestFilterOverlapRange" time="0.000000"></testcase>
		<testcase classname="github.com/pingcap/tidb/br/pkg/lightning/backend/local" name="TestMergeSSTs" time="0.250000"></testcase>
		<testcase classname="github.com/pingcap/tidb/br/pkg/lightning/backend/local" name="TestMergeSSTsDuplicated" time="0.240000"></testcase>
		<testcase classname="github.com/pingcap/tidb/br/pkg/lightning/backend/local" name="TestMultiIngest" time="1.340000"></testcase>
		<testcase classname="github.com/pingcap/tidb/br/pkg/lightning/backend/local" name="TestLocalWriteAndIngestPairsFailFast" time="0.000000"></testcase>
		<testcase classname="github.com/pingcap/tidb/br/pkg/lightning/backend/local" name="TestBatchSplitRegionByRanges" time="0.000000"></testcase>
		<testcase classname="github.com/pingcap/tidb/br/pkg/lightning/backend/local" name="TestBatchSplitRegionByRangesKeySizeLimit" time="0.000000"></testcase>
		<testcase classname="github.com/pingcap/tidb/br/pkg/lightning/backend/local" name="TestBatchSplitRegionByRangesScanFailed" time="2.020000"></testcase>
		<testcase classname="github.com/pingcap/tidb/br/pkg/lightning/backend/local" name="TestBatchSplitByRangesEpochNotMatch" time="0.030000"></testcase>
		<testcase classname="github.com/pingcap/tidb/br/pkg/lightning/backend/local" name="TestBatchSplitByRangesEpochNotMatchOnce" time="0.050000"></testcase>
		<testcase classname="github.com/pingcap/tidb/br/pkg/lightning/backend/local" name="TestBatchSplitByRangesNoValidKeysOnce" time="0.070000"></testcase>
		<testcase classname="github.com/pingcap/tidb/br/pkg/lightning/backend/local" name="TestBatchSplitByRangesNoValidKeys" time="0.030000"></testcase>
		<testcase classname="github.com/pingcap/tidb/br/pkg/lightning/backend/local" name="TestSplitAndScatterRegionInBatches" time="0.000000"></testcase>
		<testcase classname="github.com/pingcap/tidb/br/pkg/lightning/backend/local" name="TestBatchSplitByRangeCtxCanceled" time="0.020000"></testcase>
		<testcase classname="github.com/pingcap/tidb/br/pkg/lightning/backend/local" name="TestBatchSplitByRangesWithClusteredIndex" time="0.000000"></testcase>
		<testcase classname="github.com/pingcap/tidb/br/pkg/lightning/backend/local" name="TestBatchSplitByRangesWithClusteredIndexEpochNotMatch" time="0.020000"></testcase>
		<testcase classname="github.com/pingcap/tidb/br/pkg/lightning/backend/local" name="TestNeedSplit" time="0.000000"></testcase>
	</testsuite>
	<testsuite tests="0" failures="0" time="0.000000" name="github.com/pingcap/tidb/br/pkg/lightning/backend/noop" timestamp="2022-05-12T20:20:18+08:00">
		<properties>
			<property name="go.version" value="go1.18 darwin/arm64"></property>
		</properties>
	</testsuite>
	<testsuite tests="11" failures="0" time="0.432000" name="github.com/pingcap/tidb/br/pkg/lightning/backend/tidb" timestamp="2022-05-12T20:20:18+08:00">
		<properties>
			<property name="go.version" value="go1.18 darwin/arm64"></property>
		</properties>
		<testcase classname="github.com/pingcap/tidb/br/pkg/lightning/backend/tidb" name="TestWriteRowsReplaceOnDup" time="0.000000"></testcase>
		<testcase classname="github.com/pingcap/tidb/br/pkg/lightning/backend/tidb" name="TestWriteRowsIgnoreOnDup" time="0.000000"></testcase>
		<testcase classname="github.com/pingcap/tidb/br/pkg/lightning/backend/tidb" name="TestWriteRowsErrorOnDup" time="0.000000"></testcase>
		<testcase classname="github.com/pingcap/tidb/br/pkg/lightning/backend/tidb" name="TestFetchRemoteTableModels_3_x" time="0.000000"></testcase>
		<testcase classname="github.com/pingcap/tidb/br/pkg/lightning/backend/tidb" name="TestFetchRemoteTableModels_4_0" time="0.000000"></testcase>
		<testcase classname="github.com/pingcap/tidb/br/pkg/lightning/backend/tidb" name="TestFetchRemoteTableModels_4_x_auto_increment" time="0.000000"></testcase>
		<testcase classname="github.com/pingcap/tidb/br/pkg/lightning/backend/tidb" name="TestFetchRemoteTableModels_4_x_auto_random" time="0.000000"></testcase>
		<testcase classname="github.com/pingcap/tidb/br/pkg/lightning/backend/tidb" name="TestWriteRowsErrorNoRetry" time="0.000000"></testcase>
		<testcase classname="github.com/pingcap/tidb/br/pkg/lightning/backend/tidb" name="TestWriteRowsErrorDowngradingAll" time="0.000000"></testcase>
		<testcase classname="github.com/pingcap/tidb/br/pkg/lightning/backend/tidb" name="TestWriteRowsErrorDowngradingExceedThreshold" time="0.000000"></testcase>
		<testcase classname="github.com/pingcap/tidb/br/pkg/lightning/backend/tidb" name="TestEncodeRowForRecord" time="0.000000"></testcase>
	</testsuite>
	<testsuite tests="23" failures="0" time="0.477000" name="github.com/pingcap/tidb/br/pkg/lightning/checkpoints" timestamp="2022-05-12T20:20:18+08:00">
		<properties>
			<property name="go.version" value="go1.18 darwin/arm64"></property>
		</properties>
		<testcase classname="github.com/pingcap/tidb/br/pkg/lightning/checkpoints" name="TestMergeStatusCheckpoint" time="0.000000"></testcase>
		<testcase classname="github.com/pingcap/tidb/br/pkg/lightning/checkpoints" name="TestMergeInvalidStatusCheckpoint" time="0.000000"></testcase>
		<testcase classname="github.com/pingcap/tidb/br/pkg/lightning/checkpoints" name="TestMergeChunkCheckpoint" time="0.000000"></testcase>
		<testcase classname="github.com/pingcap/tidb/br/pkg/lightning/checkpoints" name="TestRebaseCheckpoint" time="0.000000"></testcase>
		<testcase classname="github.com/pingcap/tidb/br/pkg/lightning/checkpoints" name="TestApplyDiff" time="0.000000"></testcase>
		<testcase classname="github.com/pingcap/tidb/br/pkg/lightning/checkpoints" name="TestCheckpointMarshallUnmarshall" time="0.000000"></testcase>
		<testcase classname="github.com/pingcap/tidb/br/pkg/lightning/checkpoints" name="TestSeparateCompletePath" time="0.000000"></testcase>
		<testcase classname="github.com/pingcap/tidb/br/pkg/lightning/checkpoints" name="TestGet" time="0.010000"></testcase>
		<testcase classname="github.com/pingcap/tidb/br/pkg/lightning/checkpoints" name="TestRemoveAllCheckpoints" time="0.000000"></testcase>
		<testcase classname="github.com/pingcap/tidb/br/pkg/lightning/checkpoints" name="TestRemoveOneCheckpoint" time="0.000000"></testcase>
		<testcase classname="github.com/pingcap/tidb/br/pkg/lightning/checkpoints" name="TestIgnoreAllErrorCheckpoints" time="0.010000"></testcase>
		<testcase classname="github.com/pingcap/tidb/br/pkg/lightning/checkpoints" name="TestIgnoreOneErrorCheckpoints" time="0.000000"></testcase>
		<testcase classname="github.com/pingcap/tidb/br/pkg/lightning/checkpoints" name="TestDestroyAllErrorCheckpoints" time="0.000000"></testcase>
		<testcase classname="github.com/pingcap/tidb/br/pkg/lightning/checkpoints" name="TestDestroyOneErrorCheckpoint" time="0.000000"></testcase>
		<testcase classname="github.com/pingcap/tidb/br/pkg/lightning/checkpoints" name="TestNormalOperations" time="0.000000"></testcase>
		<testcase classname="github.com/pingcap/tidb/br/pkg/lightning/checkpoints" name="TestRemoveAllCheckpoints_SQL" time="0.000000"></testcase>
		<testcase classname="github.com/pingcap/tidb/br/pkg/lightning/checkpoints" name="TestRemoveOneCheckpoint_SQL" time="0.000000"></testcase>
		<testcase classname="github.com/pingcap/tidb/br/pkg/lightning/checkpoints" name="TestIgnoreAllErrorCheckpoints_SQL" time="0.000000"></testcase>
		<testcase classname="github.com/pingcap/tidb/br/pkg/lightning/checkpoints" name="TestIgnoreOneErrorCheckpoint" time="0.000000"></testcase>
		<testcase classname="github.com/pingcap/tidb/br/pkg/lightning/checkpoints" name="TestDestroyAllErrorCheckpoints_SQL" time="0.000000"></testcase>
		<testcase classname="github.com/pingcap/tidb/br/pkg/lightning/checkpoints" name="TestDestroyOneErrorCheckpoints" time="0.000000"></testcase>
		<testcase classname="github.com/pingcap/tidb/br/pkg/lightning/checkpoints" name="TestDump" time="0.000000"></testcase>
		<testcase classname="github.com/pingcap/tidb/br/pkg/lightning/checkpoints" name="TestMoveCheckpoints" time="0.000000"></testcase>
	</testsuite>
	<testsuite tests="0" failures="0" time="0.000000" name="github.com/pingcap/tidb/br/pkg/lightning/checkpoints/checkpointspb" timestamp="2022-05-12T20:20:18+08:00">
		<properties>
			<property name="go.version" value="go1.18 darwin/arm64"></property>
		</properties>
	</testsuite>
	<testsuite tests="18" failures="0" time="8.452000" name="github.com/pingcap/tidb/br/pkg/lightning/common" timestamp="2022-05-12T20:20:18+08:00">
		<properties>
			<property name="go.version" value="go1.18 darwin/arm64"></property>
		</properties>
		<testcase classname="github.com/pingcap/tidb/br/pkg/lightning/common" name="TestNormalizeError" time="0.000000"></testcase>
		<testcase classname="github.com/pingcap/tidb/br/pkg/lightning/common" name="TestNormalizeOrWrapErr" time="0.000000"></testcase>
		<testcase classname="github.com/pingcap/tidb/br/pkg/lightning/common" name="TestIsRetryableError" time="0.000000"></testcase>
		<testcase classname="github.com/pingcap/tidb/br/pkg/lightning/common" name="TestOnceError" time="0.000000"></testcase>
		<testcase classname="github.com/pingcap/tidb/br/pkg/lightning/common" name="TestPause" time="1.010000"></testcase>
		<testcase classname="github.com/pingcap/tidb/br/pkg/lightning/common" name="TestGetJSONInsecure" time="0.000000"></testcase>
		<testcase classname="github.com/pingcap/tidb/br/pkg/lightning/common" name="TestGetJSONSecure" time="0.010000"></testcase>
		<testcase classname="github.com/pingcap/tidb/br/pkg/lightning/common" name="TestInvalidTLS" time="0.000000"></testcase>
		<testcase classname="github.com/pingcap/tidb/br/pkg/lightning/common" name="TestGetStorageSize" time="0.000000"></testcase>
		<testcase classname="github.com/pingcap/tidb/br/pkg/lightning/common" name="TestDirNotExist" time="0.000000"></testcase>
		<testcase classname="github.com/pingcap/tidb/br/pkg/lightning/common" name="TestGetJSON" time="1.010000"></testcase>
		<testcase classname="github.com/pingcap/tidb/br/pkg/lightning/common" name="TestToDSN" time="0.000000"></testcase>
		<testcase classname="github.com/pingcap/tidb/br/pkg/lightning/common" name="TestConnect" time="0.000000"></testcase>
		<testcase classname="github.com/pingcap/tidb/br/pkg/lightning/common" name="TestIsContextCanceledError" time="0.000000"></testcase>
		<testcase classname="github.com/pingcap/tidb/br/pkg/lightning/common" name="TestUniqueTable" time="0.000000"></testcase>
		<testcase classname="github.com/pingcap/tidb/br/pkg/lightning/common" name="TestSQLWithRetry" time="6.010000"></testcase>
		<testcase classname="github.com/pingcap/tidb/br/pkg/lightning/common" name="TestStringSliceEqual" time="0.000000"></testcase>
		<testcase classname="github.com/pingcap/tidb/br/pkg/lightning/common" name="TestInterpolateMySQLString" time="0.000000"></testcase>
	</testsuite>
	<testsuite tests="39" failures="0" time="1.831000" name="github.com/pingcap/tidb/br/pkg/lightning/config" timestamp="2022-05-12T20:20:18+08:00">
		<properties>
			<property name="go.version" value="go1.18 darwin/arm64"></property>
		</properties>
		<testcase classname="github.com/pingcap/tidb/br/pkg/lightning/config" name="TestByteSizeTOMLDecode" time="0.000000"></testcase>
		<testcase classname="github.com/pingcap/tidb/br/pkg/lightning/config" name="TestByteSizeTOMLAndJSONEncode" time="0.000000"></testcase>
		<testcase classname="github.com/pingcap/tidb/br/pkg/lightning/config" name="TestAdjustPdAddrAndPort" time="0.000000"></testcase>
		<testcase classname="github.com/pingcap/tidb/br/pkg/lightning/config" name="TestAdjustPdAddrAndPortViaAdvertiseAddr" time="0.000000"></testcase>
		<testcase classname="github.com/pingcap/tidb/br/pkg/lightning/config" name="TestAdjustPageNotFound" time="0.000000"></testcase>
		<testcase classname="github.com/pingcap/tidb/br/pkg/lightning/config" name="TestAdjustConnectRefused" time="0.000000"></testcase>
		<testcase classname="github.com/pingcap/tidb/br/pkg/lightning/config" name="TestAdjustBackendNotSet" time="0.000000"></testcase>
		<testcase classname="github.com/pingcap/tidb/br/pkg/lightning/config" name="TestAdjustInvalidBackend" time="0.000000"></testcase>
		<testcase classname="github.com/pingcap/tidb/br/pkg/lightning/config" name="TestCheckAndAdjustFilePath" time="0.000000"></testcase>
		<testcase classname="github.com/pingcap/tidb/br/pkg/lightning/config" name="TestAdjustFileRoutePath" time="0.000000"></testcase>
		<testcase classname="github.com/pingcap/tidb/br/pkg/lightning/config" name="TestDecodeError" time="0.000000"></testcase>
		<testcase classname="github.com/pingcap/tidb/br/pkg/lightning/config" name="TestInvalidSetting" time="0.000000"></testcase>
		<testcase classname="github.com/pingcap/tidb/br/pkg/lightning/config" name="TestInvalidPDAddr" time="0.000000"></testcase>
		<testcase classname="github.com/pingcap/tidb/br/pkg/lightning/config" name="TestAdjustWillNotContactServerIfEverythingIsDefined" time="0.000000"></testcase>
		<testcase classname="github.com/pingcap/tidb/br/pkg/lightning/config" name="TestAdjustWillBatchImportRatioInvalid" time="0.000000"></testcase>
		<testcase classname="github.com/pingcap/tidb/br/pkg/lightning/config" name="TestAdjustSecuritySection" time="0.000000"></testcase>
		<testcase classname="github.com/pingcap/tidb/br/pkg/lightning/config" name="TestInvalidCSV" time="0.000000"></testcase>
		<testcase classname="github.com/pingcap/tidb/br/pkg/lightning/config" name="TestInvalidTOML" time="0.000000"></testcase>
		<testcase classname="github.com/pingcap/tidb/br/pkg/lightning/config" name="TestTOMLUnusedKeys" time="0.000000"></testcase>
		<testcase classname="github.com/pingcap/tidb/br/pkg/lightning/config" name="TestDurationUnmarshal" time="0.000000"></testcase>
		<testcase classname="github.com/pingcap/tidb/br/pkg/lightning/config" name="TestDurationMarshalJSON" time="0.000000"></testcase>
		<testcase classname="github.com/pingcap/tidb/br/pkg/lightning/config" name="TestDuplicateResolutionAlgorithm" time="0.000000"></testcase>
		<testcase classname="github.com/pingcap/tidb/br/pkg/lightning/config" name="TestLoadConfig" time="0.000000"></testcase>
		<testcase classname="github.com/pingcap/tidb/br/pkg/lightning/config" name="TestDefaultImporterBackendValue" time="0.000000"></testcase>
		<testcase classname="github.com/pingcap/tidb/br/pkg/lightning/config" name="TestDefaultTidbBackendValue" time="0.000000"></testcase>
		<testcase classname="github.com/pingcap/tidb/br/pkg/lightning/config" name="TestDefaultCouldBeOverwritten" time="0.000000"></testcase>
		<testcase classname="github.com/pingcap/tidb/br/pkg/lightning/config" name="TestLoadFromInvalidConfig" time="0.000000"></testcase>
		<testcase classname="github.com/pingcap/tidb/br/pkg/lightning/config" name="TestTomlPostRestore" time="0.000000"></testcase>
		<testcase classname="github.com/pingcap/tidb/br/pkg/lightning/config" name="TestCronEncodeDecode" time="0.000000"></testcase>
		<testcase classname="github.com/pingcap/tidb/br/pkg/lightning/config" name="TestAdjustWithLegacyBlackWhiteList" time="0.000000"></testcase>
		<testcase classname="github.com/pingcap/tidb/br/pkg/lightning/config" name="TestAdjustDiskQuota" time="0.000000"></testcase>
		<testcase classname="github.com/pingcap/tidb/br/pkg/lightning/config" name="TestDataCharacterSet" time="0.000000"></testcase>
		<testcase classname="github.com/pingcap/tidb/br/pkg/lightning/config" name="TestCheckpointKeepStrategy" time="0.000000"></testcase>
		<testcase classname="github.com/pingcap/tidb/br/pkg/lightning/config" name="TestLoadCharsetFromConfig" time="0.000000"></testcase>
		<testcase classname="github.com/pingcap/tidb/br/pkg/lightning/config" name="TestCheckAndAdjustForLocalBackend" time="0.000000"></testcase>
		<testcase classname="github.com/pingcap/tidb/br/pkg/lightning/config" name="TestNormalPushPop" time="0.400000"></testcase>
		<testcase classname="github.com/pingcap/tidb/br/pkg/lightning/config" name="TestContextCancel" time="0.410000"></testcase>
		<testcase classname="github.com/pingcap/tidb/br/pkg/lightning/config" name="TestGetRemove" time="0.000000"></testcase>
		<testcase classname="github.com/pingcap/tidb/br/pkg/lightning/config" name="TestMoveFrontBack" time="0.000000"></testcase>
	</testsuite>
	<testsuite tests="4" failures="0" time="1.139000" name="github.com/pingcap/tidb/br/pkg/lightning/errormanager" timestamp="2022-05-12T20:20:18+08:00">
		<properties>
			<property name="go.version" value="go1.18 darwin/arm64"></property>
		</properties>
		<testcase classname="github.com/pingcap/tidb/br/pkg/lightning/errormanager" name="TestInit" time="0.000000"></testcase>
		<testcase classname="github.com/pingcap/tidb/br/pkg/lightning/errormanager" name="TestResolveAllConflictKeys" time="0.040000"></testcase>
		<testcase classname="github.com/pingcap/tidb/br/pkg/lightning/errormanager" name="TestErrorMgrHasError" time="0.000000"></testcase>
		<testcase classname="github.com/pingcap/tidb/br/pkg/lightning/errormanager" name="TestErrorMgrErrorOutput" time="0.000000"></testcase>
	</testsuite>
	<testsuite tests="0" failures="0" time="0.000000" name="github.com/pingcap/tidb/br/pkg/lightning/glue" timestamp="2022-05-12T20:20:18+08:00">
		<properties>
			<property name="go.version" value="go1.18 darwin/arm64"></property>
		</properties>
	</testsuite>
	<testsuite tests="4" failures="0" time="0.381000" name="github.com/pingcap/tidb/br/pkg/lightning/log" timestamp="2022-05-12T20:20:18+08:00">
		<properties>
			<property name="go.version" value="go1.18 darwin/arm64"></property>
		</properties>
		<testcase classname="github.com/pingcap/tidb/br/pkg/lightning/log" name="TestFilter" time="0.000000"></testcase>
		<testcase classname="github.com/pingcap/tidb/br/pkg/lightning/log" name="TestConfigAdjust" time="0.000000"></testcase>
		<testcase classname="github.com/pingcap/tidb/br/pkg/lightning/log" name="TestTestLogger" time="0.000000"></testcase>
		<testcase classname="github.com/pingcap/tidb/br/pkg/lightning/log" name="TestInitStdoutLogger" time="0.000000"></testcase>
	</testsuite>
	<testsuite tests="0" failures="0" time="0.000000" name="github.com/pingcap/tidb/br/pkg/lightning/manual" timestamp="2022-05-12T20:20:18+08:00">
		<properties>
			<property name="go.version" value="go1.18 darwin/arm64"></property>
		</properties>
	</testsuite>
	<testsuite tests="3" failures="0" time="0.320000" name="github.com/pingcap/tidb/br/pkg/lightning/metric" timestamp="2022-05-12T20:20:18+08:00">
		<properties>
			<property name="go.version" value="go1.18 darwin/arm64"></property>
		</properties>
		<testcase classname="github.com/pingcap/tidb/br/pkg/lightning/metric" name="TestReadCounter" time="0.000000"></testcase>
		<testcase classname="github.com/pingcap/tidb/br/pkg/lightning/metric" name="TestReadHistogramSum" time="0.000000"></testcase>
		<testcase classname="github.com/pingcap/tidb/br/pkg/lightning/metric" name="TestRecordEngineCount" time="0.000000"></testcase>
	</testsuite>
	<testsuite tests="69" failures="0" time="0.458000" name="github.com/pingcap/tidb/br/pkg/lightning/mydump" timestamp="2022-05-12T20:20:18+08:00">
		<properties>
			<property name="go.version" value="go1.18 darwin/arm64"></property>
		</properties>
		<testcase classname="github.com/pingcap/tidb/br/pkg/lightning/mydump" name="TestCharsetConvertor" time="0.000000"></testcase>
		<testcase classname="github.com/pingcap/tidb/br/pkg/lightning/mydump" name="TestInvalidCharReplace" time="0.000000"></testcase>
		<testcase classname="github.com/pingcap/tidb/br/pkg/lightning/mydump" name="TestParquetParser" time="0.000000"></testcase>
		<testcase classname="github.com/pingcap/tidb/br/pkg/lightning/mydump" name="TestParquetVariousTypes" time="0.000000"></testcase>
		<testcase classname="github.com/pingcap/tidb/br/pkg/lightning/mydump" name="TestParquetAurora" time="0.000000"></testcase>
		<testcase classname="github.com/pingcap/tidb/br/pkg/lightning/mydump" name="TestRouteParser" time="0.000000"></testcase>
		<testcase classname="github.com/pingcap/tidb/br/pkg/lightning/mydump" name="TestInvalidRouteRule" time="0.000000"></testcase>
		<testcase classname="github.com/pingcap/tidb/br/pkg/lightning/mydump" name="TestSingleRouteRule" time="0.000000"></testcase>
		<testcase classname="github.com/pingcap/tidb/br/pkg/lightning/mydump" name="TestMultiRouteRule" time="0.000000"></testcase>
		<testcase classname="github.com/pingcap/tidb/br/pkg/lightning/mydump" name="TestRouteExpanding" time="0.000000"></testcase>
		<testcase classname="github.com/pingcap/tidb/br/pkg/lightning/mydump" name="TestRouteWithPath" time="0.000000"></testcase>
		<testcase classname="github.com/pingcap/tidb/br/pkg/lightning/mydump" name="TestTPCH" time="0.000000"></testcase>
		<testcase classname="github.com/pingcap/tidb/br/pkg/lightning/mydump" name="TestTPCHMultiBytes" time="0.000000"></testcase>
		<testcase classname="github.com/pingcap/tidb/br/pkg/lightning/mydump" name="TestRFC4180" time="0.000000"></testcase>
		<testcase classname="github.com/pingcap/tidb/br/pkg/lightning/mydump" name="TestMySQL" time="0.000000"></testcase>
		<testcase classname="github.com/pingcap/tidb/br/pkg/lightning/mydump" name="TestSyntaxErrorCSV" time="0.000000"></testcase>
		<testcase classname="github.com/pingcap/tidb/br/pkg/lightning/mydump" name="TestTSV" time="0.000000"></testcase>
		<testcase classname="github.com/pingcap/tidb/br/pkg/lightning/mydump" name="TestCsvWithWhiteSpaceLine" time="0.000000"></testcase>
		<testcase classname="github.com/pingcap/tidb/br/pkg/lightning/mydump" name="TestEmpty" time="0.000000"></testcase>
		<testcase classname="github.com/pingcap/tidb/br/pkg/lightning/mydump" name="TestCRLF" time="0.000000"></testcase>
		<testcase classname="github.com/pingcap/tidb/br/pkg/lightning/mydump" name="TestQuotedSeparator" time="0.000000"></testcase>
		<testcase classname="github.com/pingcap/tidb/br/pkg/lightning/mydump" name="TestConsecutiveFields" time="0.000000"></testcase>
		<testcase classname="github.com/pingcap/tidb/br/pkg/lightning/mydump" name="TestSpecialChars" time="0.000000"></testcase>
		<testcase classname="github.com/pingcap/tidb/br/pkg/lightning/mydump" name="TestContinuationCSV" time="0.000000"></testcase>
		<testcase classname="github.com/pingcap/tidb/br/pkg/lightning/mydump" name="TestBackslashAsSep" time="0.000000"></testcase>
		<testcase classname="github.com/pingcap/tidb/br/pkg/lightning/mydump" name="TestBackslashAsDelim" time="0.000000"></testcase>
		<testcase classname="github.com/pingcap/tidb/br/pkg/lightning/mydump" name="TestReadError" time="0.000000"></testcase>
		<testcase classname="github.com/pingcap/tidb/br/pkg/lightning/mydump" name="TestSyntaxErrorLog" time="0.000000"></testcase>
		<testcase classname="github.com/pingcap/tidb/br/pkg/lightning/mydump" name="TestTrimLastSep" time="0.000000"></testcase>
		<testcase classname="github.com/pingcap/tidb/br/pkg/lightning/mydump" name="TestTerminator" time="0.000000"></testcase>
		<testcase classname="github.com/pingcap/tidb/br/pkg/lightning/mydump" name="TestCharsetConversion" time="0.000000"></testcase>
		<testcase classname="github.com/pingcap/tidb/br/pkg/lightning/mydump" name="TestLoader" time="0.000000"></testcase>
		<testcase classname="github.com/pingcap/tidb/br/pkg/lightning/mydump" name="TestEmptyDB" time="0.000000"></testcase>
		<testcase classname="github.com/pingcap/tidb/br/pkg/lightning/mydump" name="TestDuplicatedDB" time="0.000000"></testcase>
		<testcase classname="github.com/pingcap/tidb/br/pkg/lightning/mydump" name="TestTableNoHostDB" time="0.000000"></testcase>
		<testcase classname="github.com/pingcap/tidb/br/pkg/lightning/mydump" name="TestDuplicatedTable" time="0.000000"></testcase>
		<testcase classname="github.com/pingcap/tidb/br/pkg/lightning/mydump" name="TestTableInfoNotFound" time="0.000000"></testcase>
		<testcase classname="github.com/pingcap/tidb/br/pkg/lightning/mydump" name="TestTableUnexpectedError" time="0.000000"></testcase>
		<testcase classname="github.com/pingcap/tidb/br/pkg/lightning/mydump" name="TestDataNoHostDB" time="0.000000"></testcase>
		<testcase classname="github.com/pingcap/tidb/br/pkg/lightning/mydump" name="TestDataNoHostTable" time="0.000000"></testcase>
		<testcase classname="github.com/pingcap/tidb/br/pkg/lightning/mydump" name="TestViewNoHostDB" time="0.000000"></testcase>
		<testcase classname="github.com/pingcap/tidb/br/pkg/lightning/mydump" name="TestViewNoHostTable" time="0.000000"></testcase>
		<testcase classname="github.com/pingcap/tidb/br/pkg/lightning/mydump" name="TestDataWithoutSchema" time="0.000000"></testcase>
		<testcase classname="github.com/pingcap/tidb/br/pkg/lightning/mydump" name="TestTablesWithDots" time="0.000000"></testcase>
		<testcase classname="github.com/pingcap/tidb/br/pkg/lightning/mydump" name="TestRouter" time="0.000000"></testcase>
		<testcase classname="github.com/pingcap/tidb/br/pkg/lightning/mydump" name="TestBadRouterRule" time="0.000000"></testcase>
		<testcase classname="github.com/pingcap/tidb/br/pkg/lightning/mydump" name="TestFileRouting" time="0.000000"></testcase>
		<testcase classname="github.com/pingcap/tidb/br/pkg/lightning/mydump" name="TestInputWithSpecialChars" time="0.000000"></testcase>
		<testcase classname="github.com/pingcap/tidb/br/pkg/lightning/mydump" name="TestReadRow" time="0.000000"></testcase>
		<testcase classname="github.com/pingcap/tidb/br/pkg/lightning/mydump" name="TestReadChunks" time="0.000000"></testcase>
		<testcase classname="github.com/pingcap/tidb/br/pkg/lightning/mydump" name="TestNestedRow" time="0.000000"></testcase>
		<testcase classname="github.com/pingcap/tidb/br/pkg/lightning/mydump" name="TestVariousSyntax" time="0.000000"></testcase>
		<testcase classname="github.com/pingcap/tidb/br/pkg/lightning/mydump" name="TestContinuation" time="0.000000"></testcase>
		<testcase classname="github.com/pingcap/tidb/br/pkg/lightning/mydump" name="TestPseudoKeywords" time="0.000000"></testcase>
		<testcase classname="github.com/pingcap/tidb/br/pkg/lightning/mydump" name="TestSyntaxError" time="0.000000"></testcase>
		<testcase classname="github.com/pingcap/tidb/br/pkg/lightning/mydump" name="TestMoreSyntaxError" time="0.010000"></testcase>
		<testcase classname="github.com/pingcap/tidb/br/pkg/lightning/mydump" name="TestMoreEmptyFiles" time="0.000000"></testcase>
		<testcase classname="github.com/pingcap/tidb/br/pkg/lightning/mydump" name="TestExportStatementNoTrailingNewLine" time="0.000000"></testcase>
		<testcase classname="github.com/pingcap/tidb/br/pkg/lightning/mydump" name="TestExportStatementWithComment" time="0.000000"></testcase>
		<testcase classname="github.com/pingcap/tidb/br/pkg/lightning/mydump" name="TestExportStatementWithCommentNoTrailingNewLine" time="0.000000"></testcase>
		<testcase classname="github.com/pingcap/tidb/br/pkg/lightning/mydump" name="TestExportStatementGBK" time="0.000000"></testcase>
		<testcase classname="github.com/pingcap/tidb/br/pkg/lightning/mydump" name="TestExportStatementGibberishError" time="0.000000"></testcase>
		<testcase classname="github.com/pingcap/tidb/br/pkg/lightning/mydump" name="TestExportStatementHandleNonEOFError" time="0.000000"></testcase>
		<testcase classname="github.com/pingcap/tidb/br/pkg/lightning/mydump" name="TestTableRegion" time="0.000000"></testcase>
		<testcase classname="github.com/pingcap/tidb/br/pkg/lightning/mydump" name="TestAllocateEngineIDs" time="0.000000"></testcase>
		<testcase classname="github.com/pingcap/tidb/br/pkg/lightning/mydump" name="TestSplitLargeFile" time="0.000000"></testcase>
		<testcase classname="github.com/pingcap/tidb/br/pkg/lightning/mydump" name="TestSplitLargeFileNoNewLineAtEOF" time="0.000000"></testcase>
		<testcase classname="github.com/pingcap/tidb/br/pkg/lightning/mydump" name="TestSplitLargeFileWithCustomTerminator" time="0.000000"></testcase>
		<testcase classname="github.com/pingcap/tidb/br/pkg/lightning/mydump" name="TestSplitLargeFileOnlyOneChunk" time="0.000000"></testcase>
	</testsuite>
	<testsuite tests="78" failures="0" time="13.162000" name="github.com/pingcap/tidb/br/pkg/lightning/restore" timestamp="2022-05-12T20:20:18+08:00">
		<properties>
			<property name="go.version" value="go1.18 darwin/arm64"></property>
		</properties>
		<testcase classname="github.com/pingcap/tidb/br/pkg/lightning/restore" name="TestCheckCSVHeader" time="0.190000"></testcase>
		<testcase classname="github.com/pingcap/tidb/br/pkg/lightning/restore" name="TestCheckTableEmpty" time="3.040000"></testcase>
		<testcase classname="github.com/pingcap/tidb/br/pkg/lightning/restore" name="TestLocalResource" time="0.000000"></testcase>
		<testcase classname="github.com/pingcap/tidb/br/pkg/lightning/restore" name="TestDoChecksum" time="0.000000"></testcase>
		<testcase classname="github.com/pingcap/tidb/br/pkg/lightning/restore" name="TestDoChecksumParallel" time="0.100000"></testcase>
		<testcase classname="github.com/pingcap/tidb/br/pkg/lightning/restore" name="TestIncreaseGCLifeTimeFail" time="0.000000"></testcase>
		<testcase classname="github.com/pingcap/tidb/br/pkg/lightning/restore" name="TestDoChecksumWithTikv" time="0.610000"></testcase>
		<testcase classname="github.com/pingcap/tidb/br/pkg/lightning/restore" name="TestDoChecksumWithErrorAndLongOriginalLifetime" time="0.000000"></testcase>
		<testcase classname="github.com/pingcap/tidb/br/pkg/lightning/restore" name="TestGcTTLManagerSingle" time="3.030000"></testcase>
		<testcase classname="github.com/pingcap/tidb/br/pkg/lightning/restore" name="TestGcTTLManagerMulti" time="0.000000"></testcase>
		<testcase classname="github.com/pingcap/tidb/br/pkg/lightning/restore" name="TestPdServiceID" time="0.000000"></testcase>
		<testcase classname="github.com/pingcap/tidb/br/pkg/lightning/restore" name="TestChunkRestoreSuite/TestDeliverLoop" time="0.020000"></testcase>
		<testcase classname="github.com/pingcap/tidb/br/pkg/lightning/restore" name="TestChunkRestoreSuite/TestDeliverLoopCancel" time="0.020000"></testcase>
		<testcase classname="github.com/pingcap/tidb/br/pkg/lightning/restore" name="TestChunkRestoreSuite/TestDeliverLoopEmptyData" time="0.020000"></testcase>
		<testcase classname="github.com/pingcap/tidb/br/pkg/lightning/restore" name="TestChunkRestoreSuite/TestEncodeLoop" time="0.000000"></testcase>
		<testcase classname="github.com/pingcap/tidb/br/pkg/lightning/restore" name="TestChunkRestoreSuite/TestEncodeLoopCanceled" time="0.020000"></testcase>
		<testcase classname="github.com/pingcap/tidb/br/pkg/lightning/restore" name="TestChunkRestoreSuite/TestEncodeLoopColumnsMismatch" time="0.040000"></testcase>
		<testcase classname="github.com/pingcap/tidb/br/pkg/lightning/restore" name="TestChunkRestoreSuite/TestEncodeLoopDeliverErrored" time="0.020000"></testcase>
		<testcase classname="github.com/pingcap/tidb/br/pkg/lightning/restore" name="TestChunkRestoreSuite/TestEncodeLoopDeliverLimit" time="0.050000"></testcase>
		<testcase classname="github.com/pingcap/tidb/br/pkg/lightning/restore" name="TestChunkRestoreSuite/TestEncodeLoopForcedError" time="0.020000"></testcase>
		<testcase classname="github.com/pingcap/tidb/br/pkg/lightning/restore" name="TestChunkRestoreSuite/TestEncodeLoopIgnoreColumnsCSV" time="0.070000"></testcase>
		<testcase classname="github.com/pingcap/tidb/br/pkg/lightning/restore" name="TestChunkRestoreSuite/TestRestore" time="0.020000"></testcase>
		<testcase classname="github.com/pingcap/tidb/br/pkg/lightning/restore" name="TestChunkRestoreSuite" time="0.460000"></testcase>
		<testcase classname="github.com/pingcap/tidb/br/pkg/lightning/restore" name="TestAllocTableRowIDsSingleTable" time="0.000000"></testcase>
		<testcase classname="github.com/pingcap/tidb/br/pkg/lightning/restore" name="TestAllocTableRowIDsSingleTableAutoIDNot0" time="0.000000"></testcase>
		<testcase classname="github.com/pingcap/tidb/br/pkg/lightning/restore" name="TestAllocTableRowIDsSingleTableContainsData" time="0.000000"></testcase>
		<testcase classname="github.com/pingcap/tidb/br/pkg/lightning/restore" name="TestAllocTableRowIDsSingleTableSkipChecksum" time="0.000000"></testcase>
		<testcase classname="github.com/pingcap/tidb/br/pkg/lightning/restore" name="TestAllocTableRowIDsAllocated" time="0.000000"></testcase>
		<testcase classname="github.com/pingcap/tidb/br/pkg/lightning/restore" name="TestAllocTableRowIDsFinished" time="0.000000"></testcase>
		<testcase classname="github.com/pingcap/tidb/br/pkg/lightning/restore" name="TestAllocTableRowIDsMultiTasksInit" time="0.000000"></testcase>
		<testcase classname="github.com/pingcap/tidb/br/pkg/lightning/restore" name="TestAllocTableRowIDsMultiTasksAllocated" time="0.000000"></testcase>
		<testcase classname="github.com/pingcap/tidb/br/pkg/lightning/restore" name="TestCheckTasksExclusively" time="0.000000"></testcase>
		<testcase classname="github.com/pingcap/tidb/br/pkg/lightning/restore" name="TestSingleTaskMetaMgr" time="0.000000"></testcase>
		<testcase classname="github.com/pingcap/tidb/br/pkg/lightning/restore" name="TestRestoreSchemaSuite/TestNoSchemaPath" time="0.000000"></testcase>
		<testcase classname="github.com/pingcap/tidb/br/pkg/lightning/restore" name="TestRestoreSchemaSuite/TestRestoreSchemaContextCancel" time="0.020000"></testcase>
		<testcase classname="github.com/pingcap/tidb/br/pkg/lightning/restore" name="TestRestoreSchemaSuite/TestRestoreSchemaFailed" time="0.000000"></testcase>
		<testcase classname="github.com/pingcap/tidb/br/pkg/lightning/restore" name="TestRestoreSchemaSuite/TestRestoreSchemaSuccessful" time="0.060000"></testcase>
		<testcase classname="github.com/pingcap/tidb/br/pkg/lightning/restore" name="TestRestoreSchemaSuite" time="0.420000"></testcase>
		<testcase classname="github.com/pingcap/tidb/br/pkg/lightning/restore" name="TestNewTableRestore" time="0.000000"></testcase>
		<testcase classname="github.com/pingcap/tidb/br/pkg/lightning/restore" name="TestNewTableRestoreFailure" time="0.000000"></testcase>
		<testcase classname="github.com/pingcap/tidb/br/pkg/lightning/restore" name="TestErrorSummaries" time="0.000000"></testcase>
		<testcase classname="github.com/pingcap/tidb/br/pkg/lightning/restore" name="TestVerifyCheckpoint" time="0.190000"></testcase>
		<testcase classname="github.com/pingcap/tidb/br/pkg/lightning/restore" name="TestPreCheckFailed" time="0.000000"></testcase>
		<testcase classname="github.com/pingcap/tidb/br/pkg/lightning/restore" name="TestTableRestoreSuite/TestAnalyzeTable" time="0.000000"></testcase>
		<testcase classname="github.com/pingcap/tidb/br/pkg/lightning/restore" name="TestTableRestoreSuite/TestCheckClusterRegion" time="0.060000"></testcase>
		<testcase classname="github.com/pingcap/tidb/br/pkg/lightning/restore" name="TestTableRestoreSuite/TestCheckClusterResource" time="0.050000"></testcase>
		<testcase classname="github.com/pingcap/tidb/br/pkg/lightning/restore" name="TestTableRestoreSuite/TestCheckHasLargeCSV" time="0.020000"></testcase>
		<testcase classname="github.com/pingcap/tidb/br/pkg/lightning/restore" name="TestTableRestoreSuite/TestCompareChecksumFailure" time="0.000000"></testcase>
		<testcase classname="github.com/pingcap/tidb/br/pkg/lightning/restore" name="TestTableRestoreSuite/TestCompareChecksumSuccess" time="0.000000"></testcase>
		<testcase classname="github.com/pingcap/tidb/br/pkg/lightning/restore" name="TestTableRestoreSuite/TestEstimate" time="0.020000"></testcase>
		<testcase classname="github.com/pingcap/tidb/br/pkg/lightning/restore" name="TestTableRestoreSuite/TestGBKEncodedSchemaIsValid" time="0.020000"></testcase>
		<testcase classname="github.com/pingcap/tidb/br/pkg/lightning/restore" name="TestTableRestoreSuite/TestGetColumnsNames" time="0.000000"></testcase>
		<testcase classname="github.com/pingcap/tidb/br/pkg/lightning/restore" name="TestTableRestoreSuite/TestImportKVFailure" time="0.000000"></testcase>
		<testcase classname="github.com/pingcap/tidb/br/pkg/lightning/restore" name="TestTableRestoreSuite/TestImportKVSuccess" time="0.000000"></testcase>
		<testcase classname="github.com/pingcap/tidb/br/pkg/lightning/restore" name="TestTableRestoreSuite/TestInitializeColumns" time="0.000000"></testcase>
		<testcase classname="github.com/pingcap/tidb/br/pkg/lightning/restore" name="TestTableRestoreSuite/TestInitializeColumnsGenerated" time="0.000000"></testcase>
		<testcase classname="github.com/pingcap/tidb/br/pkg/lightning/restore" name="TestTableRestoreSuite/TestPopulateChunks" time="0.020000"></testcase>
		<testcase classname="github.com/pingcap/tidb/br/pkg/lightning/restore" name="TestTableRestoreSuite/TestPopulateChunksCSVHeader" time="0.090000"></testcase>
		<testcase classname="github.com/pingcap/tidb/br/pkg/lightning/restore" name="TestTableRestoreSuite/TestRestoreEngineFailed" time="0.060000"></testcase>
		<testcase classname="github.com/pingcap/tidb/br/pkg/lightning/restore" name="TestTableRestoreSuite/TestSaveStatusCheckpoint" time="0.210000"></testcase>
		<testcase classname="github.com/pingcap/tidb/br/pkg/lightning/restore" name="TestTableRestoreSuite/TestSchemaIsValid" time="0.100000"></testcase>
		<testcase classname="github.com/pingcap/tidb/br/pkg/lightning/restore" name="TestTableRestoreSuite/TestTableRestoreMetrics" time="0.020000"></testcase>
		<testcase classname="github.com/pingcap/tidb/br/pkg/lightning/restore" name="TestTableRestoreSuite" time="0.790000"></testcase>
		<testcase classname="github.com/pingcap/tidb/br/pkg/lightning/restore" name="TestCreateTableIfNotExistsStmt" time="0.000000"></testcase>
		<testcase classname="github.com/pingcap/tidb/br/pkg/lightning/restore" name="TestInitSchema" time="0.000000"></testcase>
		<testcase classname="github.com/pingcap/tidb/br/pkg/lightning/restore" name="TestInitSchemaSyntaxError" time="0.000000"></testcase>
		<testcase classname="github.com/pingcap/tidb/br/pkg/lightning/restore" name="TestInitSchemaErrorLost" time="0.000000"></testcase>
		<testcase classname="github.com/pingcap/tidb/br/pkg/lightning/restore" name="TestInitSchemaUnsupportedSchemaError" time="0.000000"></testcase>
		<testcase classname="github.com/pingcap/tidb/br/pkg/lightning/restore" name="TestDropTable" time="0.000000"></testcase>
		<testcase classname="github.com/pingcap/tidb/br/pkg/lightning/restore" name="TestLoadSchemaInfo" time="0.000000"></testcase>
		<testcase classname="github.com/pingcap/tidb/br/pkg/lightning/restore" name="TestLoadSchemaInfoMissing" time="0.000000"></testcase>
		<testcase classname="github.com/pingcap/tidb/br/pkg/lightning/restore" name="TestGetGCLifetime" time="0.000000"></testcase>
		<testcase classname="github.com/pingcap/tidb/br/pkg/lightning/restore" name="TestSetGCLifetime" time="0.000000"></testcase>
		<testcase classname="github.com/pingcap/tidb/br/pkg/lightning/restore" name="TestAlterAutoInc" time="0.000000"></testcase>
		<testcase classname="github.com/pingcap/tidb/br/pkg/lightning/restore" name="TestAlterAutoRandom" time="0.000000"></testcase>
		<testcase classname="github.com/pingcap/tidb/br/pkg/lightning/restore" name="TestObtainRowFormatVersionSucceed" time="0.000000"></testcase>
		<testcase classname="github.com/pingcap/tidb/br/pkg/lightning/restore" name="TestObtainRowFormatVersionFailure" time="0.000000"></testcase>
		<testcase classname="github.com/pingcap/tidb/br/pkg/lightning/restore" name="TestObtainNewCollationEnabled" time="3.000000"></testcase>
	</testsuite>
	<testsuite tests="4" failures="0" time="0.430000" name="github.com/pingcap/tidb/br/pkg/lightning/tikv" timestamp="2022-05-12T20:20:18+08:00">
		<properties>
			<property name="go.version" value="go1.18 darwin/arm64"></property>
		</properties>
		<testcase classname="github.com/pingcap/tidb/br/pkg/lightning/tikv" name="TestForAllStores" time="0.010000"></testcase>
		<testcase classname="github.com/pingcap/tidb/br/pkg/lightning/tikv" name="TestFetchModeFromMetrics" time="0.000000"></testcase>
		<testcase classname="github.com/pingcap/tidb/br/pkg/lightning/tikv" name="TestCheckPDVersion" time="0.010000"></testcase>
		<testcase classname="github.com/pingcap/tidb/br/pkg/lightning/tikv" name="TestCheckTiKVVersion" time="0.010000"></testcase>
	</testsuite>
	<testsuite tests="2" failures="0" time="0.420000" name="github.com/pingcap/tidb/br/pkg/lightning/verification" timestamp="2022-05-12T20:20:18+08:00">
		<properties>
			<property name="go.version" value="go1.18 darwin/arm64"></property>
		</properties>
		<testcase classname="github.com/pingcap/tidb/br/pkg/lightning/verification" name="TestChcksum" time="0.000000"></testcase>
		<testcase classname="github.com/pingcap/tidb/br/pkg/lightning/verification" name="TestChecksumJSON" time="0.000000"></testcase>
	</testsuite>
	<testsuite tests="0" failures="0" time="0.000000" name="github.com/pingcap/tidb/br/pkg/lightning/web" timestamp="2022-05-12T20:20:18+08:00">
		<properties>
			<property name="go.version" value="go1.18 darwin/arm64"></property>
		</properties>
	</testsuite>
	<testsuite tests="1" failures="0" time="0.805000" name="github.com/pingcap/tidb/br/pkg/lightning/worker" timestamp="2022-05-12T20:20:18+08:00">
		<properties>
			<property name="go.version" value="go1.18 darwin/arm64"></property>
		</properties>
		<testcase classname="github.com/pingcap/tidb/br/pkg/lightning/worker" name="TestApplyRecycle" time="0.000000"></testcase>
	</testsuite>
	<testsuite tests="11" failures="0" time="1.697000" name="github.com/pingcap/tidb/br/pkg/logutil" timestamp="2022-05-12T20:20:18+08:00">
		<properties>
			<property name="go.version" value="go1.18 darwin/arm64"></property>
		</properties>
		<testcase classname="github.com/pingcap/tidb/br/pkg/logutil" name="TestRater" time="0.000000"></testcase>
		<testcase classname="github.com/pingcap/tidb/br/pkg/logutil" name="TestFile" time="0.000000"></testcase>
		<testcase classname="github.com/pingcap/tidb/br/pkg/logutil" name="TestFiles" time="0.000000"></testcase>
		<testcase classname="github.com/pingcap/tidb/br/pkg/logutil" name="TestKey" time="0.000000"></testcase>
		<testcase classname="github.com/pingcap/tidb/br/pkg/logutil" name="TestKeys" time="0.000000"></testcase>
		<testcase classname="github.com/pingcap/tidb/br/pkg/logutil" name="TestRewriteRule" time="0.000000"></testcase>
		<testcase classname="github.com/pingcap/tidb/br/pkg/logutil" name="TestRegion" time="0.000000"></testcase>
		<testcase classname="github.com/pingcap/tidb/br/pkg/logutil" name="TestLeader" time="0.000000"></testcase>
		<testcase classname="github.com/pingcap/tidb/br/pkg/logutil" name="TestSSTMeta" time="0.000000"></testcase>
		<testcase classname="github.com/pingcap/tidb/br/pkg/logutil" name="TestShortError" time="0.000000"></testcase>
		<testcase classname="github.com/pingcap/tidb/br/pkg/logutil" name="TestContextual" time="0.000000"></testcase>
	</testsuite>
	<testsuite tests="2" failures="0" time="0.666000" name="github.com/pingcap/tidb/br/pkg/membuf" timestamp="2022-05-12T20:20:18+08:00">
		<properties>
			<property name="go.version" value="go1.18 darwin/arm64"></property>
		</properties>
		<testcase classname="github.com/pingcap/tidb/br/pkg/membuf" name="TestBufferPool" time="0.000000"></testcase>
		<testcase classname="github.com/pingcap/tidb/br/pkg/membuf" name="TestBufferIsolation" time="0.000000"></testcase>
	</testsuite>
	<testsuite tests="5" failures="0" time="0.419000" name="github.com/pingcap/tidb/br/pkg/metautil" timestamp="2022-05-12T20:20:18+08:00">
		<properties>
			<property name="go.version" value="go1.18 darwin/arm64"></property>
		</properties>
		<testcase classname="github.com/pingcap/tidb/br/pkg/metautil" name="TestWalkMetaFileEmpty" time="0.000000"></testcase>
		<testcase classname="github.com/pingcap/tidb/br/pkg/metautil" name="TestWalkMetaFileLeaf" time="0.000000"></testcase>
		<testcase classname="github.com/pingcap/tidb/br/pkg/metautil" name="TestWalkMetaFileInvalid" time="0.000000"></testcase>
		<testcase classname="github.com/pingcap/tidb/br/pkg/metautil" name="TestWalkMetaFile" time="0.000000"></testcase>
		<testcase classname="github.com/pingcap/tidb/br/pkg/metautil" name="TestEncryptAndDecrypt" time="0.000000"></testcase>
	</testsuite>
	<testsuite tests="1" failures="0" time="1.189000" name="github.com/pingcap/tidb/br/pkg/mock" timestamp="2022-05-12T20:20:18+08:00">
		<properties>
			<property name="go.version" value="go1.18 darwin/arm64"></property>
		</properties>
		<testcase classname="github.com/pingcap/tidb/br/pkg/mock" name="TestSmoke" time="0.370000"></testcase>
	</testsuite>
	<testsuite tests="0" failures="0" time="0.000000" name="github.com/pingcap/tidb/br/pkg/mock/mockid" timestamp="2022-05-12T20:20:18+08:00">
		<properties>
			<property name="go.version" value="go1.18 darwin/arm64"></property>
		</properties>
	</testsuite>
	<testsuite tests="0" failures="0" time="0.000000" name="github.com/pingcap/tidb/br/pkg/mock/storage" timestamp="2022-05-12T20:20:18+08:00">
		<properties>
			<property name="go.version" value="go1.18 darwin/arm64"></property>
		</properties>
	</testsuite>
	<testsuite tests="6" failures="0" time="0.734000" name="github.com/pingcap/tidb/br/pkg/pdutil" timestamp="2022-05-12T20:20:18+08:00">
		<properties>
			<property name="go.version" value="go1.18 darwin/arm64"></property>
		</properties>
		<testcase classname="github.com/pingcap/tidb/br/pkg/pdutil" name="TestScheduler" time="0.010000"></testcase>
		<testcase classname="github.com/pingcap/tidb/br/pkg/pdutil" name="TestGetClusterVersion" time="0.000000"></testcase>
		<testcase classname="github.com/pingcap/tidb/br/pkg/pdutil" name="TestRegionCount" time="0.000000"></testcase>
		<testcase classname="github.com/pingcap/tidb/br/pkg/pdutil" name="TestPDVersion" time="0.000000"></testcase>
		<testcase classname="github.com/pingcap/tidb/br/pkg/pdutil" name="TestPDRequestRetry" time="0.000000"></testcase>
		<testcase classname="github.com/pingcap/tidb/br/pkg/pdutil" name="TestStoreInfo" time="0.000000"></testcase>
	</testsuite>
	<testsuite tests="1" failures="0" time="1.157000" name="github.com/pingcap/tidb/br/pkg/redact" timestamp="2022-05-12T20:20:18+08:00">
		<properties>
			<property name="go.version" value="go1.18 darwin/arm64"></property>
		</properties>
		<testcase classname="github.com/pingcap/tidb/br/pkg/redact" name="TestRedact" time="0.000000"></testcase>
	</testsuite>
	<testsuite tests="43" failures="0" time="40.311000" name="github.com/pingcap/tidb/br/pkg/restore" timestamp="2022-05-12T20:20:18+08:00">
		<properties>
			<property name="go.version" value="go1.18 darwin/arm64"></property>
		</properties>
		<testcase classname="github.com/pingcap/tidb/br/pkg/restore" name="TestBasic" time="0.000000"></testcase>
		<testcase classname="github.com/pingcap/tidb/br/pkg/restore" name="TestAutoSend" time="0.200000"></testcase>
		<testcase classname="github.com/pingcap/tidb/br/pkg/restore" name="TestSplitRangeOnSameTable" time="0.000000"></testcase>
		<testcase classname="github.com/pingcap/tidb/br/pkg/restore" name="TestRewriteRules" time="0.020000"></testcase>
		<testcase classname="github.com/pingcap/tidb/br/pkg/restore" name="TestBatcherLen" time="0.020000"></testcase>
		<testcase classname="github.com/pingcap/tidb/br/pkg/restore" name="TestCreateTables" time="0.510000"></testcase>
		<testcase classname="github.com/pingcap/tidb/br/pkg/restore" name="TestIsOnline" time="0.000000"></testcase>
		<testcase classname="github.com/pingcap/tidb/br/pkg/restore" name="TestPreCheckTableClusterIndex" time="0.000000"></testcase>
		<testcase classname="github.com/pingcap/tidb/br/pkg/restore" name="TestPreCheckTableTiFlashReplicas" time="0.000000"></testcase>
		<testcase classname="github.com/pingcap/tidb/br/pkg/restore" name="TestRestoreAutoIncID" time="0.420000"></testcase>
		<testcase classname="github.com/pingcap/tidb/br/pkg/restore" name="TestCreateTablesInDb" time="0.360000"></testcase>
		<testcase classname="github.com/pingcap/tidb/br/pkg/restore" name="TestFilterDDLJobs" time="0.410000"></testcase>
		<testcase classname="github.com/pingcap/tidb/br/pkg/restore" name="TestFilterDDLJobsV2" time="0.350000"></testcase>
		<testcase classname="github.com/pingcap/tidb/br/pkg/restore" name="TestDB_ExecDDL" time="0.340000"></testcase>
		<testcase classname="github.com/pingcap/tidb/br/pkg/restore" name="TestFilterDDLJobByRules" time="0.000000"></testcase>
		<testcase classname="github.com/pingcap/tidb/br/pkg/restore" name="TestScanSuccess" time="0.000000"></testcase>
		<testcase classname="github.com/pingcap/tidb/br/pkg/restore" name="TestNotLeader" time="0.000000"></testcase>
		<testcase classname="github.com/pingcap/tidb/br/pkg/restore" name="TestEpochNotMatch" time="0.000000"></testcase>
		<testcase classname="github.com/pingcap/tidb/br/pkg/restore" name="TestRegionSplit" time="0.000000"></testcase>
		<testcase classname="github.com/pingcap/tidb/br/pkg/restore" name="TestMergeRanges" time="0.000000"></testcase>
		<testcase classname="github.com/pingcap/tidb/br/pkg/restore" name="TestMergeRawKVRanges" time="0.000000"></testcase>
		<testcase classname="github.com/pingcap/tidb/br/pkg/restore" name="TestInvalidRanges" time="0.000000"></testcase>
		<testcase classname="github.com/pingcap/tidb/br/pkg/restore" name="TestSortRange" time="0.000000"></testcase>
		<testcase classname="github.com/pingcap/tidb/br/pkg/restore" name="TestRawKVBatchClient" time="0.000000"></testcase>
		<testcase classname="github.com/pingcap/tidb/br/pkg/restore" name="TestRawKVBatchClientDuplicated" time="0.000000"></testcase>
		<testcase classname="github.com/pingcap/tidb/br/pkg/restore" name="TestScatterFinishInTime" time="0.000000"></testcase>
		<testcase classname="github.com/pingcap/tidb/br/pkg/restore" name="TestSplitAndScatter/BatchScatter" time="0.000000"></testcase>
		<testcase classname="github.com/pingcap/tidb/br/pkg/restore" name="TestSplitAndScatter/BackwardCompatibility" time="6.320000"></testcase>
		<testcase classname="github.com/pingcap/tidb/br/pkg/restore" name="TestSplitAndScatter" time="6.320000"></testcase>
		<testcase classname="github.com/pingcap/tidb/br/pkg/restore" name="TestNeedSplit" time="0.000000"></testcase>
		<testcase classname="github.com/pingcap/tidb/br/pkg/restore" name="TestRegionConsistency" time="0.000000"></testcase>
		<testcase classname="github.com/pingcap/tidb/br/pkg/restore" name="TestRestoreFailed" time="0.000000"></testcase>
		<testcase classname="github.com/pingcap/tidb/br/pkg/restore" name="TestSplitFailed" time="0.000000"></testcase>
		<testcase classname="github.com/pingcap/tidb/br/pkg/restore" name="TestTruncateLog" time="0.040000"></testcase>
		<testcase classname="github.com/pingcap/tidb/br/pkg/restore" name="TestTruncateSafepoint" time="0.050000"></testcase>
		<testcase classname="github.com/pingcap/tidb/br/pkg/restore" name="TestParseQuoteName" time="0.000000"></testcase>
		<testcase classname="github.com/pingcap/tidb/br/pkg/restore" name="TestGetSSTMetaFromFile" time="0.000000"></testcase>
		<testcase classname="github.com/pingcap/tidb/br/pkg/restore" name="TestMapTableToFiles" time="0.000000"></testcase>
		<testcase classname="github.com/pingcap/tidb/br/pkg/restore" name="TestValidateFileRewriteRule" time="0.020000"></testcase>
		<testcase classname="github.com/pingcap/tidb/br/pkg/restore" name="TestPaginateScanRegion" time="30.080000"></testcase>
		<testcase classname="github.com/pingcap/tidb/br/pkg/restore" name="TestRewriteFileKeys" time="0.000000"></testcase>
		<testcase classname="github.com/pingcap/tidb/br/pkg/restore" name="FuzzMerge/seed#0" time="0.000000"></testcase>
		<testcase classname="github.com/pingcap/tidb/br/pkg/restore" name="FuzzMerge" time="0.000000"></testcase>
	</testsuite>
	<testsuite tests="3" failures="0" time="4.160000" name="github.com/pingcap/tidb/br/pkg/rtree" timestamp="2022-05-12T20:20:18+08:00">
		<properties>
			<property name="go.version" value="go1.18 darwin/arm64"></property>
		</properties>
		<testcase classname="github.com/pingcap/tidb/br/pkg/rtree" name="TestLogRanges" time="0.000000"></testcase>
		<testcase classname="github.com/pingcap/tidb/br/pkg/rtree" name="TestRangeTree" time="2.440000"></testcase>
		<testcase classname="github.com/pingcap/tidb/br/pkg/rtree" name="TestRangeIntersect" time="0.000000"></testcase>
	</testsuite>
	<testsuite tests="33" failures="0" time="39.489000" name="github.com/pingcap/tidb/br/pkg/storage" timestamp="2022-05-12T20:20:18+08:00">
		<properties>
			<property name="go.version" value="go1.18 darwin/arm64"></property>
		</properties>
		<testcase classname="github.com/pingcap/tidb/br/pkg/storage" name="TestAzblob" time="36.700000"></testcase>
		<testcase classname="github.com/pingcap/tidb/br/pkg/storage" name="TestNewAzblobStorage" time="0.000000"></testcase>
		<testcase classname="github.com/pingcap/tidb/br/pkg/storage" name="TestWithCompressReadWriteFile" time="0.000000"></testcase>
		<testcase classname="github.com/pingcap/tidb/br/pkg/storage" name="TestGCS" time="0.980000"></testcase>
		<testcase classname="github.com/pingcap/tidb/br/pkg/storage" name="TestNewGCSStorage" time="0.000000"></testcase>
		<testcase classname="github.com/pingcap/tidb/br/pkg/storage" name="TestDeleteFile" time="0.000000"></testcase>
		<testcase classname="github.com/pingcap/tidb/br/pkg/storage" name="TestWalkDirWithSoftLinkFile" time="0.000000"></testcase>
		<testcase classname="github.com/pingcap/tidb/br/pkg/storage" name="TestCreateStorage" time="0.000000"></testcase>
		<testcase classname="github.com/pingcap/tidb/br/pkg/storage" name="TestFormatBackendURL" time="0.000000"></testcase>
		<testcase classname="github.com/pingcap/tidb/br/pkg/storage" name="TestExternalFileWriter" time="0.000000"></testcase>
		<testcase classname="github.com/pingcap/tidb/br/pkg/storage" name="TestCompressReaderWriter" time="0.000000"></testcase>
		<testcase classname="github.com/pingcap/tidb/br/pkg/storage" name="TestApply" time="0.000000"></testcase>
		<testcase classname="github.com/pingcap/tidb/br/pkg/storage" name="TestApplyUpdate" time="0.000000"></testcase>
		<testcase classname="github.com/pingcap/tidb/br/pkg/storage" name="TestS3Storage" time="1.240000"></testcase>
		<testcase classname="github.com/pingcap/tidb/br/pkg/storage" name="TestS3URI" time="0.000000"></testcase>
		<testcase classname="github.com/pingcap/tidb/br/pkg/storage" name="TestS3Range" time="0.000000"></testcase>
		<testcase classname="github.com/pingcap/tidb/br/pkg/storage" name="TestWriteNoError" time="0.000000"></testcase>
		<testcase classname="github.com/pingcap/tidb/br/pkg/storage" name="TestReadNoError" time="0.000000"></testcase>
		<testcase classname="github.com/pingcap/tidb/br/pkg/storage" name="TestFileExistsNoError" time="0.000000"></testcase>
		<testcase classname="github.com/pingcap/tidb/br/pkg/storage" name="TestDeleteFileNoError" time="0.000000"></testcase>
		<testcase classname="github.com/pingcap/tidb/br/pkg/storage" name="TestDeleteFileMissing" time="0.000000"></testcase>
		<testcase classname="github.com/pingcap/tidb/br/pkg/storage" name="TestDeleteFileError" time="0.000000"></testcase>
		<testcase classname="github.com/pingcap/tidb/br/pkg/storage" name="TestFileExistsMissing" time="0.000000"></testcase>
		<testcase classname="github.com/pingcap/tidb/br/pkg/storage" name="TestWriteError" time="0.000000"></testcase>
		<testcase classname="github.com/pingcap/tidb/br/pkg/storage" name="TestReadError" time="0.000000"></testcase>
		<testcase classname="github.com/pingcap/tidb/br/pkg/storage" name="TestFileExistsError" time="0.000000"></testcase>
		<testcase classname="github.com/pingcap/tidb/br/pkg/storage" name="TestOpenAsBufio" time="0.000000"></testcase>
		<testcase classname="github.com/pingcap/tidb/br/pkg/storage" name="TestOpenReadSlowly" time="0.000000"></testcase>
		<testcase classname="github.com/pingcap/tidb/br/pkg/storage" name="TestOpenSeek" time="0.000000"></testcase>
		<testcase classname="github.com/pingcap/tidb/br/pkg/storage" name="TestS3ReaderWithRetryEOF" time="0.000000"></testcase>
		<testcase classname="github.com/pingcap/tidb/br/pkg/storage" name="TestS3ReaderWithRetryFailed" time="0.000000"></testcase>
		<testcase classname="github.com/pingcap/tidb/br/pkg/storage" name="TestWalkDir" time="0.000000"></testcase>
		<testcase classname="github.com/pingcap/tidb/br/pkg/storage" name="TestWalkDirWithEmptyPrefix" time="0.000000"></testcase>
	</testsuite>
	<testsuite tests="6" failures="0" time="3.607000" name="github.com/pingcap/tidb/br/pkg/stream" timestamp="2022-05-12T20:20:18+08:00">
		<properties>
			<property name="go.version" value="go1.18 darwin/arm64"></property>
		</properties>
		<testcase classname="github.com/pingcap/tidb/br/pkg/stream" name="TestT" time="0.000000"></testcase>
		<testcase classname="github.com/pingcap/tidb/br/pkg/stream" name="TestIntegration/TestBasic" time="0.170000"></testcase>
		<testcase classname="github.com/pingcap/tidb/br/pkg/stream" name="TestIntegration/TestForwardProgress" time="0.130000"></testcase>
		<testcase classname="github.com/pingcap/tidb/br/pkg/stream" name="TestIntegration" time="0.660000"></testcase>
		<testcase classname="github.com/pingcap/tidb/br/pkg/stream" name="TestChecking" time="0.000000"></testcase>
		<testcase classname="github.com/pingcap/tidb/br/pkg/stream" name="TestGetCheckpointOfTask" time="0.000000"></testcase>
	</testsuite>
	<testsuite tests="1" failures="0" time="0.306000" name="github.com/pingcap/tidb/br/pkg/summary" timestamp="2022-05-12T20:20:18+08:00">
		<properties>
			<property name="go.version" value="go1.18 darwin/arm64"></property>
		</properties>
		<testcase classname="github.com/pingcap/tidb/br/pkg/summary" name="TestSumDurationInt" time="0.000000"></testcase>
	</testsuite>
	<testsuite tests="9" failures="0" time="0.945000" name="github.com/pingcap/tidb/br/pkg/task" timestamp="2022-05-12T20:20:18+08:00">
		<properties>
			<property name="go.version" value="go1.18 darwin/arm64"></property>
		</properties>
		<testcase classname="github.com/pingcap/tidb/br/pkg/task" name="TestParseTSString" time="0.000000"></testcase>
		<testcase classname="github.com/pingcap/tidb/br/pkg/task" name="TestParseCompressionType" time="0.000000"></testcase>
		<testcase classname="github.com/pingcap/tidb/br/pkg/task" name="TestUrlNoQuery" time="0.000000"></testcase>
		<testcase classname="github.com/pingcap/tidb/br/pkg/task" name="TestTiDBConfigUnchanged" time="0.000000"></testcase>
		<testcase classname="github.com/pingcap/tidb/br/pkg/task" name="TestStripingPDURL" time="0.000000"></testcase>
		<testcase classname="github.com/pingcap/tidb/br/pkg/task" name="TestCheckCipherKeyMatch" time="0.000000"></testcase>
		<testcase classname="github.com/pingcap/tidb/br/pkg/task" name="TestCheckCipherKey" time="0.000000"></testcase>
		<testcase classname="github.com/pingcap/tidb/br/pkg/task" name="TestRestoreConfigAdjust" time="0.000000"></testcase>
		<testcase classname="github.com/pingcap/tidb/br/pkg/task" name="TestStreamStartChecks" time="0.000000"></testcase>
	</testsuite>
	<testsuite tests="1" failures="0" time="0.707000" name="github.com/pingcap/tidb/br/pkg/trace" timestamp="2022-05-12T20:20:18+08:00">
		<properties>
			<property name="go.version" value="go1.18 darwin/arm64"></property>
		</properties>
		<testcase classname="github.com/pingcap/tidb/br/pkg/trace" name="TestSpan" time="0.210000"></testcase>
	</testsuite>
	<testsuite tests="18" failures="0" time="122.367000" name="github.com/pingcap/tidb/br/pkg/utils" timestamp="2022-05-12T20:20:18+08:00">
		<properties>
			<property name="go.version" value="go1.18 darwin/arm64"></property>
		</properties>
		<testcase classname="github.com/pingcap/tidb/br/pkg/utils" name="TestProxyFields" time="0.000000"></testcase>
		<testcase classname="github.com/pingcap/tidb/br/pkg/utils" name="TestEncodeAndDecode" time="0.000000"></testcase>
		<testcase classname="github.com/pingcap/tidb/br/pkg/utils" name="TestParseKey" time="0.000000"></testcase>
		<testcase classname="github.com/pingcap/tidb/br/pkg/utils" name="TestCompareEndKey" time="0.000000"></testcase>
		<testcase classname="github.com/pingcap/tidb/br/pkg/utils" name="TestClampInt" time="0.000000"></testcase>
		<testcase classname="github.com/pingcap/tidb/br/pkg/utils" name="TestNextPowerOfTwo" time="0.000000"></testcase>
		<testcase classname="github.com/pingcap/tidb/br/pkg/utils" name="TestProgress" time="12.020000"></testcase>
		<testcase classname="github.com/pingcap/tidb/br/pkg/utils" name="TestLoadBackupMeta" time="0.040000"></testcase>
		<testcase classname="github.com/pingcap/tidb/br/pkg/utils" name="TestLoadBackupMetaPartionTable" time="0.020000"></testcase>
		<testcase classname="github.com/pingcap/tidb/br/pkg/utils" name="TestBackoffWithSuccess" time="0.000000"></testcase>
		<testcase classname="github.com/pingcap/tidb/br/pkg/utils" name="TestBackoffWithFatalError" time="0.000000"></testcase>
		<testcase classname="github.com/pingcap/tidb/br/pkg/utils" name="TestBackoffWithFatalRawGRPCError" time="0.000000"></testcase>
		<testcase classname="github.com/pingcap/tidb/br/pkg/utils" name="TestBackoffWithRetryableError" time="0.000000"></testcase>
		<testcase classname="github.com/pingcap/tidb/br/pkg/utils" name="TestPdBackoffWithRetryableError" time="7.260000"></testcase>
		<testcase classname="github.com/pingcap/tidb/br/pkg/utils" name="TestNewImportSSTBackofferWithSucess" time="90.210000"></testcase>
		<testcase classname="github.com/pingcap/tidb/br/pkg/utils" name="TestNewDownloadSSTBackofferWithCancel" time="10.010000"></testcase>
		<testcase classname="github.com/pingcap/tidb/br/pkg/utils" name="TestCheckGCSafepoint" time="0.000000"></testcase>
		<testcase classname="github.com/pingcap/tidb/br/pkg/utils" name="TestStartServiceSafePointKeeper" time="0.000000"></testcase>
	</testsuite>
	<testsuite tests="8" failures="0" time="2.687000" name="github.com/pingcap/tidb/br/pkg/version" timestamp="2022-05-12T20:20:18+08:00">
		<properties>
			<property name="go.version" value="go1.18 darwin/arm64"></property>
		</properties>
		<testcase classname="github.com/pingcap/tidb/br/pkg/version" name="TestCheckClusterVersion" time="0.000000"></testcase>
		<testcase classname="github.com/pingcap/tidb/br/pkg/version" name="TestCompareVersion" time="0.000000"></testcase>
		<testcase classname="github.com/pingcap/tidb/br/pkg/version" name="TestNextMajorVersion" time="0.000000"></testcase>
		<testcase classname="github.com/pingcap/tidb/br/pkg/version" name="TestExtractTiDBVersion" time="0.000000"></testcase>
		<testcase classname="github.com/pingcap/tidb/br/pkg/version" name="TestCheckVersion" time="0.000000"></testcase>
		<testcase classname="github.com/pingcap/tidb/br/pkg/version" name="TestNormalizeBackupVersion" time="0.000000"></testcase>
		<testcase classname="github.com/pingcap/tidb/br/pkg/version" name="TestDetectServerInfo" time="0.000000"></testcase>
		<testcase classname="github.com/pingcap/tidb/br/pkg/version" name="TestFetchVersion" time="0.000000"></testcase>
	</testsuite>
	<testsuite tests="2" failures="0" time="0.663000" name="github.com/pingcap/tidb/br/pkg/version/build" timestamp="2022-05-12T20:20:18+08:00">
		<properties>
			<property name="go.version" value="go1.18 darwin/arm64"></property>
		</properties>
		<testcase classname="github.com/pingcap/tidb/br/pkg/version/build" name="TestInfo" time="0.000000"></testcase>
		<testcase classname="github.com/pingcap/tidb/br/pkg/version/build" name="TestLogInfo" time="0.000000"></testcase>
	</testsuite>
	<testsuite tests="0" failures="0" time="0.000000" name="github.com/pingcap/tidb/br/tests/br_gcs" timestamp="2022-05-12T20:20:18+08:00">
		<properties>
			<property name="go.version" value="go1.18 darwin/arm64"></property>
		</properties>
	</testsuite>
	<testsuite tests="0" failures="0" time="0.000000" name="github.com/pingcap/tidb/br/tests/br_key_locked" timestamp="2022-05-12T20:20:18+08:00">
		<properties>
			<property name="go.version" value="go1.18 darwin/arm64"></property>
		</properties>
	</testsuite>
	<testsuite tests="0" failures="0" time="0.000000" name="github.com/pingcap/tidb/br/tests/br_rawkv" timestamp="2022-05-12T20:20:18+08:00">
		<properties>
			<property name="go.version" value="go1.18 darwin/arm64"></property>
		</properties>
	</testsuite>
	<testsuite tests="0" failures="0" time="0.000000" name="github.com/pingcap/tidb/br/tests/br_z_gc_safepoint" timestamp="2022-05-12T20:20:18+08:00">
		<properties>
			<property name="go.version" value="go1.18 darwin/arm64"></property>
		</properties>
	</testsuite>
	<testsuite tests="0" failures="0" time="0.000000" name="github.com/pingcap/tidb/br/tests/lightning_checkpoint_parquet" timestamp="2022-05-12T20:20:18+08:00">
		<properties>
			<property name="go.version" value="go1.18 darwin/arm64"></property>
		</properties>
	</testsuite>
</testsuites>