mode: set
github.com/pingcap/tidb/domain/topn_slow_query.go:30.45,30.67 1 1
github.com/pingcap/tidb/domain/topn_slow_query.go:31.45,31.95 1 1
github.com/pingcap/tidb/domain/topn_slow_query.go:32.45,32.92 1 1
github.com/pingcap/tidb/domain/topn_slow_query.go:34.45,36.2 1 1
github.com/pingcap/tidb/domain/topn_slow_query.go:38.43,44.2 5 1
github.com/pingcap/tidb/domain/topn_slow_query.go:46.76,49.35 2 1
github.com/pingcap/tidb/domain/topn_slow_query.go:56.2,56.24 1 1
github.com/pingcap/tidb/domain/topn_slow_query.go:61.2,62.14 2 1
github.com/pingcap/tidb/domain/topn_slow_query.go:49.35,51.29 2 1
github.com/pingcap/tidb/domain/topn_slow_query.go:51.29,54.4 2 1
github.com/pingcap/tidb/domain/topn_slow_query.go:56.24,58.3 1 1
github.com/pingcap/tidb/domain/topn_slow_query.go:65.59,71.2 2 1
github.com/pingcap/tidb/domain/topn_slow_query.go:78.55,79.26 1 1
github.com/pingcap/tidb/domain/topn_slow_query.go:84.2,84.35 1 1
github.com/pingcap/tidb/domain/topn_slow_query.go:79.26,82.3 2 1
github.com/pingcap/tidb/domain/topn_slow_query.go:87.60,89.22 1 1
github.com/pingcap/tidb/domain/topn_slow_query.go:92.2,92.33 1 1
github.com/pingcap/tidb/domain/topn_slow_query.go:89.22,91.3 1 0
github.com/pingcap/tidb/domain/topn_slow_query.go:95.67,96.23 1 1
github.com/pingcap/tidb/domain/topn_slow_query.go:99.2,100.58 2 1
github.com/pingcap/tidb/domain/topn_slow_query.go:103.2,103.12 1 1
github.com/pingcap/tidb/domain/topn_slow_query.go:96.23,98.3 1 1
github.com/pingcap/tidb/domain/topn_slow_query.go:100.58,102.3 1 1
github.com/pingcap/tidb/domain/topn_slow_query.go:124.89,136.2 6 1
github.com/pingcap/tidb/domain/topn_slow_query.go:138.55,143.19 3 1
github.com/pingcap/tidb/domain/topn_slow_query.go:150.2,150.26 1 1
github.com/pingcap/tidb/domain/topn_slow_query.go:156.2,156.40 1 1
github.com/pingcap/tidb/domain/topn_slow_query.go:143.19,145.3 1 1
github.com/pingcap/tidb/domain/topn_slow_query.go:145.8,147.3 1 1
github.com/pingcap/tidb/domain/topn_slow_query.go:150.26,153.3 2 1
github.com/pingcap/tidb/domain/topn_slow_query.go:156.40,159.3 2 1
github.com/pingcap/tidb/domain/topn_slow_query.go:162.55,164.2 1 0
github.com/pingcap/tidb/domain/topn_slow_query.go:166.56,169.2 2 1
github.com/pingcap/tidb/domain/topn_slow_query.go:184.67,186.2 1 1
github.com/pingcap/tidb/domain/topn_slow_query.go:188.87,190.14 2 1
github.com/pingcap/tidb/domain/topn_slow_query.go:203.2,203.12 1 1
github.com/pingcap/tidb/domain/topn_slow_query.go:191.31,192.28 1 1
github.com/pingcap/tidb/domain/topn_slow_query.go:193.32,194.32 1 1
github.com/pingcap/tidb/domain/topn_slow_query.go:195.27,201.30 6 1
github.com/pingcap/tidb/domain/topn_slow_query.go:206.35,212.2 4 1
github.com/pingcap/tidb/domain/binding__failpoint_binding__.go:9.13,11.2 1 1
github.com/pingcap/tidb/domain/binding__failpoint_binding__.go:12.35,14.2 1 1
github.com/pingcap/tidb/domain/domain.go:79.132,82.16 3 1
github.com/pingcap/tidb/domain/domain.go:85.2,87.16 3 1
github.com/pingcap/tidb/domain/domain.go:90.2,90.72 1 1
github.com/pingcap/tidb/domain/domain.go:95.2,95.15 1 1
github.com/pingcap/tidb/domain/domain.go:114.2,116.16 3 1
github.com/pingcap/tidb/domain/domain.go:120.2,120.8 1 1
github.com/pingcap/tidb/domain/domain.go:129.2,131.16 3 1
github.com/pingcap/tidb/domain/domain.go:135.2,136.16 2 1
github.com/pingcap/tidb/domain/domain.go:139.2,144.48 3 1
github.com/pingcap/tidb/domain/domain.go:82.16,84.3 1 0
github.com/pingcap/tidb/domain/domain.go:87.16,89.3 1 0
github.com/pingcap/tidb/domain/domain.go:90.72,92.3 1 1
github.com/pingcap/tidb/domain/domain.go:95.15,99.78 1 1
github.com/pingcap/tidb/domain/domain.go:106.3,107.17 2 1
github.com/pingcap/tidb/domain/domain.go:99.78,104.4 2 1
github.com/pingcap/tidb/domain/domain.go:107.17,111.4 1 0
github.com/pingcap/tidb/domain/domain.go:116.16,119.3 1 0
github.com/pingcap/tidb/domain/domain.go:120.8,127.3 2 0
github.com/pingcap/tidb/domain/domain.go:131.16,133.3 1 0
github.com/pingcap/tidb/domain/domain.go:136.16,138.3 1 0
github.com/pingcap/tidb/domain/domain.go:147.84,149.16 2 1
github.com/pingcap/tidb/domain/domain.go:152.2,154.42 3 1
github.com/pingcap/tidb/domain/domain.go:157.2,157.28 1 1
github.com/pingcap/tidb/domain/domain.go:163.2,163.24 1 1
github.com/pingcap/tidb/domain/domain.go:149.16,151.3 1 0
github.com/pingcap/tidb/domain/domain.go:154.42,156.3 1 1
github.com/pingcap/tidb/domain/domain.go:157.28,159.17 2 1
github.com/pingcap/tidb/domain/domain.go:159.17,161.4 1 0
github.com/pingcap/tidb/domain/domain.go:168.86,172.44 4 1
github.com/pingcap/tidb/domain/domain.go:179.2,179.17 1 1
github.com/pingcap/tidb/domain/domain.go:172.44,174.22 2 1
github.com/pingcap/tidb/domain/domain.go:177.3,177.46 1 1
github.com/pingcap/tidb/domain/domain.go:174.22,176.4 1 0
github.com/pingcap/tidb/domain/domain.go:182.98,183.29 1 1
github.com/pingcap/tidb/domain/domain.go:209.2,209.13 1 1
github.com/pingcap/tidb/domain/domain.go:183.29,184.36 1 1
github.com/pingcap/tidb/domain/domain.go:188.3,189.17 2 1
github.com/pingcap/tidb/domain/domain.go:194.3,194.60 1 1
github.com/pingcap/tidb/domain/domain.go:199.3,200.30 2 1
github.com/pingcap/tidb/domain/domain.go:184.36,186.12 1 0
github.com/pingcap/tidb/domain/domain.go:189.17,192.4 2 0
github.com/pingcap/tidb/domain/domain.go:194.60,195.34 1 1
github.com/pingcap/tidb/domain/domain.go:195.34,197.5 1 0
github.com/pingcap/tidb/domain/domain.go:200.30,201.38 1 0
github.com/pingcap/tidb/domain/domain.go:205.4,206.38 2 0
github.com/pingcap/tidb/domain/domain.go:201.38,203.13 1 0
github.com/pingcap/tidb/domain/domain.go:217.57,218.86 1 1
github.com/pingcap/tidb/domain/domain.go:221.2,221.14 1 0
github.com/pingcap/tidb/domain/domain.go:218.86,220.3 1 1
github.com/pingcap/tidb/domain/domain.go:228.106,231.45 1 1
github.com/pingcap/tidb/domain/domain.go:234.2,235.31 2 0
github.com/pingcap/tidb/domain/domain.go:247.2,249.29 3 0
github.com/pingcap/tidb/domain/domain.go:256.2,257.26 2 0
github.com/pingcap/tidb/domain/domain.go:231.45,233.3 1 1
github.com/pingcap/tidb/domain/domain.go:235.31,238.17 3 0
github.com/pingcap/tidb/domain/domain.go:241.3,241.18 1 0
github.com/pingcap/tidb/domain/domain.go:245.3,245.30 1 0
github.com/pingcap/tidb/domain/domain.go:238.17,240.4 1 0
github.com/pingcap/tidb/domain/domain.go:241.18,244.4 1 0
github.com/pingcap/tidb/domain/domain.go:249.29,251.17 2 0
github.com/pingcap/tidb/domain/domain.go:254.3,254.34 1 0
github.com/pingcap/tidb/domain/domain.go:251.17,253.4 1 0
github.com/pingcap/tidb/domain/domain.go:261.54,263.2 1 1
github.com/pingcap/tidb/domain/domain.go:266.91,270.16 3 1
github.com/pingcap/tidb/domain/domain.go:273.2,273.30 1 1
github.com/pingcap/tidb/domain/domain.go:270.16,272.3 1 0
github.com/pingcap/tidb/domain/domain.go:277.71,279.16 2 0
github.com/pingcap/tidb/domain/domain.go:282.2,282.44 1 0
github.com/pingcap/tidb/domain/domain.go:279.16,281.3 1 0
github.com/pingcap/tidb/domain/domain.go:286.33,288.2 1 1
github.com/pingcap/tidb/domain/domain.go:291.44,293.2 1 0
github.com/pingcap/tidb/domain/domain.go:296.38,298.2 1 1
github.com/pingcap/tidb/domain/domain.go:301.62,304.2 1 0
github.com/pingcap/tidb/domain/domain.go:308.34,309.70 1 1
github.com/pingcap/tidb/domain/domain.go:316.2,325.16 7 1
github.com/pingcap/tidb/domain/domain.go:329.2,331.26 3 1
github.com/pingcap/tidb/domain/domain.go:335.2,341.16 4 1
github.com/pingcap/tidb/domain/domain.go:345.2,347.14 2 1
github.com/pingcap/tidb/domain/domain.go:351.2,357.34 4 1
github.com/pingcap/tidb/domain/domain.go:361.2,361.12 1 1
github.com/pingcap/tidb/domain/domain.go:309.70,310.17 1 1
github.com/pingcap/tidb/domain/domain.go:310.17,312.4 1 1
github.com/pingcap/tidb/domain/domain.go:325.16,327.3 1 0
github.com/pingcap/tidb/domain/domain.go:331.26,333.3 1 1
github.com/pingcap/tidb/domain/domain.go:341.16,344.3 2 0
github.com/pingcap/tidb/domain/domain.go:347.14,350.3 2 1
github.com/pingcap/tidb/domain/domain.go:357.34,359.3 1 0
github.com/pingcap/tidb/domain/domain.go:365.54,368.28 3 1
github.com/pingcap/tidb/domain/domain.go:372.2,372.9 1 1
github.com/pingcap/tidb/domain/domain.go:368.28,370.3 1 0
github.com/pingcap/tidb/domain/domain.go:373.32,373.32 0 1
github.com/pingcap/tidb/domain/domain.go:374.10,374.10 0 0
github.com/pingcap/tidb/domain/domain.go:379.74,387.2 5 1
github.com/pingcap/tidb/domain/domain.go:389.39,394.6 5 1
github.com/pingcap/tidb/domain/domain.go:394.6,395.10 1 1
github.com/pingcap/tidb/domain/domain.go:396.26,397.35 1 0
github.com/pingcap/tidb/domain/domain.go:398.38,399.11 1 1
github.com/pingcap/tidb/domain/domain.go:402.4,402.29 1 1
github.com/pingcap/tidb/domain/domain.go:403.36,405.18 2 1
github.com/pingcap/tidb/domain/domain.go:413.4,413.14 1 1
github.com/pingcap/tidb/domain/domain.go:399.11,401.5 1 1
github.com/pingcap/tidb/domain/domain.go:406.25,407.65 1 1
github.com/pingcap/tidb/domain/domain.go:408.28,409.58 1 1
github.com/pingcap/tidb/domain/domain.go:410.12,411.41 1 0
github.com/pingcap/tidb/domain/domain.go:418.38,421.6 3 1
github.com/pingcap/tidb/domain/domain.go:421.6,422.10 1 1
github.com/pingcap/tidb/domain/domain.go:423.25,425.64 2 0
github.com/pingcap/tidb/domain/domain.go:428.4,428.77 1 0
github.com/pingcap/tidb/domain/domain.go:429.18,430.10 1 1
github.com/pingcap/tidb/domain/domain.go:425.64,427.5 1 0
github.com/pingcap/tidb/domain/domain.go:435.57,444.6 6 1
github.com/pingcap/tidb/domain/domain.go:444.6,445.10 1 1
github.com/pingcap/tidb/domain/domain.go:446.19,448.18 2 1
github.com/pingcap/tidb/domain/domain.go:451.44,453.18 2 1
github.com/pingcap/tidb/domain/domain.go:456.4,456.11 1 1
github.com/pingcap/tidb/domain/domain.go:461.24,472.18 4 0
github.com/pingcap/tidb/domain/domain.go:477.4,478.16 2 0
github.com/pingcap/tidb/domain/domain.go:483.4,484.72 2 0
github.com/pingcap/tidb/domain/domain.go:485.18,486.10 1 1
github.com/pingcap/tidb/domain/domain.go:448.18,450.5 1 1
github.com/pingcap/tidb/domain/domain.go:453.18,455.5 1 0
github.com/pingcap/tidb/domain/domain.go:456.11,460.5 2 0
github.com/pingcap/tidb/domain/domain.go:472.18,474.10 2 0
github.com/pingcap/tidb/domain/domain.go:478.16,482.5 2 0
github.com/pingcap/tidb/domain/domain.go:493.45,497.6 3 0
github.com/pingcap/tidb/domain/domain.go:497.6,499.17 2 0
github.com/pingcap/tidb/domain/domain.go:503.3,503.10 1 0
github.com/pingcap/tidb/domain/domain.go:508.3,509.96 2 0
github.com/pingcap/tidb/domain/domain.go:499.17,501.4 1 0
github.com/pingcap/tidb/domain/domain.go:504.18,505.14 1 0
github.com/pingcap/tidb/domain/domain.go:506.11,506.11 0 0
github.com/pingcap/tidb/domain/domain.go:515.48,516.6 1 0
github.com/pingcap/tidb/domain/domain.go:516.6,518.17 2 0
github.com/pingcap/tidb/domain/domain.go:523.3,525.10 2 0
github.com/pingcap/tidb/domain/domain.go:532.3,532.37 1 0
github.com/pingcap/tidb/domain/domain.go:518.17,521.4 2 0
github.com/pingcap/tidb/domain/domain.go:526.18,528.15 2 0
github.com/pingcap/tidb/domain/domain.go:529.11,529.11 0 0
github.com/pingcap/tidb/domain/domain.go:537.27,539.19 2 1
github.com/pingcap/tidb/domain/domain.go:542.2,542.20 1 1
github.com/pingcap/tidb/domain/domain.go:545.2,546.26 2 1
github.com/pingcap/tidb/domain/domain.go:549.2,552.110 4 1
github.com/pingcap/tidb/domain/domain.go:539.19,541.3 1 1
github.com/pingcap/tidb/domain/domain.go:542.20,544.3 1 1
github.com/pingcap/tidb/domain/domain.go:546.26,548.3 1 0
github.com/pingcap/tidb/domain/domain.go:560.50,561.16 1 1
github.com/pingcap/tidb/domain/domain.go:564.2,567.16 3 1
github.com/pingcap/tidb/domain/domain.go:571.2,571.12 1 1
github.com/pingcap/tidb/domain/domain.go:561.16,563.3 1 0
github.com/pingcap/tidb/domain/domain.go:567.16,569.3 1 0
github.com/pingcap/tidb/domain/domain.go:577.115,588.2 2 1
github.com/pingcap/tidb/domain/domain.go:591.104,593.48 2 1
github.com/pingcap/tidb/domain/domain.go:623.2,623.43 1 1
github.com/pingcap/tidb/domain/domain.go:626.2,632.16 6 1
github.com/pingcap/tidb/domain/domain.go:635.2,637.16 3 1
github.com/pingcap/tidb/domain/domain.go:640.2,641.16 2 1
github.com/pingcap/tidb/domain/domain.go:647.2,647.18 1 1
github.com/pingcap/tidb/domain/domain.go:652.2,657.12 5 1
github.com/pingcap/tidb/domain/domain.go:593.48,594.45 1 1
github.com/pingcap/tidb/domain/domain.go:594.45,610.18 3 0
github.com/pingcap/tidb/domain/domain.go:613.4,613.23 1 0
github.com/pingcap/tidb/domain/domain.go:610.18,612.5 1 0
github.com/pingcap/tidb/domain/domain.go:623.43,625.3 1 0
github.com/pingcap/tidb/domain/domain.go:632.16,634.3 1 0
github.com/pingcap/tidb/domain/domain.go:637.16,639.3 1 0
github.com/pingcap/tidb/domain/domain.go:641.16,643.3 1 0
github.com/pingcap/tidb/domain/domain.go:647.18,651.3 2 1
github.com/pingcap/tidb/domain/domain.go:669.66,674.2 1 1
github.com/pingcap/tidb/domain/domain.go:676.66,678.9 2 0
github.com/pingcap/tidb/domain/domain.go:686.2,686.8 1 0
github.com/pingcap/tidb/domain/domain.go:679.36,680.10 1 0
github.com/pingcap/tidb/domain/domain.go:683.10,684.30 1 0
github.com/pingcap/tidb/domain/domain.go:680.10,682.4 1 0
github.com/pingcap/tidb/domain/domain.go:689.52,692.17 3 0
github.com/pingcap/tidb/domain/domain.go:697.2,697.9 1 0
github.com/pingcap/tidb/domain/domain.go:692.17,695.3 2 0
github.com/pingcap/tidb/domain/domain.go:698.31,698.31 0 0
github.com/pingcap/tidb/domain/domain.go:699.10,700.19 1 0
github.com/pingcap/tidb/domain/domain.go:703.31,705.17 2 1
github.com/pingcap/tidb/domain/domain.go:709.2,713.29 4 1
github.com/pingcap/tidb/domain/domain.go:705.17,708.3 2 0
github.com/pingcap/tidb/domain/domain.go:713.29,715.3 1 0
github.com/pingcap/tidb/domain/domain.go:719.49,721.2 1 0
github.com/pingcap/tidb/domain/domain.go:724.52,726.2 1 0
github.com/pingcap/tidb/domain/domain.go:730.67,734.16 4 0
github.com/pingcap/tidb/domain/domain.go:738.2,740.26 3 0
github.com/pingcap/tidb/domain/domain.go:745.2,746.12 2 0
github.com/pingcap/tidb/domain/domain.go:778.2,778.12 1 0
github.com/pingcap/tidb/domain/domain.go:734.16,736.3 1 0
github.com/pingcap/tidb/domain/domain.go:740.26,743.3 2 0
github.com/pingcap/tidb/domain/domain.go:746.12,750.7 4 0
github.com/pingcap/tidb/domain/domain.go:750.7,752.11 2 0
github.com/pingcap/tidb/domain/domain.go:758.4,758.11 1 0
github.com/pingcap/tidb/domain/domain.go:768.4,771.18 4 0
github.com/pingcap/tidb/domain/domain.go:753.19,754.11 1 0
github.com/pingcap/tidb/domain/domain.go:755.27,755.27 0 0
github.com/pingcap/tidb/domain/domain.go:756.32,756.32 0 0
github.com/pingcap/tidb/domain/domain.go:758.11,762.19 4 0
github.com/pingcap/tidb/domain/domain.go:765.5,765.13 1 0
github.com/pingcap/tidb/domain/domain.go:762.19,764.6 1 0
github.com/pingcap/tidb/domain/domain.go:771.18,773.5 1 0
github.com/pingcap/tidb/domain/domain.go:773.10,775.5 1 0
github.com/pingcap/tidb/domain/domain.go:782.56,784.2 1 0
github.com/pingcap/tidb/domain/domain.go:787.53,789.2 1 0
github.com/pingcap/tidb/domain/domain.go:793.66,797.16 4 0
github.com/pingcap/tidb/domain/domain.go:801.2,803.12 3 0
github.com/pingcap/tidb/domain/domain.go:797.16,799.3 1 0
github.com/pingcap/tidb/domain/domain.go:806.38,809.12 3 0
github.com/pingcap/tidb/domain/domain.go:809.12,812.7 3 0
github.com/pingcap/tidb/domain/domain.go:812.7,813.11 1 0
github.com/pingcap/tidb/domain/domain.go:818.4,819.18 2 0
github.com/pingcap/tidb/domain/domain.go:814.19,815.11 1 0
github.com/pingcap/tidb/domain/domain.go:816.32,816.32 0 0
github.com/pingcap/tidb/domain/domain.go:819.18,821.5 1 0
github.com/pingcap/tidb/domain/domain.go:826.47,829.12 3 0
github.com/pingcap/tidb/domain/domain.go:829.12,832.7 3 0
github.com/pingcap/tidb/domain/domain.go:832.7,833.11 1 0
github.com/pingcap/tidb/domain/domain.go:838.4,838.41 1 0
github.com/pingcap/tidb/domain/domain.go:834.19,835.11 1 0
github.com/pingcap/tidb/domain/domain.go:836.49,836.49 0 0
github.com/pingcap/tidb/domain/domain.go:844.48,846.2 1 1
github.com/pingcap/tidb/domain/domain.go:849.61,851.2 1 0
github.com/pingcap/tidb/domain/domain.go:854.40,856.2 1 0
github.com/pingcap/tidb/domain/domain.go:859.46,860.9 1 0
github.com/pingcap/tidb/domain/domain.go:860.9,862.3 1 0
github.com/pingcap/tidb/domain/domain.go:862.8,864.3 1 0
github.com/pingcap/tidb/domain/domain.go:873.70,878.24 5 0
github.com/pingcap/tidb/domain/domain.go:881.2,885.20 5 0
github.com/pingcap/tidb/domain/domain.go:889.2,889.12 1 0
github.com/pingcap/tidb/domain/domain.go:878.24,880.3 1 0
github.com/pingcap/tidb/domain/domain.go:885.20,888.3 2 0
github.com/pingcap/tidb/domain/domain.go:892.49,896.26 4 0
github.com/pingcap/tidb/domain/domain.go:902.2,903.16 2 0
github.com/pingcap/tidb/domain/domain.go:906.2,906.19 1 0
github.com/pingcap/tidb/domain/domain.go:896.26,898.3 1 0
github.com/pingcap/tidb/domain/domain.go:898.8,900.3 1 0
github.com/pingcap/tidb/domain/domain.go:903.16,905.3 1 0
github.com/pingcap/tidb/domain/domain.go:909.82,928.16 19 1
github.com/pingcap/tidb/domain/domain.go:933.2,933.15 1 0
github.com/pingcap/tidb/domain/domain.go:937.2,937.6 1 0
github.com/pingcap/tidb/domain/domain.go:928.16,930.3 1 0
github.com/pingcap/tidb/domain/domain.go:930.8,932.3 1 0
github.com/pingcap/tidb/domain/domain.go:933.15,936.3 2 0
github.com/pingcap/tidb/domain/domain.go:937.6,938.10 1 0
github.com/pingcap/tidb/domain/domain.go:939.23,941.18 2 0
github.com/pingcap/tidb/domain/domain.go:944.18,946.10 2 0
github.com/pingcap/tidb/domain/domain.go:948.40,950.18 2 0
github.com/pingcap/tidb/domain/domain.go:953.30,955.18 2 0
github.com/pingcap/tidb/domain/domain.go:958.4,958.48 1 0
github.com/pingcap/tidb/domain/domain.go:959.32,961.18 2 0
github.com/pingcap/tidb/domain/domain.go:964.31,966.24 2 0
github.com/pingcap/tidb/domain/domain.go:969.4,970.18 2 0
github.com/pingcap/tidb/domain/domain.go:973.31,975.18 2 0
github.com/pingcap/tidb/domain/domain.go:978.26,979.24 1 0
github.com/pingcap/tidb/domain/domain.go:982.4,983.18 2 0
github.com/pingcap/tidb/domain/domain.go:941.18,943.5 1 0
github.com/pingcap/tidb/domain/domain.go:950.18,952.5 1 0
github.com/pingcap/tidb/domain/domain.go:955.18,957.5 1 0
github.com/pingcap/tidb/domain/domain.go:961.18,963.5 1 0
github.com/pingcap/tidb/domain/domain.go:966.24,967.13 1 0
github.com/pingcap/tidb/domain/domain.go:970.18,972.5 1 0
github.com/pingcap/tidb/domain/domain.go:975.18,977.5 1 0
github.com/pingcap/tidb/domain/domain.go:979.24,980.13 1 0
github.com/pingcap/tidb/domain/domain.go:983.18,985.5 1 0
github.com/pingcap/tidb/domain/domain.go:990.58,994.15 4 1
github.com/pingcap/tidb/domain/domain.go:998.2,998.6 1 0
github.com/pingcap/tidb/domain/domain.go:994.15,997.3 2 0
github.com/pingcap/tidb/domain/domain.go:998.6,999.10 1 0
github.com/pingcap/tidb/domain/domain.go:1000.26,1001.23 1 0
github.com/pingcap/tidb/domain/domain.go:1004.18,1005.10 1 0
github.com/pingcap/tidb/domain/domain.go:1001.23,1003.5 1 0
github.com/pingcap/tidb/domain/domain.go:1014.65,1015.26 1 0
github.com/pingcap/tidb/domain/domain.go:1023.2,1024.16 2 0
github.com/pingcap/tidb/domain/domain.go:1015.26,1018.17 3 0
github.com/pingcap/tidb/domain/domain.go:1018.17,1020.4 1 0
github.com/pingcap/tidb/domain/domain.go:1024.16,1026.3 1 0
github.com/pingcap/tidb/domain/domain.go:1029.50,1031.14 2 1
github.com/pingcap/tidb/domain/domain.go:1034.2,1038.10 4 1
github.com/pingcap/tidb/domain/domain.go:1031.14,1033.3 1 1
github.com/pingcap/tidb/domain/domain.go:1038.10,1042.3 2 0
github.com/pingcap/tidb/domain/domain.go:1059.13,1062.2 1 1
github.com/pingcap/tidb/domain/domainctx.go:22.40,24.2 1 1
github.com/pingcap/tidb/domain/domainctx.go:29.57,31.2 1 1
github.com/pingcap/tidb/domain/domainctx.go:34.48,36.9 2 1
github.com/pingcap/tidb/domain/domainctx.go:39.2,39.10 1 1
github.com/pingcap/tidb/domain/domainctx.go:36.9,38.3 1 1
github.com/pingcap/tidb/domain/global_vars_cache.go:38.85,44.2 5 1
github.com/pingcap/tidb/domain/global_vars_cache.go:47.96,50.60 3 1
github.com/pingcap/tidb/domain/global_vars_cache.go:54.2,55.8 2 1
github.com/pingcap/tidb/domain/global_vars_cache.go:50.60,53.3 2 1
github.com/pingcap/tidb/domain/global_vars_cache.go:59.43,64.2 4 1
github.com/pingcap/tidb/domain/global_vars_cache.go:67.61,69.2 1 1
github.com/pingcap/tidb/domain/info.go:73.69,79.2 1 1
github.com/pingcap/tidb/domain/info.go:82.55,84.2 1 1
github.com/pingcap/tidb/domain/info.go:87.51,89.2 1 0
github.com/pingcap/tidb/domain/info.go:92.94,93.43 1 0
github.com/pingcap/tidb/domain/info.go:96.2,98.16 3 0
github.com/pingcap/tidb/domain/info.go:101.2,102.9 2 0
github.com/pingcap/tidb/domain/info.go:105.2,105.18 1 0
github.com/pingcap/tidb/domain/info.go:93.43,95.3 1 0
github.com/pingcap/tidb/domain/info.go:98.16,100.3 1 0
github.com/pingcap/tidb/domain/info.go:102.9,104.3 1 0
github.com/pingcap/tidb/domain/info.go:109.93,111.23 2 0
github.com/pingcap/tidb/domain/info.go:115.2,116.16 2 0
github.com/pingcap/tidb/domain/info.go:119.2,119.21 1 0
github.com/pingcap/tidb/domain/info.go:111.23,114.3 2 0
github.com/pingcap/tidb/domain/info.go:116.16,118.3 1 0
github.com/pingcap/tidb/domain/info.go:123.66,124.23 1 0
github.com/pingcap/tidb/domain/info.go:127.2,128.16 2 0
github.com/pingcap/tidb/domain/info.go:131.2,133.12 3 0
github.com/pingcap/tidb/domain/info.go:124.23,126.3 1 0
github.com/pingcap/tidb/domain/info.go:128.16,130.3 1 0
github.com/pingcap/tidb/domain/info.go:137.42,138.23 1 1
github.com/pingcap/tidb/domain/info.go:141.2,142.16 2 0
github.com/pingcap/tidb/domain/info.go:138.23,140.3 1 1
github.com/pingcap/tidb/domain/info.go:142.16,144.3 1 0
github.com/pingcap/tidb/domain/info.go:148.45,149.23 1 1
github.com/pingcap/tidb/domain/info.go:152.2,152.26 1 0
github.com/pingcap/tidb/domain/info.go:149.23,151.3 1 1
github.com/pingcap/tidb/domain/info.go:156.58,158.2 1 0
github.com/pingcap/tidb/domain/info.go:161.93,162.23 1 1
github.com/pingcap/tidb/domain/info.go:165.2,167.16 3 0
github.com/pingcap/tidb/domain/info.go:170.2,173.12 3 0
github.com/pingcap/tidb/domain/info.go:162.23,164.3 1 1
github.com/pingcap/tidb/domain/info.go:167.16,169.3 1 0
github.com/pingcap/tidb/domain/info.go:177.169,181.32 4 0
github.com/pingcap/tidb/domain/info.go:208.2,208.31 1 0
github.com/pingcap/tidb/domain/info.go:181.32,182.10 1 0
github.com/pingcap/tidb/domain/info.go:188.3,191.17 4 0
github.com/pingcap/tidb/domain/info.go:196.3,196.31 1 0
github.com/pingcap/tidb/domain/info.go:206.3,206.22 1 0
github.com/pingcap/tidb/domain/info.go:183.21,185.19 2 0
github.com/pingcap/tidb/domain/info.go:186.11,186.11 0 0
github.com/pingcap/tidb/domain/info.go:191.17,194.12 3 0
github.com/pingcap/tidb/domain/info.go:196.31,199.18 3 0
github.com/pingcap/tidb/domain/info.go:204.4,204.27 1 0
github.com/pingcap/tidb/domain/info.go:199.18,203.5 2 0
github.com/pingcap/tidb/domain/info.go:212.43,224.2 5 1
github.com/pingcap/tidb/domain/schema_checker.go:38.92,44.2 1 1
github.com/pingcap/tidb/domain/schema_checker.go:47.51,50.49 3 1
github.com/pingcap/tidb/domain/schema_checker.go:64.2,64.29 1 1
github.com/pingcap/tidb/domain/schema_checker.go:50.49,52.17 2 1
github.com/pingcap/tidb/domain/schema_checker.go:53.19,54.14 1 1
github.com/pingcap/tidb/domain/schema_checker.go:55.19,57.31 2 1
github.com/pingcap/tidb/domain/schema_checker.go:58.22,60.59 2 1
github.com/pingcap/tidb/domain/schema_validator.go:72.62,78.2 1 1
github.com/pingcap/tidb/domain/schema_validator.go:80.44,85.2 4 1
github.com/pingcap/tidb/domain/schema_validator.go:87.34,94.2 6 1
github.com/pingcap/tidb/domain/schema_validator.go:96.37,101.2 4 1
github.com/pingcap/tidb/domain/schema_validator.go:103.35,109.2 5 1
github.com/pingcap/tidb/domain/schema_validator.go:111.103,115.18 3 1
github.com/pingcap/tidb/domain/schema_validator.go:121.2,127.23 5 1
github.com/pingcap/tidb/domain/schema_validator.go:115.18,118.3 2 0
github.com/pingcap/tidb/domain/schema_validator.go:127.23,131.3 2 1
github.com/pingcap/tidb/domain/schema_validator.go:134.70,135.39 1 1
github.com/pingcap/tidb/domain/schema_validator.go:142.2,142.14 1 1
github.com/pingcap/tidb/domain/schema_validator.go:135.39,136.48 1 1
github.com/pingcap/tidb/domain/schema_validator.go:136.48,137.29 1 1
github.com/pingcap/tidb/domain/schema_validator.go:137.29,139.5 1 1
github.com/pingcap/tidb/domain/schema_validator.go:148.88,149.34 1 1
github.com/pingcap/tidb/domain/schema_validator.go:153.2,154.49 2 1
github.com/pingcap/tidb/domain/schema_validator.go:159.2,159.35 1 1
github.com/pingcap/tidb/domain/schema_validator.go:164.2,164.14 1 1
github.com/pingcap/tidb/domain/schema_validator.go:149.34,152.3 2 1
github.com/pingcap/tidb/domain/schema_validator.go:154.49,158.3 2 1
github.com/pingcap/tidb/domain/schema_validator.go:159.35,160.56 1 1
github.com/pingcap/tidb/domain/schema_validator.go:160.56,162.4 1 1
github.com/pingcap/tidb/domain/schema_validator.go:167.76,170.67 3 1
github.com/pingcap/tidb/domain/schema_validator.go:173.2,173.16 1 1
github.com/pingcap/tidb/domain/schema_validator.go:170.67,172.3 1 1
github.com/pingcap/tidb/domain/schema_validator.go:177.101,180.18 3 1
github.com/pingcap/tidb/domain/schema_validator.go:184.2,184.18 1 1
github.com/pingcap/tidb/domain/schema_validator.go:189.2,189.35 1 1
github.com/pingcap/tidb/domain/schema_validator.go:204.2,205.35 2 1
github.com/pingcap/tidb/domain/schema_validator.go:208.2,208.19 1 1
github.com/pingcap/tidb/domain/schema_validator.go:180.18,183.3 2 1
github.com/pingcap/tidb/domain/schema_validator.go:184.18,186.3 1 0
github.com/pingcap/tidb/domain/schema_validator.go:189.35,191.32 1 1
github.com/pingcap/tidb/domain/schema_validator.go:197.3,197.59 1 1
github.com/pingcap/tidb/domain/schema_validator.go:200.3,200.20 1 1
github.com/pingcap/tidb/domain/schema_validator.go:191.32,195.4 2 1
github.com/pingcap/tidb/domain/schema_validator.go:197.59,199.4 1 1
github.com/pingcap/tidb/domain/schema_validator.go:205.35,207.3 1 1
github.com/pingcap/tidb/domain/schema_validator.go:211.81,213.54 2 1
github.com/pingcap/tidb/domain/schema_validator.go:213.54,215.3 1 0
